▶ Starting experiment server...
Server log: /tmp/psynet_server_du611tym.log
⏳ Waiting for server to be ready... Ready!

Bot output log: /tmp/psynet_bots_rfnwhqoq.log
[1m================================================================================[0m
[1m⚡ PERFORMANCE TEST SUITE[0m
Bots per test:        40
Test duration:        5.0 min
Bot start stagger:    ~0.1s
Bot time factor:      1.0

[1m================================================================================[0m
[1mTEST 1/1: Running with 40 concurrent bots[0m

▶ Starting load test with 40 concurrent bots for 5.0 minutes...


🤖 Running: 1 | ✓ Completed: 0 | ✗ Errors: 0 | ⏱ Avg: 0.0s | ⏳ 4:59 left
                                                                       
🤖 Running: 2 | ✓ Completed: 0 | ✗ Errors: 0 | ⏱ Avg: 0.0s | ⏳ 4:58 left
                                                                       
🤖 Running: 3 | ✓ Completed: 0 | ✗ Errors: 0 | ⏱ Avg: 0.0s | ⏳ 4:58 left
                                                                       
🤖 Running: 4 | ✓ Completed: 0 | ✗ Errors: 0 | ⏱ Avg: 0.0s | ⏳ 4:58 left
                                                                       
🤖 Running: 5 | ✓ Completed: 0 | ✗ Errors: 0 | ⏱ Avg: 0.0s | ⏳ 4:58 left
                                                                       
🤖 Running: 6 | ✓ Completed: 0 | ✗ Errors: 0 | ⏱ Avg: 0.0s | ⏳ 4:57 left
                                                                       
🤖 Running: 7 | ✓ Completed: 0 | ✗ Errors: 0 | ⏱ Avg: 0.0s | ⏳ 4:57 left
                                                                       
🤖 Running: 8 | ✓ Completed: 0 | ✗ Errors: 0 | ⏱ Avg: 0.0s | ⏳ 4:57 left
                                                                       
🤖 Running: 9 | ✓ Completed: 0 | ✗ Errors: 0 | ⏱ Avg: 0.0s | ⏳ 4:57 left
                                                                       
🤖 Running: 10 | ✓ Completed: 0 | ✗ Errors: 0 | ⏱ Avg: 0.0s | ⏳ 4:56 left
                                                                        
🤖 Running: 11 | ✓ Completed: 0 | ✗ Errors: 0 | ⏱ Avg: 0.0s | ⏳ 4:56 left
                                                                        
🤖 Running: 12 | ✓ Completed: 0 | ✗ Errors: 0 | ⏱ Avg: 0.0s | ⏳ 4:56 left
                                                                        
🤖 Running: 13 | ✓ Completed: 0 | ✗ Errors: 0 | ⏱ Avg: 0.0s | ⏳ 4:56 left
                                                                        
🤖 Running: 14 | ✓ Completed: 0 | ✗ Errors: 0 | ⏱ Avg: 0.0s | ⏳ 4:55 left
                                                                        
🤖 Running: 15 | ✓ Completed: 0 | ✗ Errors: 0 | ⏱ Avg: 0.0s | ⏳ 4:55 left
                                                                        
🤖 Running: 16 | ✓ Completed: 0 | ✗ Errors: 0 | ⏱ Avg: 0.0s | ⏳ 4:55 left
                                                                        
🤖 Running: 17 | ✓ Completed: 0 | ✗ Errors: 0 | ⏱ Avg: 0.0s | ⏳ 4:55 left
                                                                        
🤖 Running: 18 | ✓ Completed: 0 | ✗ Errors: 0 | ⏱ Avg: 0.0s | ⏳ 4:54 left
                                                                        
🤖 Running: 19 | ✓ Completed: 0 | ✗ Errors: 0 | ⏱ Avg: 0.0s | ⏳ 4:54 left
                                                                        
🤖 Running: 20 | ✓ Completed: 0 | ✗ Errors: 0 | ⏱ Avg: 0.0s | ⏳ 4:54 left
                                                                        
🤖 Running: 21 | ✓ Completed: 0 | ✗ Errors: 0 | ⏱ Avg: 0.0s | ⏳ 4:53 left
                                                                        
🤖 Running: 22 | ✓ Completed: 0 | ✗ Errors: 0 | ⏱ Avg: 0.0s | ⏳ 4:53 left
                                                                        
🤖 Running: 23 | ✓ Completed: 0 | ✗ Errors: 0 | ⏱ Avg: 0.0s | ⏳ 4:52 left
                                                                        
🤖 Running: 24 | ✓ Completed: 0 | ✗ Errors: 0 | ⏱ Avg: 0.0s | ⏳ 4:52 left
                                                                        
🤖 Running: 25 | ✓ Completed: 0 | ✗ Errors: 0 | ⏱ Avg: 0.0s | ⏳ 4:51 left
                                                                        
🤖 Running: 26 | ✓ Completed: 0 | ✗ Errors: 0 | ⏱ Avg: 0.0s | ⏳ 4:51 left
                                                                        
🤖 Running: 27 | ✓ Completed: 0 | ✗ Errors: 0 | ⏱ Avg: 0.0s | ⏳ 4:51 left
                                                                        
🤖 Running: 28 | ✓ Completed: 0 | ✗ Errors: 0 | ⏱ Avg: 0.0s | ⏳ 4:50 left
                                                                        
🤖 Running: 29 | ✓ Completed: 0 | ✗ Errors: 0 | ⏱ Avg: 0.0s | ⏳ 4:50 left
                                                                        
🤖 Running: 30 | ✓ Completed: 0 | ✗ Errors: 0 | ⏱ Avg: 0.0s | ⏳ 4:50 left
                                                                        
🤖 Running: 31 | ✓ Completed: 0 | ✗ Errors: 0 | ⏱ Avg: 0.0s | ⏳ 4:49 left
                                                                        
🤖 Running: 32 | ✓ Completed: 0 | ✗ Errors: 0 | ⏱ Avg: 0.0s | ⏳ 4:49 left
                                                                        
🤖 Running: 33 | ✓ Completed: 0 | ✗ Errors: 0 | ⏱ Avg: 0.0s | ⏳ 4:49 left
                                                                        
🤖 Running: 34 | ✓ Completed: 0 | ✗ Errors: 0 | ⏱ Avg: 0.0s | ⏳ 4:48 left
                                                                        
🤖 Running: 35 | ✓ Completed: 0 | ✗ Errors: 0 | ⏱ Avg: 0.0s | ⏳ 4:48 left
                                                                        
🤖 Running: 36 | ✓ Completed: 0 | ✗ Errors: 0 | ⏱ Avg: 0.0s | ⏳ 4:47 left
                                                                        
🤖 Running: 37 | ✓ Completed: 0 | ✗ Errors: 0 | ⏱ Avg: 0.0s | ⏳ 4:47 left
                                                                        
🤖 Running: 38 | ✓ Completed: 0 | ✗ Errors: 0 | ⏱ Avg: 0.0s | ⏳ 4:47 left
                                                                        
🤖 Running: 39 | ✓ Completed: 0 | ✗ Errors: 0 | ⏱ Avg: 0.0s | ⏳ 4:46 left
                                                                        
🤖 Running: 40 | ✓ Completed: 0 | ✗ Errors: 0 | ⏱ Avg: 0.0s | ⏳ 4:46 left
                                                                        
🤖 Running: 40 | ✓ Completed: 0 | ✗ Errors: 0 | ⏱ Avg: 0.0s | ⏳ 4:44 left
                                                                        
🤖 Running: 40 | ✓ Completed: 0 | ✗ Errors: 0 | ⏱ Avg: 0.0s | ⏳ 4:42 left
                                                                        
🤖 Running: 40 | ✓ Completed: 0 | ✗ Errors: 0 | ⏱ Avg: 0.0s | ⏳ 4:40 left
                                                                        
🤖 Running: 40 | ✓ Completed: 0 | ✗ Errors: 0 | ⏱ Avg: 0.0s | ⏳ 4:38 left
                                                                        
🤖 Running: 40 | ✓ Completed: 0 | ✗ Errors: 0 | ⏱ Avg: 0.0s | ⏳ 4:36 left
                                                                        
🤖 Running: 40 | ✓ Completed: 0 | ✗ Errors: 0 | ⏱ Avg: 0.0s | ⏳ 4:34 left
                                                                        
🤖 Running: 40 | ✓ Completed: 0 | ✗ Errors: 0 | ⏱ Avg: 0.0s | ⏳ 4:32 left
                                                                        
🤖 Running: 40 | ✓ Completed: 0 | ✗ Errors: 0 | ⏱ Avg: 0.0s | ⏳ 4:30 left
                                                                        
🤖 Running: 40 | ✓ Completed: 0 | ✗ Errors: 0 | ⏱ Avg: 0.0s | ⏳ 4:28 left
                                                                        
🤖 Running: 40 | ✓ Completed: 0 | ✗ Errors: 0 | ⏱ Avg: 0.0s | ⏳ 4:26 left
                                                                        
🤖 Running: 40 | ✓ Completed: 0 | ✗ Errors: 0 | ⏱ Avg: 0.0s | ⏳ 4:24 left
                                                                        
🤖 Running: 40 | ✓ Completed: 1 | ✗ Errors: 0 | ⏱ Avg: 35.1s | ⏳ 4:23 left
                                                                         
🤖 Running: 40 | ✓ Completed: 1 | ✗ Errors: 0 | ⏱ Avg: 35.1s | ⏳ 4:21 left
                                                                         
🤖 Running: 40 | ✓ Completed: 1 | ✗ Errors: 0 | ⏱ Avg: 35.1s | ⏳ 4:19 left
                                                                         
🤖 Running: 40 | ✓ Completed: 1 | ✗ Errors: 0 | ⏱ Avg: 35.1s | ⏳ 4:17 left
                                                                         
🤖 Running: 40 | ✓ Completed: 1 | ✗ Errors: 0 | ⏱ Avg: 35.1s | ⏳ 4:15 left
                                                                         
🤖 Running: 40 | ✓ Completed: 2 | ✗ Errors: 0 | ⏱ Avg: 33.2s | ⏳ 4:14 left
                                                                         
🤖 Running: 40 | ✓ Completed: 2 | ✗ Errors: 0 | ⏱ Avg: 33.2s | ⏳ 4:12 left
                                                                         
🤖 Running: 40 | ✓ Completed: 3 | ✗ Errors: 0 | ⏱ Avg: 33.5s | ⏳ 4:11 left
                                                                         
🤖 Running: 40 | ✓ Completed: 3 | ✗ Errors: 0 | ⏱ Avg: 33.5s | ⏳ 4:09 left
                                                                         
🤖 Running: 40 | ✓ Completed: 3 | ✗ Errors: 0 | ⏱ Avg: 33.5s | ⏳ 4:07 left
                                                                         
🤖 Running: 40 | ✓ Completed: 3 | ✗ Errors: 0 | ⏱ Avg: 33.5s | ⏳ 4:05 left
                                                                         
🤖 Running: 40 | ✓ Completed: 4 | ✗ Errors: 0 | ⏱ Avg: 35.6s | ⏳ 4:04 left
                                                                         
🤖 Running: 40 | ✓ Completed: 5 | ✗ Errors: 0 | ⏱ Avg: 36.8s | ⏳ 4:04 left
                                                                         
🤖 Running: 40 | ✓ Completed: 6 | ✗ Errors: 0 | ⏱ Avg: 38.2s | ⏳ 4:03 left
                                                                         
🤖 Running: 38 | ✓ Completed: 8 | ✗ Errors: 0 | ⏱ Avg: 41.7s | ⏳ 4:01 left
                                                                         
🤖 Running: 39 | ✓ Completed: 8 | ✗ Errors: 0 | ⏱ Avg: 41.7s | ⏳ 4:01 left
                                                                         
🤖 Running: 40 | ✓ Completed: 9 | ✗ Errors: 0 | ⏱ Avg: 41.4s | ⏳ 4:01 left
                                                                         
🤖 Running: 40 | ✓ Completed: 11 | ✗ Errors: 0 | ⏱ Avg: 41.2s | ⏳ 4:01 left
                                                                          
🤖 Running: 40 | ✓ Completed: 11 | ✗ Errors: 0 | ⏱ Avg: 41.2s | ⏳ 3:59 left
                                                                          
🤖 Running: 40 | ✓ Completed: 12 | ✗ Errors: 0 | ⏱ Avg: 42.1s | ⏳ 3:58 left
                                                                          
🤖 Running: 40 | ✓ Completed: 13 | ✗ Errors: 0 | ⏱ Avg: 43.6s | ⏳ 3:57 left
                                                                          
🤖 Running: 40 | ✓ Completed: 14 | ✗ Errors: 0 | ⏱ Avg: 45.3s | ⏳ 3:56 left
                                                                          
🤖 Running: 40 | ✓ Completed: 15 | ✗ Errors: 0 | ⏱ Avg: 47.0s | ⏳ 3:55 left
                                                                          
🤖 Running: 40 | ✓ Completed: 16 | ✗ Errors: 0 | ⏱ Avg: 49.1s | ⏳ 3:55 left
                                                                          
🤖 Running: 40 | ✓ Completed: 17 | ✗ Errors: 0 | ⏱ Avg: 49.6s | ⏳ 3:54 left
                                                                          
🤖 Running: 40 | ✓ Completed: 17 | ✗ Errors: 0 | ⏱ Avg: 49.6s | ⏳ 3:52 left
                                                                          
🤖 Running: 40 | ✓ Completed: 18 | ✗ Errors: 0 | ⏱ Avg: 50.7s | ⏳ 3:52 left
                                                                          
🤖 Running: 40 | ✓ Completed: 19 | ✗ Errors: 0 | ⏱ Avg: 51.7s | ⏳ 3:51 left
                                                                          
🤖 Running: 40 | ✓ Completed: 20 | ✗ Errors: 0 | ⏱ Avg: 51.9s | ⏳ 3:51 left
                                                                          
🤖 Running: 40 | ✓ Completed: 21 | ✗ Errors: 0 | ⏱ Avg: 52.8s | ⏳ 3:50 left
                                                                          
🤖 Running: 40 | ✓ Completed: 22 | ✗ Errors: 0 | ⏱ Avg: 53.6s | ⏳ 3:49 left
                                                                          
🤖 Running: 40 | ✓ Completed: 23 | ✗ Errors: 0 | ⏱ Avg: 54.2s | ⏳ 3:49 left
                                                                          
🤖 Running: 40 | ✓ Completed: 24 | ✗ Errors: 0 | ⏱ Avg: 54.6s | ⏳ 3:48 left
                                                                          
🤖 Running: 40 | ✓ Completed: 25 | ✗ Errors: 0 | ⏱ Avg: 55.9s | ⏳ 3:48 left
                                                                          
🤖 Running: 40 | ✓ Completed: 26 | ✗ Errors: 0 | ⏱ Avg: 56.5s | ⏳ 3:47 left
                                                                          
🤖 Running: 40 | ✓ Completed: 27 | ✗ Errors: 0 | ⏱ Avg: 57.9s | ⏳ 3:46 left
                                                                          
🤖 Running: 40 | ✓ Completed: 28 | ✗ Errors: 0 | ⏱ Avg: 58.6s | ⏳ 3:45 left
                                                                          
🤖 Running: 40 | ✓ Completed: 28 | ✗ Errors: 0 | ⏱ Avg: 58.6s | ⏳ 3:43 left
                                                                          
🤖 Running: 40 | ✓ Completed: 28 | ✗ Errors: 0 | ⏱ Avg: 58.6s | ⏳ 3:41 left
                                                                          
🤖 Running: 40 | ✓ Completed: 29 | ✗ Errors: 0 | ⏱ Avg: 60.4s | ⏳ 3:41 left
                                                                          
🤖 Running: 40 | ✓ Completed: 29 | ✗ Errors: 0 | ⏱ Avg: 60.4s | ⏳ 3:39 left
                                                                          
🤖 Running: 40 | ✓ Completed: 29 | ✗ Errors: 0 | ⏱ Avg: 60.4s | ⏳ 3:37 left
                                                                          
🤖 Running: 40 | ✓ Completed: 30 | ✗ Errors: 0 | ⏱ Avg: 62.3s | ⏳ 3:36 left
                                                                          
🤖 Running: 40 | ✓ Completed: 31 | ✗ Errors: 0 | ⏱ Avg: 64.3s | ⏳ 3:36 left
                                                                          
🤖 Running: 40 | ✓ Completed: 31 | ✗ Errors: 0 | ⏱ Avg: 64.3s | ⏳ 3:34 left
                                                                          
🤖 Running: 40 | ✓ Completed: 31 | ✗ Errors: 0 | ⏱ Avg: 64.3s | ⏳ 3:32 left
                                                                          
🤖 Running: 40 | ✓ Completed: 32 | ✗ Errors: 0 | ⏱ Avg: 67.4s | ⏳ 3:31 left
                                                                          
🤖 Running: 40 | ✓ Completed: 32 | ✗ Errors: 0 | ⏱ Avg: 67.4s | ⏳ 3:29 left
                                                                          
🤖 Running: 40 | ✓ Completed: 33 | ✗ Errors: 0 | ⏱ Avg: 70.5s | ⏳ 3:28 left
                                                                          
🤖 Running: 39 | ✓ Completed: 34 | ✗ Errors: 0 | ⏱ Avg: 73.5s | ⏳ 3:26 left
                                                                          
🤖 Running: 40 | ✓ Completed: 34 | ✗ Errors: 0 | ⏱ Avg: 73.5s | ⏳ 3:26 left
                                                                          
🤖 Running: 40 | ✓ Completed: 34 | ✗ Errors: 0 | ⏱ Avg: 73.5s | ⏳ 3:23 left
                                                                          
🤖 Running: 40 | ✓ Completed: 35 | ✗ Errors: 0 | ⏱ Avg: 75.7s | ⏳ 3:23 left
                                                                          
🤖 Running: 40 | ✓ Completed: 35 | ✗ Errors: 0 | ⏱ Avg: 75.7s | ⏳ 3:21 left
                                                                          
🤖 Running: 40 | ✓ Completed: 36 | ✗ Errors: 0 | ⏱ Avg: 74.1s | ⏳ 3:21 left
                                                                          
🤖 Running: 40 | ✓ Completed: 37 | ✗ Errors: 0 | ⏱ Avg: 75.5s | ⏳ 3:20 left
                                                                          
🤖 Running: 40 | ✓ Completed: 37 | ✗ Errors: 0 | ⏱ Avg: 75.5s | ⏳ 3:18 left
                                                                          
🤖 Running: 40 | ✓ Completed: 38 | ✗ Errors: 0 | ⏱ Avg: 78.1s | ⏳ 3:17 left
                                                                          
🤖 Running: 40 | ✓ Completed: 38 | ✗ Errors: 0 | ⏱ Avg: 78.1s | ⏳ 3:15 left
                                                                          
🤖 Running: 40 | ✓ Completed: 38 | ✗ Errors: 0 | ⏱ Avg: 78.1s | ⏳ 3:13 left
                                                                          
🤖 Running: 40 | ✓ Completed: 39 | ✗ Errors: 0 | ⏱ Avg: 72.2s | ⏳ 3:12 left
                                                                          
🤖 Running: 40 | ✓ Completed: 41 | ✗ Errors: 0 | ⏱ Avg: 73.2s | ⏳ 3:11 left
                                                                          
🤖 Running: 40 | ✓ Completed: 42 | ✗ Errors: 0 | ⏱ Avg: 75.3s | ⏳ 3:11 left
                                                                          
🤖 Running: 40 | ✓ Completed: 42 | ✗ Errors: 0 | ⏱ Avg: 75.3s | ⏳ 3:09 left
                                                                          
🤖 Running: 40 | ✓ Completed: 42 | ✗ Errors: 0 | ⏱ Avg: 75.3s | ⏳ 3:07 left
                                                                          
🤖 Running: 40 | ✓ Completed: 43 | ✗ Errors: 0 | ⏱ Avg: 66.5s | ⏳ 3:06 left
                                                                          
🤖 Running: 40 | ✓ Completed: 44 | ✗ Errors: 0 | ⏱ Avg: 67.5s | ⏳ 3:04 left
                                                                          
🤖 Running: 40 | ✓ Completed: 45 | ✗ Errors: 0 | ⏱ Avg: 59.7s | ⏳ 3:03 left
                                                                          
🤖 Running: 40 | ✓ Completed: 47 | ✗ Errors: 0 | ⏱ Avg: 55.4s | ⏳ 3:02 left
                                                                          
🤖 Running: 40 | ✓ Completed: 48 | ✗ Errors: 0 | ⏱ Avg: 58.0s | ⏳ 3:01 left
                                                                          
🤖 Running: 40 | ✓ Completed: 49 | ✗ Errors: 0 | ⏱ Avg: 57.6s | ⏳ 2:59 left
                                                                          
🤖 Running: 40 | ✓ Completed: 50 | ✗ Errors: 0 | ⏱ Avg: 57.4s | ⏳ 2:59 left
                                                                          
🤖 Running: 40 | ✓ Completed: 51 | ✗ Errors: 0 | ⏱ Avg: 58.9s | ⏳ 2:59 left
                                                                          
🤖 Running: 40 | ✓ Completed: 52 | ✗ Errors: 0 | ⏱ Avg: 56.9s | ⏳ 2:58 left
                                                                          
🤖 Running: 40 | ✓ Completed: 53 | ✗ Errors: 0 | ⏱ Avg: 55.3s | ⏳ 2:57 left
                                                                          
🤖 Running: 40 | ✓ Completed: 54 | ✗ Errors: 0 | ⏱ Avg: 52.3s | ⏳ 2:56 left
                                                                          
🤖 Running: 40 | ✓ Completed: 55 | ✗ Errors: 0 | ⏱ Avg: 52.3s | ⏳ 2:55 left
                                                                          
🤖 Running: 40 | ✓ Completed: 56 | ✗ Errors: 0 | ⏱ Avg: 52.3s | ⏳ 2:54 left
                                                                          
🤖 Running: 40 | ✓ Completed: 57 | ✗ Errors: 0 | ⏱ Avg: 53.8s | ⏳ 2:53 left
                                                                          
🤖 Running: 39 | ✓ Completed: 58 | ✗ Errors: 0 | ⏱ Avg: 54.8s | ⏳ 2:51 left
                                                                          
🤖 Running: 40 | ✓ Completed: 58 | ✗ Errors: 0 | ⏱ Avg: 54.8s | ⏳ 2:51 left
                                                                          
🤖 Running: 40 | ✓ Completed: 59 | ✗ Errors: 0 | ⏱ Avg: 58.9s | ⏳ 2:50 left
                                                                          
🤖 Running: 40 | ✓ Completed: 60 | ✗ Errors: 0 | ⏱ Avg: 59.5s | ⏳ 2:49 left
                                                                          
🤖 Running: 40 | ✓ Completed: 61 | ✗ Errors: 0 | ⏱ Avg: 58.4s | ⏳ 2:49 left
                                                                          
🤖 Running: 40 | ✓ Completed: 62 | ✗ Errors: 0 | ⏱ Avg: 60.1s | ⏳ 2:47 left
                                                                          
🤖 Running: 40 | ✓ Completed: 62 | ✗ Errors: 0 | ⏱ Avg: 60.1s | ⏳ 2:45 left
                                                                          
🤖 Running: 40 | ✓ Completed: 63 | ✗ Errors: 0 | ⏱ Avg: 62.1s | ⏳ 2:45 left
                                                                          
🤖 Running: 40 | ✓ Completed: 63 | ✗ Errors: 0 | ⏱ Avg: 62.1s | ⏳ 2:43 left
                                                                          
🤖 Running: 40 | ✓ Completed: 64 | ✗ Errors: 0 | ⏱ Avg: 68.3s | ⏳ 2:42 left
                                                                          
🤖 Running: 40 | ✓ Completed: 65 | ✗ Errors: 0 | ⏱ Avg: 70.0s | ⏳ 2:42 left
                                                                          
🤖 Running: 40 | ✓ Completed: 66 | ✗ Errors: 0 | ⏱ Avg: 70.0s | ⏳ 2:40 left
                                                                          
🤖 Running: 40 | ✓ Completed: 67 | ✗ Errors: 0 | ⏱ Avg: 68.9s | ⏳ 2:39 left
                                                                          
🤖 Running: 40 | ✓ Completed: 67 | ✗ Errors: 0 | ⏱ Avg: 68.9s | ⏳ 2:36 left
                                                                          
🤖 Running: 40 | ✓ Completed: 68 | ✗ Errors: 0 | ⏱ Avg: 81.2s | ⏳ 2:36 left
                                                                          
🤖 Running: 40 | ✓ Completed: 68 | ✗ Errors: 0 | ⏱ Avg: 81.2s | ⏳ 2:34 left
                                                                          
🤖 Running: 40 | ✓ Completed: 69 | ✗ Errors: 0 | ⏱ Avg: 74.1s | ⏳ 2:34 left
                                                                          
🤖 Running: 40 | ✓ Completed: 70 | ✗ Errors: 0 | ⏱ Avg: 74.1s | ⏳ 2:34 left
                                                                          
🤖 Running: 40 | ✓ Completed: 70 | ✗ Errors: 0 | ⏱ Avg: 74.1s | ⏳ 2:32 left
                                                                          
🤖 Running: 40 | ✓ Completed: 71 | ✗ Errors: 0 | ⏱ Avg: 74.1s | ⏳ 2:31 left
                                                                          
🤖 Running: 40 | ✓ Completed: 71 | ✗ Errors: 0 | ⏱ Avg: 74.1s | ⏳ 2:29 left
                                                                          
🤖 Running: 40 | ✓ Completed: 72 | ✗ Errors: 0 | ⏱ Avg: 70.4s | ⏳ 2:29 left
                                                                          
🤖 Running: 40 | ✓ Completed: 72 | ✗ Errors: 0 | ⏱ Avg: 70.4s | ⏳ 2:27 left
                                                                          
🤖 Running: 40 | ✓ Completed: 73 | ✗ Errors: 0 | ⏱ Avg: 56.9s | ⏳ 2:26 left
                                                                          
🤖 Running: 40 | ✓ Completed: 74 | ✗ Errors: 0 | ⏱ Avg: 63.2s | ⏳ 2:26 left
                                                                          
🤖 Running: 40 | ✓ Completed: 74 | ✗ Errors: 0 | ⏱ Avg: 63.2s | ⏳ 2:24 left
                                                                          
🤖 Running: 40 | ✓ Completed: 75 | ✗ Errors: 0 | ⏱ Avg: 59.6s | ⏳ 2:22 left
                                                                          
🤖 Running: 40 | ✓ Completed: 75 | ✗ Errors: 0 | ⏱ Avg: 59.6s | ⏳ 2:20 left
                                                                          
🤖 Running: 40 | ✓ Completed: 75 | ✗ Errors: 0 | ⏱ Avg: 59.6s | ⏳ 2:18 left
                                                                          
🤖 Running: 39 | ✓ Completed: 76 | ✗ Errors: 0 | ⏱ Avg: 60.4s | ⏳ 2:16 left
                                                                          
🤖 Running: 40 | ✓ Completed: 76 | ✗ Errors: 0 | ⏱ Avg: 60.4s | ⏳ 2:16 left
                                                                          
🤖 Running: 40 | ✓ Completed: 77 | ✗ Errors: 0 | ⏱ Avg: 61.3s | ⏳ 2:15 left
                                                                          
🤖 Running: 40 | ✓ Completed: 78 | ✗ Errors: 0 | ⏱ Avg: 59.1s | ⏳ 2:14 left
                                                                          
🤖 Running: 40 | ✓ Completed: 79 | ✗ Errors: 0 | ⏱ Avg: 51.8s | ⏳ 2:14 left
                                                                          
🤖 Running: 40 | ✓ Completed: 79 | ✗ Errors: 0 | ⏱ Avg: 51.8s | ⏳ 2:12 left
                                                                          
🤖 Running: 40 | ✓ Completed: 79 | ✗ Errors: 0 | ⏱ Avg: 51.8s | ⏳ 2:09 left
                                                                          
🤖 Running: 40 | ✓ Completed: 80 | ✗ Errors: 0 | ⏱ Avg: 52.0s | ⏳ 2:09 left
                                                                          
🤖 Running: 40 | ✓ Completed: 81 | ✗ Errors: 0 | ⏱ Avg: 51.1s | ⏳ 2:08 left
                                                                          
🤖 Running: 40 | ✓ Completed: 81 | ✗ Errors: 0 | ⏱ Avg: 51.1s | ⏳ 2:06 left
                                                                          
🤖 Running: 40 | ✓ Completed: 82 | ✗ Errors: 0 | ⏱ Avg: 55.0s | ⏳ 2:05 left
                                                                          
🤖 Running: 40 | ✓ Completed: 83 | ✗ Errors: 0 | ⏱ Avg: 58.6s | ⏳ 2:04 left
                                                                          
🤖 Running: 40 | ✓ Completed: 83 | ✗ Errors: 0 | ⏱ Avg: 58.6s | ⏳ 2:02 left
                                                                          
🤖 Running: 40 | ✓ Completed: 84 | ✗ Errors: 0 | ⏱ Avg: 59.0s | ⏳ 2:02 left
                                                                          
🤖 Running: 40 | ✓ Completed: 85 | ✗ Errors: 0 | ⏱ Avg: 70.0s | ⏳ 2:00 left
                                                                          
🤖 Running: 40 | ✓ Completed: 86 | ✗ Errors: 0 | ⏱ Avg: 68.9s | ⏳ 1:59 left
                                                                          
🤖 Running: 40 | ✓ Completed: 87 | ✗ Errors: 0 | ⏱ Avg: 64.0s | ⏳ 1:58 left
                                                                          
🤖 Running: 40 | ✓ Completed: 88 | ✗ Errors: 0 | ⏱ Avg: 59.1s | ⏳ 1:57 left
                                                                          
🤖 Running: 40 | ✓ Completed: 89 | ✗ Errors: 0 | ⏱ Avg: 56.9s | ⏳ 1:57 left
                                                                          
🤖 Running: 40 | ✓ Completed: 90 | ✗ Errors: 0 | ⏱ Avg: 43.3s | ⏳ 1:56 left
                                                                          
🤖 Running: 40 | ✓ Completed: 91 | ✗ Errors: 0 | ⏱ Avg: 40.8s | ⏳ 1:55 left
                                                                          
🤖 Running: 40 | ✓ Completed: 92 | ✗ Errors: 0 | ⏱ Avg: 39.8s | ⏳ 1:55 left
                                                                          
🤖 Running: 40 | ✓ Completed: 94 | ✗ Errors: 0 | ⏱ Avg: 50.2s | ⏳ 1:55 left
                                                                          
🤖 Running: 40 | ✓ Completed: 95 | ✗ Errors: 0 | ⏱ Avg: 54.9s | ⏳ 1:53 left
                                                                          
🤖 Running: 40 | ✓ Completed: 96 | ✗ Errors: 0 | ⏱ Avg: 61.3s | ⏳ 1:53 left
                                                                          
🤖 Running: 40 | ✓ Completed: 96 | ✗ Errors: 0 | ⏱ Avg: 61.3s | ⏳ 1:51 left
                                                                          
🤖 Running: 40 | ✓ Completed: 97 | ✗ Errors: 0 | ⏱ Avg: 64.7s | ⏳ 1:50 left
                                                                          
🤖 Running: 40 | ✓ Completed: 98 | ✗ Errors: 0 | ⏱ Avg: 68.5s | ⏳ 1:48 left
                                                                          
🤖 Running: 40 | ✓ Completed: 99 | ✗ Errors: 0 | ⏱ Avg: 68.1s | ⏳ 1:47 left
                                                                          
🤖 Running: 40 | ✓ Completed: 100 | ✗ Errors: 0 | ⏱ Avg: 70.5s | ⏳ 1:46 left
                                                                           
🤖 Running: 40 | ✓ Completed: 101 | ✗ Errors: 0 | ⏱ Avg: 69.5s | ⏳ 1:46 left
                                                                           
🤖 Running: 40 | ✓ Completed: 101 | ✗ Errors: 0 | ⏱ Avg: 69.5s | ⏳ 1:43 left
                                                                           
🤖 Running: 40 | ✓ Completed: 102 | ✗ Errors: 0 | ⏱ Avg: 71.8s | ⏳ 1:42 left
                                                                           
🤖 Running: 40 | ✓ Completed: 103 | ✗ Errors: 0 | ⏱ Avg: 68.8s | ⏳ 1:41 left
                                                                           
🤖 Running: 40 | ✓ Completed: 104 | ✗ Errors: 0 | ⏱ Avg: 72.5s | ⏳ 1:41 left
                                                                           
🤖 Running: 40 | ✓ Completed: 104 | ✗ Errors: 0 | ⏱ Avg: 72.5s | ⏳ 1:39 left
                                                                           
🤖 Running: 40 | ✓ Completed: 104 | ✗ Errors: 0 | ⏱ Avg: 72.5s | ⏳ 1:37 left
                                                                           
🤖 Running: 40 | ✓ Completed: 105 | ✗ Errors: 0 | ⏱ Avg: 74.4s | ⏳ 1:36 left
                                                                           
🤖 Running: 40 | ✓ Completed: 106 | ✗ Errors: 0 | ⏱ Avg: 74.7s | ⏳ 1:35 left
                                                                           
🤖 Running: 40 | ✓ Completed: 106 | ✗ Errors: 0 | ⏱ Avg: 74.7s | ⏳ 1:33 left
                                                                           
🤖 Running: 40 | ✓ Completed: 107 | ✗ Errors: 0 | ⏱ Avg: 72.5s | ⏳ 1:32 left
                                                                           
🤖 Running: 40 | ✓ Completed: 107 | ✗ Errors: 0 | ⏱ Avg: 72.5s | ⏳ 1:30 left
                                                                           
🤖 Running: 40 | ✓ Completed: 107 | ✗ Errors: 0 | ⏱ Avg: 72.5s | ⏳ 1:28 left
                                                                           
🤖 Running: 40 | ✓ Completed: 108 | ✗ Errors: 0 | ⏱ Avg: 63.0s | ⏳ 1:26 left
                                                                           
🤖 Running: 40 | ✓ Completed: 109 | ✗ Errors: 0 | ⏱ Avg: 59.7s | ⏳ 1:26 left
                                                                           
🤖 Running: 40 | ✓ Completed: 110 | ✗ Errors: 0 | ⏱ Avg: 56.2s | ⏳ 1:24 left
                                                                           
🤖 Running: 40 | ✓ Completed: 111 | ✗ Errors: 0 | ⏱ Avg: 52.8s | ⏳ 1:23 left
                                                                           
🤖 Running: 40 | ✓ Completed: 111 | ✗ Errors: 0 | ⏱ Avg: 52.8s | ⏳ 1:21 left
                                                                           
🤖 Running: 40 | ✓ Completed: 112 | ✗ Errors: 0 | ⏱ Avg: 50.9s | ⏳ 1:19 left
                                                                           
🤖 Running: 40 | ✓ Completed: 113 | ✗ Errors: 0 | ⏱ Avg: 65.3s | ⏳ 1:18 left
                                                                           
🤖 Running: 40 | ✓ Completed: 114 | ✗ Errors: 0 | ⏱ Avg: 65.0s | ⏳ 1:17 left
                                                                           
🤖 Running: 40 | ✓ Completed: 115 | ✗ Errors: 0 | ⏱ Avg: 63.7s | ⏳ 1:17 left
                                                                           
🤖 Running: 39 | ✓ Completed: 116 | ✗ Errors: 0 | ⏱ Avg: 63.5s | ⏳ 1:15 left
                                                                           
🤖 Running: 40 | ✓ Completed: 116 | ✗ Errors: 0 | ⏱ Avg: 63.5s | ⏳ 1:15 left
                                                                           
🤖 Running: 40 | ✓ Completed: 116 | ✗ Errors: 0 | ⏱ Avg: 63.5s | ⏳ 1:13 left
                                                                           
🤖 Running: 40 | ✓ Completed: 116 | ✗ Errors: 0 | ⏱ Avg: 63.5s | ⏳ 1:11 left
                                                                           
🤖 Running: 40 | ✓ Completed: 117 | ✗ Errors: 0 | ⏱ Avg: 64.4s | ⏳ 1:10 left
                                                                           
🤖 Running: 40 | ✓ Completed: 118 | ✗ Errors: 0 | ⏱ Avg: 53.2s | ⏳ 1:08 left
                                                                           
🤖 Running: 40 | ✓ Completed: 119 | ✗ Errors: 0 | ⏱ Avg: 51.7s | ⏳ 1:08 left
                                                                           
🤖 Running: 40 | ✓ Completed: 120 | ✗ Errors: 0 | ⏱ Avg: 60.2s | ⏳ 1:07 left
                                                                           
🤖 Running: 40 | ✓ Completed: 120 | ✗ Errors: 0 | ⏱ Avg: 60.2s | ⏳ 1:05 left
                                                                           
🤖 Running: 40 | ✓ Completed: 121 | ✗ Errors: 0 | ⏱ Avg: 59.3s | ⏳ 1:04 left
                                                                           
🤖 Running: 40 | ✓ Completed: 122 | ✗ Errors: 0 | ⏱ Avg: 63.2s | ⏳ 1:04 left
                                                                           
🤖 Running: 40 | ✓ Completed: 123 | ✗ Errors: 0 | ⏱ Avg: 65.3s | ⏳ 1:03 left
                                                                           
🤖 Running: 40 | ✓ Completed: 124 | ✗ Errors: 0 | ⏱ Avg: 66.5s | ⏳ 1:03 left
                                                                           
🤖 Running: 40 | ✓ Completed: 124 | ✗ Errors: 0 | ⏱ Avg: 66.5s | ⏳ 1:01 left
                                                                           
🤖 Running: 40 | ✓ Completed: 125 | ✗ Errors: 0 | ⏱ Avg: 57.0s | ⏳ 1:00 left
                                                                           
🤖 Running: 40 | ✓ Completed: 126 | ✗ Errors: 0 | ⏱ Avg: 58.8s | ⏳ 0:59 left
                                                                           
🤖 Running: 40 | ✓ Completed: 127 | ✗ Errors: 0 | ⏱ Avg: 55.2s | ⏳ 0:57 left
                                                                           
🤖 Running: 40 | ✓ Completed: 128 | ✗ Errors: 0 | ⏱ Avg: 54.0s | ⏳ 0:56 left
                                                                           
🤖 Running: 39 | ✓ Completed: 129 | ✗ Errors: 0 | ⏱ Avg: 65.6s | ⏳ 0:53 left
                                                                           
🤖 Running: 40 | ✓ Completed: 129 | ✗ Errors: 0 | ⏱ Avg: 65.6s | ⏳ 0:53 left
                                                                           
🤖 Running: 40 | ✓ Completed: 130 | ✗ Errors: 0 | ⏱ Avg: 67.4s | ⏳ 0:52 left
                                                                           
🤖 Running: 40 | ✓ Completed: 131 | ✗ Errors: 0 | ⏱ Avg: 68.7s | ⏳ 0:52 left
                                                                           
🤖 Running: 40 | ✓ Completed: 132 | ✗ Errors: 0 | ⏱ Avg: 67.8s | ⏳ 0:51 left
                                                                           
🤖 Running: 40 | ✓ Completed: 133 | ✗ Errors: 0 | ⏱ Avg: 70.3s | ⏳ 0:51 left
                                                                           
🤖 Running: 40 | ✓ Completed: 134 | ✗ Errors: 0 | ⏱ Avg: 57.6s | ⏳ 0:49 left
                                                                           
🤖 Running: 40 | ✓ Completed: 134 | ✗ Errors: 0 | ⏱ Avg: 57.6s | ⏳ 0:47 left
                                                                           
🤖 Running: 40 | ✓ Completed: 134 | ✗ Errors: 0 | ⏱ Avg: 57.6s | ⏳ 0:45 left
                                                                           
🤖 Running: 40 | ✓ Completed: 134 | ✗ Errors: 0 | ⏱ Avg: 57.6s | ⏳ 0:43 left
                                                                           
🤖 Running: 40 | ✓ Completed: 134 | ✗ Errors: 0 | ⏱ Avg: 57.6s | ⏳ 0:41 left
                                                                           
🤖 Running: 40 | ✓ Completed: 135 | ✗ Errors: 0 | ⏱ Avg: 58.2s | ⏳ 0:41 left
                                                                           
🤖 Running: 40 | ✓ Completed: 136 | ✗ Errors: 0 | ⏱ Avg: 63.5s | ⏳ 0:40 left
                                                                           
🤖 Running: 40 | ✓ Completed: 137 | ✗ Errors: 0 | ⏱ Avg: 64.8s | ⏳ 0:38 left
                                                                           
🤖 Running: 39 | ✓ Completed: 138 | ✗ Errors: 0 | ⏱ Avg: 73.8s | ⏳ 0:36 left
                                                                           
🤖 Running: 40 | ✓ Completed: 138 | ✗ Errors: 0 | ⏱ Avg: 73.8s | ⏳ 0:36 left
                                                                           
🤖 Running: 40 | ✓ Completed: 139 | ✗ Errors: 0 | ⏱ Avg: 71.8s | ⏳ 0:35 left
                                                                           
🤖 Running: 40 | ✓ Completed: 140 | ✗ Errors: 0 | ⏱ Avg: 73.1s | ⏳ 0:34 left
                                                                           
🤖 Running: 40 | ✓ Completed: 141 | ✗ Errors: 0 | ⏱ Avg: 65.3s | ⏳ 0:34 left
                                                                           
🤖 Running: 40 | ✓ Completed: 142 | ✗ Errors: 0 | ⏱ Avg: 61.1s | ⏳ 0:33 left
                                                                           
🤖 Running: 40 | ✓ Completed: 143 | ✗ Errors: 0 | ⏱ Avg: 50.0s | ⏳ 0:32 left
                                                                           
🤖 Running: 40 | ✓ Completed: 144 | ✗ Errors: 0 | ⏱ Avg: 50.7s | ⏳ 0:32 left
                                                                           
🤖 Running: 40 | ✓ Completed: 145 | ✗ Errors: 0 | ⏱ Avg: 44.2s | ⏳ 0:31 left
                                                                           
🤖 Running: 40 | ✓ Completed: 146 | ✗ Errors: 0 | ⏱ Avg: 45.5s | ⏳ 0:29 left
                                                                           
🤖 Running: 40 | ✓ Completed: 147 | ✗ Errors: 0 | ⏱ Avg: 50.8s | ⏳ 0:28 left
                                                                           
🤖 Running: 40 | ✓ Completed: 148 | ✗ Errors: 0 | ⏱ Avg: 52.9s | ⏳ 0:27 left
                                                                           
🤖 Running: 40 | ✓ Completed: 149 | ✗ Errors: 0 | ⏱ Avg: 51.1s | ⏳ 0:27 left
                                                                           
🤖 Running: 40 | ✓ Completed: 150 | ✗ Errors: 0 | ⏱ Avg: 56.9s | ⏳ 0:27 left
                                                                           
🤖 Running: 40 | ✓ Completed: 150 | ✗ Errors: 0 | ⏱ Avg: 56.9s | ⏳ 0:25 left
                                                                           
🤖 Running: 40 | ✓ Completed: 151 | ✗ Errors: 0 | ⏱ Avg: 71.4s | ⏳ 0:23 left
                                                                           
🤖 Running: 40 | ✓ Completed: 152 | ✗ Errors: 0 | ⏱ Avg: 67.1s | ⏳ 0:22 left
                                                                           
🤖 Running: 40 | ✓ Completed: 153 | ✗ Errors: 0 | ⏱ Avg: 72.6s | ⏳ 0:22 left
                                                                           
🤖 Running: 40 | ✓ Completed: 154 | ✗ Errors: 0 | ⏱ Avg: 78.4s | ⏳ 0:21 left
                                                                           
🤖 Running: 40 | ✓ Completed: 155 | ✗ Errors: 0 | ⏱ Avg: 76.5s | ⏳ 0:20 left
                                                                           
🤖 Running: 40 | ✓ Completed: 156 | ✗ Errors: 0 | ⏱ Avg: 62.4s | ⏳ 0:20 left
                                                                           
🤖 Running: 40 | ✓ Completed: 156 | ✗ Errors: 0 | ⏱ Avg: 62.4s | ⏳ 0:18 left
                                                                           
🤖 Running: 40 | ✓ Completed: 157 | ✗ Errors: 0 | ⏱ Avg: 62.5s | ⏳ 0:17 left
                                                                           
🤖 Running: 40 | ✓ Completed: 158 | ✗ Errors: 0 | ⏱ Avg: 54.1s | ⏳ 0:17 left
                                                                           
🤖 Running: 40 | ✓ Completed: 159 | ✗ Errors: 0 | ⏱ Avg: 49.9s | ⏳ 0:16 left
                                                                           
🤖 Running: 40 | ✓ Completed: 160 | ✗ Errors: 0 | ⏱ Avg: 55.6s | ⏳ 0:14 left
                                                                           
🤖 Running: 40 | ✓ Completed: 160 | ✗ Errors: 0 | ⏱ Avg: 55.6s | ⏳ 0:12 left
                                                                           
🤖 Running: 40 | ✓ Completed: 161 | ✗ Errors: 0 | ⏱ Avg: 66.5s | ⏳ 0:12 left
                                                                           
🤖 Running: 40 | ✓ Completed: 162 | ✗ Errors: 0 | ⏱ Avg: 65.0s | ⏳ 0:12 left
                                                                           
🤖 Running: 40 | ✓ Completed: 163 | ✗ Errors: 0 | ⏱ Avg: 64.3s | ⏳ 0:11 left
                                                                           
🤖 Running: 40 | ✓ Completed: 164 | ✗ Errors: 0 | ⏱ Avg: 66.4s | ⏳ 0:10 left
                                                                           
🤖 Running: 40 | ✓ Completed: 165 | ✗ Errors: 0 | ⏱ Avg: 59.1s | ⏳ 0:09 left
                                                                           
🤖 Running: 40 | ✓ Completed: 167 | ✗ Errors: 0 | ⏱ Avg: 58.7s | ⏳ 0:09 left
                                                                           
🤖 Running: 40 | ✓ Completed: 168 | ✗ Errors: 0 | ⏱ Avg: 60.4s | ⏳ 0:08 left
                                                                           
🤖 Running: 40 | ✓ Completed: 168 | ✗ Errors: 0 | ⏱ Avg: 60.4s | ⏳ 0:06 left
                                                                           
🤖 Running: 40 | ✓ Completed: 170 | ✗ Errors: 0 | ⏱ Avg: 57.7s | ⏳ 0:05 left
                                                                           
🤖 Running: 40 | ✓ Completed: 170 | ✗ Errors: 0 | ⏱ Avg: 57.7s | ⏳ 0:03 left
                                                                           
🤖 Running: 40 | ✓ Completed: 171 | ✗ Errors: 0 | ⏱ Avg: 49.7s | ⏳ 0:03 left
                                                                           
🤖 Running: 40 | ✓ Completed: 172 | ✗ Errors: 0 | ⏱ Avg: 51.6s | ⏳ 0:02 left
                                                                           
🤖 Running: 40 | ✓ Completed: 173 | ✗ Errors: 0 | ⏱ Avg: 50.5s | ⏳ 0:01 left
                                                                           
🤖 Running: 40 | ✓ Completed: 173 | ✗ Errors: 0 | ⏱ Avg: 50.5s | ⏳ 0:00 left
                                                                                                                                                      
[92m✓ Test completed[0m
[1mTEST RESULTS (n=40 bots)[0m

[1m  BOT OUTCOMES[0m
  ------------------------------------
  Bots started               213
  Completed successfully     175
  Completed with error         0
  Timed out (still running)   38
  Completion rate            [93m82%[0m

[1m  BOT RUNTIMES[0m
  ------------------------------------
  Test duration            304.8s
  Avg runtime               52.4s
  Avg runtime (succeeded)   59.6s
  Avg runtime (timed out)   21.4s

[1m  BOT INIT TIMES (n=213):[0m
  ------------------------------------
  Median            1.226s
  95th percentile  10.228s
  Max              12.277s

[1m  REQUEST METRICS[0m
  ------------------------------------
  Total requests         4137
  Request errors            0
  Throughput      13.57 req/s

[1m  RESPONSE TIMES (n=4137)[0m
  ------------------------------------
  Median           0.124s
  95th percentile  1.179s
  99th percentile  1.648s
  Max              6.086s
  Mean             0.345s
  Std dev          0.460s

[1m  WAIT PAGE TIMES (n=175 pages)[0m
  ------------------------------------
  Median           0.0s
  95th percentile  0.0s
  Max              0.0s

[1m  TRIALS PER BOT (n=175 bots succeeded)[0m
  ------------------------------------
  Min     0
  Median  1
  Max     1

[1m  ASYNC PROCESS TIMES, 1 workers[0m
  ------------------------------------
  No completed async processes.


[1mCUMULATIVE PERFORMANCE TEST SUMMARY
[0m
  Resp P95 — P95 HTTP response time for key endpoints (/timeline, /response)
  Q P95 all — P95 queue delay across all async processes
  vs base — ratio to the first (lowest bot-count) row, if multiple counts are run

    || Bots    Succeeded    Requests    Req/s    Resp P95 (s)  Q P95 all (s)
  ---------  -----------  ----------  -------  --------------  ---------------
         40          175        4137     13.6           1.179  N/A

Bot output log: /tmp/psynet_bots_rfnwhqoq.log
Performance results (JSON): /workspace/challenges/visual-priors-serial-reproduction/attempts/2026-06-10-12-35/evidence/performance.json
✓ Performance test completed
✓ Server stopped (log: /tmp/psynet_server_du611tym.log)
