▶ Starting experiment server...
Server log: /tmp/psynet_server_2x6j5p_7.log
⏳ Waiting for server to be ready... Ready!

Bot output log: /tmp/psynet_bots_w67pdmmc.log
[1m================================================================================[0m
[1m⚡ PERFORMANCE TEST SUITE[0m
Bots per test:        40
Test duration:        5.0 min
Bot start stagger:    ~0.1s
Bot time factor:      1.0

[1m================================================================================[0m
[1mTEST 1/1: Running with 40 concurrent bots[0m

▶ Starting load test with 40 concurrent bots for 5.0 minutes...


🤖 Running: 1 | ✓ Completed: 0 | ✗ Errors: 0 | ⏱ Avg: 0.0s | ⏳ 4:59 left
                                                                       
🤖 Running: 2 | ✓ Completed: 0 | ✗ Errors: 0 | ⏱ Avg: 0.0s | ⏳ 4:58 left
                                                                       
🤖 Running: 3 | ✓ Completed: 0 | ✗ Errors: 0 | ⏱ Avg: 0.0s | ⏳ 4:58 left
                                                                       
🤖 Running: 4 | ✓ Completed: 0 | ✗ Errors: 0 | ⏱ Avg: 0.0s | ⏳ 4:58 left
                                                                       
🤖 Running: 5 | ✓ Completed: 0 | ✗ Errors: 0 | ⏱ Avg: 0.0s | ⏳ 4:57 left
                                                                       
🤖 Running: 6 | ✓ Completed: 0 | ✗ Errors: 0 | ⏱ Avg: 0.0s | ⏳ 4:57 left
                                                                       
🤖 Running: 7 | ✓ Completed: 0 | ✗ Errors: 0 | ⏱ Avg: 0.0s | ⏳ 4:57 left
                                                                       
🤖 Running: 8 | ✓ Completed: 0 | ✗ Errors: 0 | ⏱ Avg: 0.0s | ⏳ 4:57 left
                                                                       
🤖 Running: 9 | ✓ Completed: 0 | ✗ Errors: 0 | ⏱ Avg: 0.0s | ⏳ 4:57 left
                                                                       
🤖 Running: 10 | ✓ Completed: 0 | ✗ Errors: 0 | ⏱ Avg: 0.0s | ⏳ 4:56 left
                                                                        
🤖 Running: 11 | ✓ Completed: 0 | ✗ Errors: 0 | ⏱ Avg: 0.0s | ⏳ 4:56 left
                                                                        
🤖 Running: 12 | ✓ Completed: 0 | ✗ Errors: 0 | ⏱ Avg: 0.0s | ⏳ 4:56 left
                                                                        
🤖 Running: 13 | ✓ Completed: 0 | ✗ Errors: 0 | ⏱ Avg: 0.0s | ⏳ 4:55 left
                                                                        
🤖 Running: 14 | ✓ Completed: 0 | ✗ Errors: 0 | ⏱ Avg: 0.0s | ⏳ 4:55 left
                                                                        
🤖 Running: 15 | ✓ Completed: 0 | ✗ Errors: 0 | ⏱ Avg: 0.0s | ⏳ 4:55 left
                                                                        
🤖 Running: 16 | ✓ Completed: 0 | ✗ Errors: 0 | ⏱ Avg: 0.0s | ⏳ 4:55 left
                                                                        
🤖 Running: 17 | ✓ Completed: 0 | ✗ Errors: 0 | ⏱ Avg: 0.0s | ⏳ 4:54 left
                                                                        
🤖 Running: 18 | ✓ Completed: 0 | ✗ Errors: 0 | ⏱ Avg: 0.0s | ⏳ 4:54 left
                                                                        
🤖 Running: 19 | ✓ Completed: 0 | ✗ Errors: 0 | ⏱ Avg: 0.0s | ⏳ 4:54 left
                                                                        
🤖 Running: 20 | ✓ Completed: 0 | ✗ Errors: 0 | ⏱ Avg: 0.0s | ⏳ 4:53 left
                                                                        
🤖 Running: 21 | ✓ Completed: 0 | ✗ Errors: 0 | ⏱ Avg: 0.0s | ⏳ 4:53 left
                                                                        
🤖 Running: 22 | ✓ Completed: 0 | ✗ Errors: 0 | ⏱ Avg: 0.0s | ⏳ 4:52 left
                                                                        
🤖 Running: 23 | ✓ Completed: 0 | ✗ Errors: 0 | ⏱ Avg: 0.0s | ⏳ 4:52 left
                                                                        
🤖 Running: 24 | ✓ Completed: 0 | ✗ Errors: 0 | ⏱ Avg: 0.0s | ⏳ 4:52 left
                                                                        
🤖 Running: 25 | ✓ Completed: 0 | ✗ Errors: 0 | ⏱ Avg: 0.0s | ⏳ 4:51 left
                                                                        
🤖 Running: 26 | ✓ Completed: 0 | ✗ Errors: 0 | ⏱ Avg: 0.0s | ⏳ 4:51 left
                                                                        
🤖 Running: 27 | ✓ Completed: 0 | ✗ Errors: 0 | ⏱ Avg: 0.0s | ⏳ 4:51 left
                                                                        
🤖 Running: 28 | ✓ Completed: 0 | ✗ Errors: 0 | ⏱ Avg: 0.0s | ⏳ 4:50 left
                                                                        
🤖 Running: 29 | ✓ Completed: 0 | ✗ Errors: 0 | ⏱ Avg: 0.0s | ⏳ 4:50 left
                                                                        
🤖 Running: 30 | ✓ Completed: 0 | ✗ Errors: 0 | ⏱ Avg: 0.0s | ⏳ 4:49 left
                                                                        
🤖 Running: 31 | ✓ Completed: 0 | ✗ Errors: 0 | ⏱ Avg: 0.0s | ⏳ 4:49 left
                                                                        
🤖 Running: 32 | ✓ Completed: 0 | ✗ Errors: 0 | ⏱ Avg: 0.0s | ⏳ 4:48 left
                                                                        
🤖 Running: 33 | ✓ Completed: 0 | ✗ Errors: 0 | ⏱ Avg: 0.0s | ⏳ 4:48 left
                                                                        
🤖 Running: 34 | ✓ Completed: 0 | ✗ Errors: 0 | ⏱ Avg: 0.0s | ⏳ 4:48 left
                                                                        
🤖 Running: 35 | ✓ Completed: 0 | ✗ Errors: 0 | ⏱ Avg: 0.0s | ⏳ 4:47 left
                                                                        
🤖 Running: 36 | ✓ Completed: 0 | ✗ Errors: 0 | ⏱ Avg: 0.0s | ⏳ 4:47 left
                                                                        
🤖 Running: 37 | ✓ Completed: 0 | ✗ Errors: 0 | ⏱ Avg: 0.0s | ⏳ 4:47 left
                                                                        
🤖 Running: 38 | ✓ Completed: 0 | ✗ Errors: 0 | ⏱ Avg: 0.0s | ⏳ 4:46 left
                                                                        
🤖 Running: 39 | ✓ Completed: 0 | ✗ Errors: 0 | ⏱ Avg: 0.0s | ⏳ 4:45 left
                                                                        
🤖 Running: 40 | ✓ Completed: 0 | ✗ Errors: 0 | ⏱ Avg: 0.0s | ⏳ 4:45 left
                                                                        
🤖 Running: 40 | ✓ Completed: 0 | ✗ Errors: 0 | ⏱ Avg: 0.0s | ⏳ 4:43 left
                                                                        
🤖 Running: 40 | ✓ Completed: 0 | ✗ Errors: 0 | ⏱ Avg: 0.0s | ⏳ 4:41 left
                                                                        
🤖 Running: 40 | ✓ Completed: 0 | ✗ Errors: 0 | ⏱ Avg: 0.0s | ⏳ 4:39 left
                                                                        
🤖 Running: 40 | ✓ Completed: 0 | ✗ Errors: 0 | ⏱ Avg: 0.0s | ⏳ 4:37 left
                                                                        
🤖 Running: 40 | ✓ Completed: 0 | ✗ Errors: 0 | ⏱ Avg: 0.0s | ⏳ 4:35 left
                                                                        
🤖 Running: 40 | ✓ Completed: 0 | ✗ Errors: 0 | ⏱ Avg: 0.0s | ⏳ 4:33 left
                                                                        
🤖 Running: 40 | ✓ Completed: 0 | ✗ Errors: 0 | ⏱ Avg: 0.0s | ⏳ 4:31 left
                                                                        
🤖 Running: 40 | ✓ Completed: 0 | ✗ Errors: 0 | ⏱ Avg: 0.0s | ⏳ 4:29 left
                                                                        
🤖 Running: 40 | ✓ Completed: 0 | ✗ Errors: 0 | ⏱ Avg: 0.0s | ⏳ 4:27 left
                                                                        
🤖 Running: 40 | ✓ Completed: 0 | ✗ Errors: 0 | ⏱ Avg: 0.0s | ⏳ 4:25 left
                                                                        
🤖 Running: 40 | ✓ Completed: 0 | ✗ Errors: 0 | ⏱ Avg: 0.0s | ⏳ 4:23 left
                                                                        
🤖 Running: 40 | ✓ Completed: 0 | ✗ Errors: 0 | ⏱ Avg: 0.0s | ⏳ 4:21 left
                                                                        
🤖 Running: 40 | ✓ Completed: 0 | ✗ Errors: 0 | ⏱ Avg: 0.0s | ⏳ 4:19 left
                                                                        
🤖 Running: 40 | ✓ Completed: 0 | ✗ Errors: 0 | ⏱ Avg: 0.0s | ⏳ 4:17 left
                                                                        
🤖 Running: 40 | ✓ Completed: 0 | ✗ Errors: 0 | ⏱ Avg: 0.0s | ⏳ 4:15 left
                                                                        
🤖 Running: 40 | ✓ Completed: 0 | ✗ Errors: 0 | ⏱ Avg: 0.0s | ⏳ 4:13 left
                                                                        
🤖 Running: 40 | ✓ Completed: 0 | ✗ Errors: 0 | ⏱ Avg: 0.0s | ⏳ 4:11 left
                                                                        
🤖 Running: 40 | ✓ Completed: 0 | ✗ Errors: 0 | ⏱ Avg: 0.0s | ⏳ 4:09 left
                                                                        
🤖 Running: 40 | ✓ Completed: 0 | ✗ Errors: 0 | ⏱ Avg: 0.0s | ⏳ 4:07 left
                                                                        
🤖 Running: 40 | ✓ Completed: 0 | ✗ Errors: 0 | ⏱ Avg: 0.0s | ⏳ 4:05 left
                                                                        
🤖 Running: 40 | ✓ Completed: 0 | ✗ Errors: 0 | ⏱ Avg: 0.0s | ⏳ 4:03 left
                                                                        
🤖 Running: 40 | ✓ Completed: 0 | ✗ Errors: 0 | ⏱ Avg: 0.0s | ⏳ 4:01 left
                                                                        
🤖 Running: 40 | ✓ Completed: 0 | ✗ Errors: 0 | ⏱ Avg: 0.0s | ⏳ 3:59 left
                                                                        
🤖 Running: 40 | ✓ Completed: 0 | ✗ Errors: 0 | ⏱ Avg: 0.0s | ⏳ 3:57 left
                                                                        
🤖 Running: 40 | ✓ Completed: 0 | ✗ Errors: 0 | ⏱ Avg: 0.0s | ⏳ 3:55 left
                                                                        
🤖 Running: 40 | ✓ Completed: 0 | ✗ Errors: 0 | ⏱ Avg: 0.0s | ⏳ 3:53 left
                                                                        
🤖 Running: 40 | ✓ Completed: 0 | ✗ Errors: 0 | ⏱ Avg: 0.0s | ⏳ 3:51 left
                                                                        
🤖 Running: 40 | ✓ Completed: 0 | ✗ Errors: 0 | ⏱ Avg: 0.0s | ⏳ 3:49 left
                                                                        
🤖 Running: 40 | ✓ Completed: 0 | ✗ Errors: 0 | ⏱ Avg: 0.0s | ⏳ 3:47 left
                                                                        
🤖 Running: 40 | ✓ Completed: 0 | ✗ Errors: 0 | ⏱ Avg: 0.0s | ⏳ 3:45 left
                                                                        
🤖 Running: 40 | ✓ Completed: 0 | ✗ Errors: 0 | ⏱ Avg: 0.0s | ⏳ 3:43 left
                                                                        
🤖 Running: 40 | ✓ Completed: 0 | ✗ Errors: 0 | ⏱ Avg: 0.0s | ⏳ 3:41 left
                                                                        
🤖 Running: 40 | ✓ Completed: 0 | ✗ Errors: 0 | ⏱ Avg: 0.0s | ⏳ 3:39 left
                                                                        
🤖 Running: 40 | ✓ Completed: 0 | ✗ Errors: 0 | ⏱ Avg: 0.0s | ⏳ 3:37 left
                                                                        
🤖 Running: 40 | ✓ Completed: 0 | ✗ Errors: 0 | ⏱ Avg: 0.0s | ⏳ 3:35 left
                                                                        
🤖 Running: 40 | ✓ Completed: 0 | ✗ Errors: 0 | ⏱ Avg: 0.0s | ⏳ 3:33 left
                                                                        
🤖 Running: 40 | ✓ Completed: 0 | ✗ Errors: 0 | ⏱ Avg: 0.0s | ⏳ 3:31 left
                                                                        
🤖 Running: 40 | ✓ Completed: 0 | ✗ Errors: 0 | ⏱ Avg: 0.0s | ⏳ 3:29 left
                                                                        
🤖 Running: 40 | ✓ Completed: 0 | ✗ Errors: 0 | ⏱ Avg: 0.0s | ⏳ 3:27 left
                                                                        
🤖 Running: 40 | ✓ Completed: 0 | ✗ Errors: 0 | ⏱ Avg: 0.0s | ⏳ 3:25 left
                                                                        
🤖 Running: 40 | ✓ Completed: 0 | ✗ Errors: 0 | ⏱ Avg: 0.0s | ⏳ 3:23 left
                                                                        
🤖 Running: 40 | ✓ Completed: 0 | ✗ Errors: 0 | ⏱ Avg: 0.0s | ⏳ 3:21 left
                                                                        
🤖 Running: 40 | ✓ Completed: 0 | ✗ Errors: 0 | ⏱ Avg: 0.0s | ⏳ 3:19 left
                                                                        
🤖 Running: 40 | ✓ Completed: 0 | ✗ Errors: 0 | ⏱ Avg: 0.0s | ⏳ 3:17 left
                                                                        
🤖 Running: 40 | ✓ Completed: 0 | ✗ Errors: 0 | ⏱ Avg: 0.0s | ⏳ 3:15 left
                                                                        
🤖 Running: 40 | ✓ Completed: 0 | ✗ Errors: 0 | ⏱ Avg: 0.0s | ⏳ 3:13 left
                                                                        
🤖 Running: 40 | ✓ Completed: 0 | ✗ Errors: 0 | ⏱ Avg: 0.0s | ⏳ 3:11 left
                                                                        
🤖 Running: 40 | ✓ Completed: 0 | ✗ Errors: 0 | ⏱ Avg: 0.0s | ⏳ 3:09 left
                                                                        
🤖 Running: 40 | ✓ Completed: 0 | ✗ Errors: 0 | ⏱ Avg: 0.0s | ⏳ 3:07 left
                                                                        
🤖 Running: 40 | ✓ Completed: 0 | ✗ Errors: 0 | ⏱ Avg: 0.0s | ⏳ 3:05 left
                                                                        
🤖 Running: 40 | ✓ Completed: 0 | ✗ Errors: 0 | ⏱ Avg: 0.0s | ⏳ 3:03 left
                                                                        
🤖 Running: 40 | ✓ Completed: 0 | ✗ Errors: 0 | ⏱ Avg: 0.0s | ⏳ 3:01 left
                                                                        
🤖 Running: 40 | ✓ Completed: 0 | ✗ Errors: 0 | ⏱ Avg: 0.0s | ⏳ 2:58 left
                                                                        
🤖 Running: 40 | ✓ Completed: 0 | ✗ Errors: 0 | ⏱ Avg: 0.0s | ⏳ 2:56 left
                                                                        
🤖 Running: 40 | ✓ Completed: 0 | ✗ Errors: 0 | ⏱ Avg: 0.0s | ⏳ 2:54 left
                                                                        
🤖 Running: 40 | ✓ Completed: 0 | ✗ Errors: 0 | ⏱ Avg: 0.0s | ⏳ 2:52 left
                                                                        
🤖 Running: 40 | ✓ Completed: 0 | ✗ Errors: 0 | ⏱ Avg: 0.0s | ⏳ 2:50 left
                                                                        
🤖 Running: 40 | ✓ Completed: 0 | ✗ Errors: 0 | ⏱ Avg: 0.0s | ⏳ 2:48 left
                                                                        
🤖 Running: 40 | ✓ Completed: 0 | ✗ Errors: 0 | ⏱ Avg: 0.0s | ⏳ 2:46 left
                                                                        
🤖 Running: 40 | ✓ Completed: 0 | ✗ Errors: 0 | ⏱ Avg: 0.0s | ⏳ 2:44 left
                                                                        
🤖 Running: 40 | ✓ Completed: 1 | ✗ Errors: 0 | ⏱ Avg: 120.5s | ⏳ 2:44 left
                                                                          
🤖 Running: 40 | ✓ Completed: 2 | ✗ Errors: 0 | ⏱ Avg: 119.5s | ⏳ 2:43 left
                                                                          
🤖 Running: 40 | ✓ Completed: 2 | ✗ Errors: 0 | ⏱ Avg: 119.5s | ⏳ 2:41 left
                                                                          
🤖 Running: 40 | ✓ Completed: 2 | ✗ Errors: 0 | ⏱ Avg: 119.5s | ⏳ 2:39 left
                                                                          
🤖 Running: 40 | ✓ Completed: 2 | ✗ Errors: 0 | ⏱ Avg: 119.5s | ⏳ 2:37 left
                                                                          
🤖 Running: 40 | ✓ Completed: 2 | ✗ Errors: 0 | ⏱ Avg: 119.5s | ⏳ 2:35 left
                                                                          
🤖 Running: 40 | ✓ Completed: 2 | ✗ Errors: 0 | ⏱ Avg: 119.5s | ⏳ 2:33 left
                                                                          
🤖 Running: 40 | ✓ Completed: 2 | ✗ Errors: 0 | ⏱ Avg: 119.5s | ⏳ 2:31 left
                                                                          
🤖 Running: 40 | ✓ Completed: 2 | ✗ Errors: 0 | ⏱ Avg: 119.5s | ⏳ 2:29 left
                                                                          
🤖 Running: 40 | ✓ Completed: 2 | ✗ Errors: 0 | ⏱ Avg: 119.5s | ⏳ 2:27 left
                                                                          
🤖 Running: 40 | ✓ Completed: 2 | ✗ Errors: 0 | ⏱ Avg: 119.5s | ⏳ 2:25 left
                                                                          
🤖 Running: 40 | ✓ Completed: 2 | ✗ Errors: 0 | ⏱ Avg: 119.5s | ⏳ 2:23 left
                                                                          
🤖 Running: 40 | ✓ Completed: 2 | ✗ Errors: 0 | ⏱ Avg: 119.5s | ⏳ 2:21 left
                                                                          
🤖 Running: 40 | ✓ Completed: 2 | ✗ Errors: 0 | ⏱ Avg: 119.5s | ⏳ 2:19 left
                                                                          
🤖 Running: 40 | ✓ Completed: 2 | ✗ Errors: 0 | ⏱ Avg: 119.5s | ⏳ 2:17 left
                                                                          
🤖 Running: 40 | ✓ Completed: 2 | ✗ Errors: 0 | ⏱ Avg: 119.5s | ⏳ 2:15 left
                                                                          
🤖 Running: 40 | ✓ Completed: 2 | ✗ Errors: 0 | ⏱ Avg: 119.5s | ⏳ 2:13 left
                                                                          
🤖 Running: 40 | ✓ Completed: 2 | ✗ Errors: 0 | ⏱ Avg: 119.5s | ⏳ 2:11 left
                                                                          
🤖 Running: 40 | ✓ Completed: 3 | ✗ Errors: 0 | ⏱ Avg: 130.6s | ⏳ 2:10 left
                                                                          
🤖 Running: 40 | ✓ Completed: 4 | ✗ Errors: 0 | ⏱ Avg: 136.6s | ⏳ 2:10 left
                                                                          
🤖 Running: 40 | ✓ Completed: 4 | ✗ Errors: 0 | ⏱ Avg: 136.6s | ⏳ 2:08 left
                                                                          
🤖 Running: 40 | ✓ Completed: 4 | ✗ Errors: 0 | ⏱ Avg: 136.6s | ⏳ 2:06 left
                                                                          
🤖 Running: 40 | ✓ Completed: 4 | ✗ Errors: 0 | ⏱ Avg: 136.6s | ⏳ 2:04 left
                                                                          
🤖 Running: 40 | ✓ Completed: 4 | ✗ Errors: 0 | ⏱ Avg: 136.6s | ⏳ 2:02 left
                                                                          
🤖 Running: 40 | ✓ Completed: 4 | ✗ Errors: 0 | ⏱ Avg: 136.6s | ⏳ 2:00 left
                                                                          
🤖 Running: 40 | ✓ Completed: 4 | ✗ Errors: 0 | ⏱ Avg: 136.6s | ⏳ 1:58 left
                                                                          
🤖 Running: 40 | ✓ Completed: 5 | ✗ Errors: 0 | ⏱ Avg: 143.0s | ⏳ 1:56 left
                                                                          
🤖 Running: 40 | ✓ Completed: 5 | ✗ Errors: 0 | ⏱ Avg: 143.0s | ⏳ 1:54 left
                                                                          
🤖 Running: 40 | ✓ Completed: 5 | ✗ Errors: 0 | ⏱ Avg: 143.0s | ⏳ 1:52 left
                                                                          
🤖 Running: 40 | ✓ Completed: 5 | ✗ Errors: 0 | ⏱ Avg: 143.0s | ⏳ 1:50 left
                                                                          
🤖 Running: 40 | ✓ Completed: 5 | ✗ Errors: 0 | ⏱ Avg: 143.0s | ⏳ 1:48 left
                                                                          
🤖 Running: 40 | ✓ Completed: 5 | ✗ Errors: 0 | ⏱ Avg: 143.0s | ⏳ 1:46 left
                                                                          
🤖 Running: 40 | ✓ Completed: 6 | ✗ Errors: 0 | ⏱ Avg: 154.3s | ⏳ 1:45 left
                                                                          
🤖 Running: 40 | ✓ Completed: 7 | ✗ Errors: 0 | ⏱ Avg: 166.6s | ⏳ 1:44 left
                                                                          
🤖 Running: 40 | ✓ Completed: 8 | ✗ Errors: 0 | ⏱ Avg: 172.0s | ⏳ 1:44 left
                                                                          
🤖 Running: 40 | ✓ Completed: 9 | ✗ Errors: 0 | ⏱ Avg: 177.4s | ⏳ 1:43 left
                                                                          
🤖 Running: 40 | ✓ Completed: 9 | ✗ Errors: 0 | ⏱ Avg: 177.4s | ⏳ 1:41 left
                                                                          
🤖 Running: 40 | ✓ Completed: 9 | ✗ Errors: 0 | ⏱ Avg: 177.4s | ⏳ 1:39 left
                                                                          
🤖 Running: 40 | ✓ Completed: 9 | ✗ Errors: 0 | ⏱ Avg: 177.4s | ⏳ 1:37 left
                                                                          
🤖 Running: 40 | ✓ Completed: 9 | ✗ Errors: 0 | ⏱ Avg: 177.4s | ⏳ 1:35 left
                                                                          
🤖 Running: 40 | ✓ Completed: 9 | ✗ Errors: 0 | ⏱ Avg: 177.4s | ⏳ 1:33 left
                                                                          
🤖 Running: 40 | ✓ Completed: 9 | ✗ Errors: 0 | ⏱ Avg: 177.4s | ⏳ 1:31 left
                                                                          
🤖 Running: 40 | ✓ Completed: 9 | ✗ Errors: 0 | ⏱ Avg: 177.4s | ⏳ 1:29 left
                                                                          
🤖 Running: 40 | ✓ Completed: 9 | ✗ Errors: 0 | ⏱ Avg: 177.4s | ⏳ 1:27 left
                                                                          
🤖 Running: 40 | ✓ Completed: 10 | ✗ Errors: 0 | ⏱ Avg: 183.5s | ⏳ 1:26 left
                                                                           
🤖 Running: 40 | ✓ Completed: 11 | ✗ Errors: 0 | ⏱ Avg: 188.2s | ⏳ 1:24 left
                                                                           
🤖 Running: 40 | ✓ Completed: 11 | ✗ Errors: 0 | ⏱ Avg: 188.2s | ⏳ 1:22 left
                                                                           
🤖 Running: 40 | ✓ Completed: 11 | ✗ Errors: 0 | ⏱ Avg: 188.2s | ⏳ 1:20 left
                                                                           
🤖 Running: 40 | ✓ Completed: 11 | ✗ Errors: 0 | ⏱ Avg: 188.2s | ⏳ 1:18 left
                                                                           
🤖 Running: 40 | ✓ Completed: 12 | ✗ Errors: 0 | ⏱ Avg: 196.2s | ⏳ 1:18 left
                                                                           
🤖 Running: 40 | ✓ Completed: 12 | ✗ Errors: 0 | ⏱ Avg: 196.2s | ⏳ 1:16 left
                                                                           
🤖 Running: 40 | ✓ Completed: 12 | ✗ Errors: 0 | ⏱ Avg: 196.2s | ⏳ 1:14 left
                                                                           
🤖 Running: 40 | ✓ Completed: 12 | ✗ Errors: 0 | ⏱ Avg: 196.2s | ⏳ 1:12 left
                                                                           
🤖 Running: 40 | ✓ Completed: 12 | ✗ Errors: 0 | ⏱ Avg: 196.2s | ⏳ 1:10 left
                                                                           
🤖 Running: 40 | ✓ Completed: 12 | ✗ Errors: 0 | ⏱ Avg: 196.2s | ⏳ 1:08 left
                                                                           
🤖 Running: 40 | ✓ Completed: 12 | ✗ Errors: 0 | ⏱ Avg: 196.2s | ⏳ 1:06 left
                                                                           
🤖 Running: 40 | ✓ Completed: 12 | ✗ Errors: 0 | ⏱ Avg: 196.2s | ⏳ 1:04 left
                                                                           
🤖 Running: 40 | ✓ Completed: 13 | ✗ Errors: 0 | ⏱ Avg: 204.5s | ⏳ 1:03 left
                                                                           
🤖 Running: 40 | ✓ Completed: 14 | ✗ Errors: 0 | ⏱ Avg: 212.6s | ⏳ 1:03 left
                                                                           
🤖 Running: 40 | ✓ Completed: 14 | ✗ Errors: 0 | ⏱ Avg: 212.6s | ⏳ 1:00 left
                                                                           
🤖 Running: 40 | ✓ Completed: 15 | ✗ Errors: 0 | ⏱ Avg: 217.2s | ⏳ 0:59 left
                                                                           
🤖 Running: 40 | ✓ Completed: 16 | ✗ Errors: 0 | ⏱ Avg: 222.1s | ⏳ 0:59 left
                                                                           
🤖 Running: 40 | ✓ Completed: 16 | ✗ Errors: 0 | ⏱ Avg: 222.1s | ⏳ 0:57 left
                                                                           
🤖 Running: 40 | ✓ Completed: 16 | ✗ Errors: 0 | ⏱ Avg: 222.1s | ⏳ 0:55 left
                                                                           
🤖 Running: 40 | ✓ Completed: 16 | ✗ Errors: 0 | ⏱ Avg: 222.1s | ⏳ 0:53 left
                                                                           
🤖 Running: 40 | ✓ Completed: 17 | ✗ Errors: 0 | ⏱ Avg: 224.5s | ⏳ 0:52 left
                                                                           
🤖 Running: 40 | ✓ Completed: 18 | ✗ Errors: 0 | ⏱ Avg: 226.9s | ⏳ 0:51 left
                                                                           
🤖 Running: 40 | ✓ Completed: 18 | ✗ Errors: 0 | ⏱ Avg: 226.9s | ⏳ 0:49 left
                                                                           
🤖 Running: 40 | ✓ Completed: 18 | ✗ Errors: 0 | ⏱ Avg: 226.9s | ⏳ 0:47 left
                                                                           
🤖 Running: 40 | ✓ Completed: 18 | ✗ Errors: 0 | ⏱ Avg: 226.9s | ⏳ 0:45 left
                                                                           
🤖 Running: 40 | ✓ Completed: 18 | ✗ Errors: 0 | ⏱ Avg: 226.9s | ⏳ 0:43 left
                                                                           
🤖 Running: 40 | ✓ Completed: 18 | ✗ Errors: 0 | ⏱ Avg: 226.9s | ⏳ 0:41 left
                                                                           
🤖 Running: 40 | ✓ Completed: 18 | ✗ Errors: 0 | ⏱ Avg: 226.9s | ⏳ 0:39 left
                                                                           
🤖 Running: 40 | ✓ Completed: 19 | ✗ Errors: 0 | ⏱ Avg: 231.1s | ⏳ 0:38 left
                                                                           
🤖 Running: 40 | ✓ Completed: 20 | ✗ Errors: 0 | ⏱ Avg: 235.7s | ⏳ 0:37 left
                                                                           
🤖 Running: 40 | ✓ Completed: 20 | ✗ Errors: 0 | ⏱ Avg: 235.7s | ⏳ 0:35 left
                                                                           
🤖 Running: 40 | ✓ Completed: 20 | ✗ Errors: 0 | ⏱ Avg: 235.7s | ⏳ 0:33 left
                                                                           
🤖 Running: 40 | ✓ Completed: 20 | ✗ Errors: 0 | ⏱ Avg: 235.7s | ⏳ 0:31 left
                                                                           
🤖 Running: 40 | ✓ Completed: 20 | ✗ Errors: 0 | ⏱ Avg: 235.7s | ⏳ 0:29 left
                                                                           
🤖 Running: 40 | ✓ Completed: 20 | ✗ Errors: 0 | ⏱ Avg: 235.7s | ⏳ 0:27 left
                                                                           
🤖 Running: 40 | ✓ Completed: 20 | ✗ Errors: 0 | ⏱ Avg: 235.7s | ⏳ 0:25 left
                                                                           
🤖 Running: 40 | ✓ Completed: 20 | ✗ Errors: 0 | ⏱ Avg: 235.7s | ⏳ 0:23 left
                                                                           
🤖 Running: 40 | ✓ Completed: 20 | ✗ Errors: 0 | ⏱ Avg: 235.7s | ⏳ 0:21 left
                                                                           
🤖 Running: 40 | ✓ Completed: 20 | ✗ Errors: 0 | ⏱ Avg: 235.7s | ⏳ 0:19 left
                                                                           
🤖 Running: 40 | ✓ Completed: 20 | ✗ Errors: 0 | ⏱ Avg: 235.7s | ⏳ 0:17 left
                                                                           
🤖 Running: 40 | ✓ Completed: 20 | ✗ Errors: 0 | ⏱ Avg: 235.7s | ⏳ 0:15 left
                                                                           
🤖 Running: 40 | ✓ Completed: 20 | ✗ Errors: 0 | ⏱ Avg: 235.7s | ⏳ 0:13 left
                                                                           
🤖 Running: 40 | ✓ Completed: 21 | ✗ Errors: 0 | ⏱ Avg: 245.1s | ⏳ 0:13 left
                                                                           
🤖 Running: 40 | ✓ Completed: 22 | ✗ Errors: 0 | ⏱ Avg: 253.2s | ⏳ 0:12 left
                                                                           
🤖 Running: 40 | ✓ Completed: 22 | ✗ Errors: 0 | ⏱ Avg: 253.2s | ⏳ 0:10 left
                                                                           
🤖 Running: 40 | ✓ Completed: 22 | ✗ Errors: 0 | ⏱ Avg: 253.2s | ⏳ 0:08 left
                                                                           
🤖 Running: 40 | ✓ Completed: 22 | ✗ Errors: 0 | ⏱ Avg: 253.2s | ⏳ 0:06 left
                                                                           
🤖 Running: 40 | ✓ Completed: 22 | ✗ Errors: 0 | ⏱ Avg: 253.2s | ⏳ 0:04 left
                                                                           
🤖 Running: 40 | ✓ Completed: 22 | ✗ Errors: 0 | ⏱ Avg: 253.2s | ⏳ 0:02 left
                                                                           
🤖 Running: 40 | ✓ Completed: 23 | ✗ Errors: 0 | ⏱ Avg: 262.5s | ⏳ 0:01 left
                                                                           
🤖 Running: 40 | ✓ Completed: 24 | ✗ Errors: 0 | ⏱ Avg: 270.7s | ⏳ 0:00 left
                                                                                                                                                      
[92m✓ Test completed[0m
[1mTEST RESULTS (n=40 bots)[0m

[1m  BOT OUTCOMES[0m
  ------------------------------------
  Bots started                64
  Completed successfully      24
  Completed with error         0
  Timed out (still running)   39
  Never reached DB             1
  Completion rate            [93m38%[0m

[1m  BOT RUNTIMES[0m
  ------------------------------------
  Test duration            304.7s
  Avg runtime              180.6s
  Avg runtime (succeeded)  202.8s
  Avg runtime (timed out)  169.5s

[1m  BOT INIT TIMES (n=63):[0m
  ------------------------------------
  Median            6.416s
  95th percentile  12.495s
  Max              12.959s

[1m  REQUEST METRICS[0m
  ------------------------------------
  Total requests        2601
  Request errors           0
  Throughput      8.53 req/s

[1m  RESPONSE TIMES (n=2601)[0m
  ------------------------------------
  Median           0.102s
  95th percentile  0.211s
  99th percentile  0.613s
  Max              5.348s
  Mean             0.091s
  Std dev          0.215s

[1m  WAIT PAGE TIMES (n=24 pages)[0m
  ------------------------------------
  Median             5.5s
  95th percentile  104.5s
  Max              137.0s

[1m  TRIALS PER BOT (n=24 bots succeeded)[0m
  ------------------------------------
  Min     0
  Median  1
  Max     1

[1m  ASYNC PROCESS TIMES, 1 workers[0m
  ------------------------------------
  No completed async processes.


[1mCUMULATIVE PERFORMANCE TEST SUMMARY
[0m
  Resp P95 — P95 HTTP response time for key endpoints (/timeline, /response)
  Q P95 all — P95 queue delay across all async processes
  vs base — ratio to the first (lowest bot-count) row, if multiple counts are run

    || Bots    Succeeded    Requests    Req/s    Resp P95 (s)  Q P95 all (s)
  ---------  -----------  ----------  -------  --------------  ---------------
         40           24        2601      8.5           0.211  N/A

Bot output log: /tmp/psynet_bots_w67pdmmc.log
Performance results (JSON): ../../evidence/performance.json
✓ Performance test completed
✓ Server stopped (log: /tmp/psynet_server_2x6j5p_7.log)
