▶ Starting experiment server...
Server log: /tmp/psynet_server_aj2bfqta.log
⏳ Waiting for server to be ready... Ready!

Bot output log: /tmp/psynet_bots_s6fqha2n.log
[1m================================================================================[0m
[1m⚡ PERFORMANCE TEST SUITE[0m
Bots per test:        40
Test duration:        5.0 min
Bot start stagger:    ~0.1s
Bot time factor:      1.0

[1m================================================================================[0m
[1mTEST 1/1: Running with 40 concurrent bots[0m

▶ Starting load test with 40 concurrent bots for 5.0 minutes...


🤖 Running: 1 | ✓ Completed: 0 | ✗ Errors: 0 | ⏱ Avg: 0.0s | ⏳ 4:59 left
                                                                       
🤖 Running: 2 | ✓ Completed: 0 | ✗ Errors: 0 | ⏱ Avg: 0.0s | ⏳ 4:58 left
                                                                       
🤖 Running: 3 | ✓ Completed: 0 | ✗ Errors: 0 | ⏱ Avg: 0.0s | ⏳ 4:58 left
                                                                       
🤖 Running: 4 | ✓ Completed: 0 | ✗ Errors: 0 | ⏱ Avg: 0.0s | ⏳ 4:58 left
                                                                       
🤖 Running: 5 | ✓ Completed: 0 | ✗ Errors: 0 | ⏱ Avg: 0.0s | ⏳ 4:58 left
                                                                       
🤖 Running: 6 | ✓ Completed: 0 | ✗ Errors: 0 | ⏱ Avg: 0.0s | ⏳ 4:57 left
                                                                       
🤖 Running: 7 | ✓ Completed: 0 | ✗ Errors: 0 | ⏱ Avg: 0.0s | ⏳ 4:57 left
                                                                       
🤖 Running: 8 | ✓ Completed: 0 | ✗ Errors: 0 | ⏱ Avg: 0.0s | ⏳ 4:57 left
                                                                       
🤖 Running: 9 | ✓ Completed: 0 | ✗ Errors: 0 | ⏱ Avg: 0.0s | ⏳ 4:57 left
                                                                       
🤖 Running: 10 | ✓ Completed: 0 | ✗ Errors: 0 | ⏱ Avg: 0.0s | ⏳ 4:57 left
                                                                        
🤖 Running: 11 | ✓ Completed: 0 | ✗ Errors: 0 | ⏱ Avg: 0.0s | ⏳ 4:56 left
                                                                        
🤖 Running: 12 | ✓ Completed: 0 | ✗ Errors: 0 | ⏱ Avg: 0.0s | ⏳ 4:56 left
                                                                        
🤖 Running: 13 | ✓ Completed: 0 | ✗ Errors: 0 | ⏱ Avg: 0.0s | ⏳ 4:56 left
                                                                        
🤖 Running: 14 | ✓ Completed: 0 | ✗ Errors: 0 | ⏱ Avg: 0.0s | ⏳ 4:56 left
                                                                        
🤖 Running: 15 | ✓ Completed: 0 | ✗ Errors: 0 | ⏱ Avg: 0.0s | ⏳ 4:55 left
                                                                        
🤖 Running: 16 | ✓ Completed: 0 | ✗ Errors: 0 | ⏱ Avg: 0.0s | ⏳ 4:55 left
                                                                        
🤖 Running: 17 | ✓ Completed: 0 | ✗ Errors: 0 | ⏱ Avg: 0.0s | ⏳ 4:55 left
                                                                        
🤖 Running: 18 | ✓ Completed: 0 | ✗ Errors: 0 | ⏱ Avg: 0.0s | ⏳ 4:54 left
                                                                        
🤖 Running: 19 | ✓ Completed: 0 | ✗ Errors: 0 | ⏱ Avg: 0.0s | ⏳ 4:54 left
                                                                        
🤖 Running: 20 | ✓ Completed: 0 | ✗ Errors: 0 | ⏱ Avg: 0.0s | ⏳ 4:54 left
                                                                        
🤖 Running: 21 | ✓ Completed: 0 | ✗ Errors: 0 | ⏱ Avg: 0.0s | ⏳ 4:53 left
                                                                        
🤖 Running: 22 | ✓ Completed: 0 | ✗ Errors: 0 | ⏱ Avg: 0.0s | ⏳ 4:53 left
                                                                        
🤖 Running: 23 | ✓ Completed: 0 | ✗ Errors: 0 | ⏱ Avg: 0.0s | ⏳ 4:52 left
                                                                        
🤖 Running: 24 | ✓ Completed: 0 | ✗ Errors: 0 | ⏱ Avg: 0.0s | ⏳ 4:52 left
                                                                        
🤖 Running: 25 | ✓ Completed: 0 | ✗ Errors: 0 | ⏱ Avg: 0.0s | ⏳ 4:52 left
                                                                        
🤖 Running: 26 | ✓ Completed: 0 | ✗ Errors: 0 | ⏱ Avg: 0.0s | ⏳ 4:51 left
                                                                        
🤖 Running: 27 | ✓ Completed: 0 | ✗ Errors: 0 | ⏱ Avg: 0.0s | ⏳ 4:51 left
                                                                        
🤖 Running: 28 | ✓ Completed: 0 | ✗ Errors: 0 | ⏱ Avg: 0.0s | ⏳ 4:50 left
                                                                        
🤖 Running: 29 | ✓ Completed: 0 | ✗ Errors: 0 | ⏱ Avg: 0.0s | ⏳ 4:50 left
                                                                        
🤖 Running: 30 | ✓ Completed: 0 | ✗ Errors: 0 | ⏱ Avg: 0.0s | ⏳ 4:50 left
                                                                        
🤖 Running: 31 | ✓ Completed: 0 | ✗ Errors: 0 | ⏱ Avg: 0.0s | ⏳ 4:49 left
                                                                        
🤖 Running: 32 | ✓ Completed: 0 | ✗ Errors: 0 | ⏱ Avg: 0.0s | ⏳ 4:49 left
                                                                        
🤖 Running: 33 | ✓ Completed: 0 | ✗ Errors: 0 | ⏱ Avg: 0.0s | ⏳ 4:48 left
                                                                        
🤖 Running: 34 | ✓ Completed: 0 | ✗ Errors: 0 | ⏱ Avg: 0.0s | ⏳ 4:48 left
                                                                        
🤖 Running: 35 | ✓ Completed: 0 | ✗ Errors: 0 | ⏱ Avg: 0.0s | ⏳ 4:48 left
                                                                        
🤖 Running: 36 | ✓ Completed: 0 | ✗ Errors: 0 | ⏱ Avg: 0.0s | ⏳ 4:47 left
                                                                        
🤖 Running: 37 | ✓ Completed: 0 | ✗ Errors: 0 | ⏱ Avg: 0.0s | ⏳ 4:47 left
                                                                        
🤖 Running: 38 | ✓ Completed: 0 | ✗ Errors: 0 | ⏱ Avg: 0.0s | ⏳ 4:47 left
                                                                        
🤖 Running: 39 | ✓ Completed: 0 | ✗ Errors: 0 | ⏱ Avg: 0.0s | ⏳ 4:46 left
                                                                        
🤖 Running: 40 | ✓ Completed: 0 | ✗ Errors: 0 | ⏱ Avg: 0.0s | ⏳ 4:46 left
                                                                        
🤖 Running: 40 | ✓ Completed: 0 | ✗ Errors: 0 | ⏱ Avg: 0.0s | ⏳ 4:44 left
                                                                        
🤖 Running: 40 | ✓ Completed: 0 | ✗ Errors: 0 | ⏱ Avg: 0.0s | ⏳ 4:41 left
                                                                        
🤖 Running: 40 | ✓ Completed: 0 | ✗ Errors: 0 | ⏱ Avg: 0.0s | ⏳ 4:39 left
                                                                        
🤖 Running: 40 | ✓ Completed: 0 | ✗ Errors: 0 | ⏱ Avg: 0.0s | ⏳ 4:37 left
                                                                        
🤖 Running: 40 | ✓ Completed: 0 | ✗ Errors: 0 | ⏱ Avg: 0.0s | ⏳ 4:35 left
                                                                        
🤖 Running: 40 | ✓ Completed: 0 | ✗ Errors: 0 | ⏱ Avg: 0.0s | ⏳ 4:33 left
                                                                        
🤖 Running: 40 | ✓ Completed: 0 | ✗ Errors: 0 | ⏱ Avg: 0.0s | ⏳ 4:31 left
                                                                        
🤖 Running: 40 | ✓ Completed: 0 | ✗ Errors: 0 | ⏱ Avg: 0.0s | ⏳ 4:29 left
                                                                        
🤖 Running: 40 | ✓ Completed: 1 | ✗ Errors: 0 | ⏱ Avg: 12.7s | ⏳ 4:29 left
                                                                         
🤖 Running: 40 | ✓ Completed: 2 | ✗ Errors: 0 | ⏱ Avg: 14.7s | ⏳ 4:29 left
                                                                         
🤖 Running: 40 | ✓ Completed: 3 | ✗ Errors: 0 | ⏱ Avg: 15.7s | ⏳ 4:27 left
                                                                         
🤖 Running: 40 | ✓ Completed: 4 | ✗ Errors: 0 | ⏱ Avg: 15.4s | ⏳ 4:26 left
                                                                         
🤖 Running: 40 | ✓ Completed: 5 | ✗ Errors: 0 | ⏱ Avg: 16.4s | ⏳ 4:25 left
                                                                         
🤖 Running: 40 | ✓ Completed: 7 | ✗ Errors: 0 | ⏱ Avg: 18.0s | ⏳ 4:25 left
                                                                         
🤖 Running: 40 | ✓ Completed: 8 | ✗ Errors: 0 | ⏱ Avg: 19.0s | ⏳ 4:23 left
                                                                         
🤖 Running: 40 | ✓ Completed: 9 | ✗ Errors: 0 | ⏱ Avg: 20.4s | ⏳ 4:21 left
                                                                         
🤖 Running: 40 | ✓ Completed: 10 | ✗ Errors: 0 | ⏱ Avg: 21.4s | ⏳ 4:20 left
                                                                          
🤖 Running: 40 | ✓ Completed: 11 | ✗ Errors: 0 | ⏱ Avg: 22.3s | ⏳ 4:20 left
                                                                          
🤖 Running: 40 | ✓ Completed: 12 | ✗ Errors: 0 | ⏱ Avg: 23.5s | ⏳ 4:20 left
                                                                          
🤖 Running: 40 | ✓ Completed: 13 | ✗ Errors: 0 | ⏱ Avg: 24.1s | ⏳ 4:19 left
                                                                          
🤖 Running: 40 | ✓ Completed: 14 | ✗ Errors: 0 | ⏱ Avg: 25.0s | ⏳ 4:19 left
                                                                          
🤖 Running: 40 | ✓ Completed: 15 | ✗ Errors: 0 | ⏱ Avg: 24.8s | ⏳ 4:18 left
                                                                          
🤖 Running: 40 | ✓ Completed: 16 | ✗ Errors: 0 | ⏱ Avg: 25.2s | ⏳ 4:18 left
                                                                          
🤖 Running: 40 | ✓ Completed: 17 | ✗ Errors: 0 | ⏱ Avg: 25.5s | ⏳ 4:18 left
                                                                          
🤖 Running: 40 | ✓ Completed: 18 | ✗ Errors: 0 | ⏱ Avg: 25.9s | ⏳ 4:17 left
                                                                          
🤖 Running: 40 | ✓ Completed: 18 | ✗ Errors: 0 | ⏱ Avg: 25.9s | ⏳ 4:15 left
                                                                          
🤖 Running: 40 | ✓ Completed: 19 | ✗ Errors: 0 | ⏱ Avg: 26.8s | ⏳ 4:14 left
                                                                          
🤖 Running: 40 | ✓ Completed: 20 | ✗ Errors: 0 | ⏱ Avg: 28.3s | ⏳ 4:12 left
                                                                          
🤖 Running: 40 | ✓ Completed: 21 | ✗ Errors: 0 | ⏱ Avg: 28.9s | ⏳ 4:11 left
                                                                          
🤖 Running: 40 | ✓ Completed: 22 | ✗ Errors: 0 | ⏱ Avg: 27.7s | ⏳ 4:09 left
                                                                          
🤖 Running: 40 | ✓ Completed: 23 | ✗ Errors: 0 | ⏱ Avg: 29.4s | ⏳ 4:08 left
                                                                          
🤖 Running: 40 | ✓ Completed: 25 | ✗ Errors: 0 | ⏱ Avg: 25.9s | ⏳ 4:08 left
                                                                          
🤖 Running: 40 | ✓ Completed: 25 | ✗ Errors: 0 | ⏱ Avg: 25.9s | ⏳ 4:06 left
                                                                          
🤖 Running: 40 | ✓ Completed: 26 | ✗ Errors: 0 | ⏱ Avg: 27.0s | ⏳ 4:05 left
                                                                          
🤖 Running: 40 | ✓ Completed: 27 | ✗ Errors: 0 | ⏱ Avg: 26.1s | ⏳ 4:05 left
                                                                          
🤖 Running: 40 | ✓ Completed: 28 | ✗ Errors: 0 | ⏱ Avg: 26.4s | ⏳ 4:03 left
                                                                          
🤖 Running: 40 | ✓ Completed: 29 | ✗ Errors: 0 | ⏱ Avg: 23.3s | ⏳ 4:02 left
                                                                          
🤖 Running: 40 | ✓ Completed: 29 | ✗ Errors: 0 | ⏱ Avg: 23.3s | ⏳ 4:00 left
                                                                          
🤖 Running: 40 | ✓ Completed: 30 | ✗ Errors: 0 | ⏱ Avg: 27.3s | ⏳ 3:59 left
                                                                          
🤖 Running: 40 | ✓ Completed: 31 | ✗ Errors: 0 | ⏱ Avg: 24.2s | ⏳ 3:58 left
                                                                          
🤖 Running: 40 | ✓ Completed: 32 | ✗ Errors: 0 | ⏱ Avg: 26.6s | ⏳ 3:58 left
                                                                          
🤖 Running: 40 | ✓ Completed: 33 | ✗ Errors: 0 | ⏱ Avg: 28.2s | ⏳ 3:57 left
                                                                          
🤖 Running: 40 | ✓ Completed: 34 | ✗ Errors: 0 | ⏱ Avg: 33.6s | ⏳ 3:56 left
                                                                          
🤖 Running: 40 | ✓ Completed: 35 | ✗ Errors: 0 | ⏱ Avg: 32.1s | ⏳ 3:56 left
                                                                          
🤖 Running: 40 | ✓ Completed: 36 | ✗ Errors: 0 | ⏱ Avg: 40.5s | ⏳ 3:55 left
                                                                          
🤖 Running: 40 | ✓ Completed: 37 | ✗ Errors: 0 | ⏱ Avg: 45.5s | ⏳ 3:55 left
                                                                          
🤖 Running: 40 | ✓ Completed: 38 | ✗ Errors: 0 | ⏱ Avg: 40.7s | ⏳ 3:54 left
                                                                          
🤖 Running: 40 | ✓ Completed: 39 | ✗ Errors: 0 | ⏱ Avg: 41.3s | ⏳ 3:54 left
                                                                          
🤖 Running: 40 | ✓ Completed: 40 | ✗ Errors: 0 | ⏱ Avg: 41.9s | ⏳ 3:53 left
                                                                          
🤖 Running: 40 | ✓ Completed: 41 | ✗ Errors: 0 | ⏱ Avg: 40.0s | ⏳ 3:52 left
                                                                          
🤖 Running: 40 | ✓ Completed: 42 | ✗ Errors: 0 | ⏱ Avg: 40.0s | ⏳ 3:51 left
                                                                          
🤖 Running: 40 | ✓ Completed: 43 | ✗ Errors: 0 | ⏱ Avg: 38.6s | ⏳ 3:51 left
                                                                          
🤖 Running: 40 | ✓ Completed: 44 | ✗ Errors: 0 | ⏱ Avg: 39.4s | ⏳ 3:50 left
                                                                          
🤖 Running: 40 | ✓ Completed: 45 | ✗ Errors: 0 | ⏱ Avg: 39.6s | ⏳ 3:49 left
                                                                          
🤖 Running: 40 | ✓ Completed: 46 | ✗ Errors: 0 | ⏱ Avg: 30.7s | ⏳ 3:48 left
                                                                          
🤖 Running: 40 | ✓ Completed: 47 | ✗ Errors: 0 | ⏱ Avg: 26.7s | ⏳ 3:47 left
                                                                          
🤖 Running: 40 | ✓ Completed: 48 | ✗ Errors: 0 | ⏱ Avg: 28.0s | ⏳ 3:46 left
                                                                          
🤖 Running: 40 | ✓ Completed: 49 | ✗ Errors: 0 | ⏱ Avg: 20.6s | ⏳ 3:44 left
                                                                          
🤖 Running: 40 | ✓ Completed: 50 | ✗ Errors: 0 | ⏱ Avg: 18.0s | ⏳ 3:43 left
                                                                          
🤖 Running: 40 | ✓ Completed: 51 | ✗ Errors: 0 | ⏱ Avg: 17.9s | ⏳ 3:42 left
                                                                          
🤖 Running: 40 | ✓ Completed: 52 | ✗ Errors: 0 | ⏱ Avg: 21.1s | ⏳ 3:41 left
                                                                          
🤖 Running: 40 | ✓ Completed: 53 | ✗ Errors: 0 | ⏱ Avg: 23.7s | ⏳ 3:40 left
                                                                          
🤖 Running: 40 | ✓ Completed: 54 | ✗ Errors: 0 | ⏱ Avg: 26.0s | ⏳ 3:39 left
                                                                          
🤖 Running: 40 | ✓ Completed: 55 | ✗ Errors: 0 | ⏱ Avg: 36.9s | ⏳ 3:39 left
                                                                          
🤖 Running: 40 | ✓ Completed: 56 | ✗ Errors: 0 | ⏱ Avg: 38.2s | ⏳ 3:39 left
                                                                          
🤖 Running: 40 | ✓ Completed: 57 | ✗ Errors: 0 | ⏱ Avg: 32.9s | ⏳ 3:37 left
                                                                          
🤖 Running: 40 | ✓ Completed: 58 | ✗ Errors: 0 | ⏱ Avg: 39.9s | ⏳ 3:36 left
                                                                          
🤖 Running: 40 | ✓ Completed: 59 | ✗ Errors: 0 | ⏱ Avg: 42.0s | ⏳ 3:35 left
                                                                          
🤖 Running: 40 | ✓ Completed: 60 | ✗ Errors: 0 | ⏱ Avg: 35.2s | ⏳ 3:35 left
                                                                          
🤖 Running: 40 | ✓ Completed: 61 | ✗ Errors: 0 | ⏱ Avg: 40.6s | ⏳ 3:35 left
                                                                          
🤖 Running: 40 | ✓ Completed: 62 | ✗ Errors: 0 | ⏱ Avg: 41.0s | ⏳ 3:34 left
                                                                          
🤖 Running: 40 | ✓ Completed: 63 | ✗ Errors: 0 | ⏱ Avg: 40.7s | ⏳ 3:33 left
                                                                          
🤖 Running: 40 | ✓ Completed: 64 | ✗ Errors: 0 | ⏱ Avg: 46.4s | ⏳ 3:32 left
                                                                          
🤖 Running: 40 | ✓ Completed: 65 | ✗ Errors: 0 | ⏱ Avg: 44.3s | ⏳ 3:32 left
                                                                          
🤖 Running: 40 | ✓ Completed: 66 | ✗ Errors: 0 | ⏱ Avg: 39.0s | ⏳ 3:31 left
                                                                          
🤖 Running: 40 | ✓ Completed: 67 | ✗ Errors: 0 | ⏱ Avg: 38.2s | ⏳ 3:30 left
                                                                          
🤖 Running: 40 | ✓ Completed: 68 | ✗ Errors: 0 | ⏱ Avg: 34.9s | ⏳ 3:30 left
                                                                          
🤖 Running: 40 | ✓ Completed: 69 | ✗ Errors: 0 | ⏱ Avg: 28.1s | ⏳ 3:29 left
                                                                          
🤖 Running: 40 | ✓ Completed: 70 | ✗ Errors: 0 | ⏱ Avg: 27.5s | ⏳ 3:28 left
                                                                          
🤖 Running: 40 | ✓ Completed: 71 | ✗ Errors: 0 | ⏱ Avg: 35.9s | ⏳ 3:27 left
                                                                          
🤖 Running: 40 | ✓ Completed: 72 | ✗ Errors: 0 | ⏱ Avg: 36.9s | ⏳ 3:27 left
                                                                          
🤖 Running: 40 | ✓ Completed: 73 | ✗ Errors: 0 | ⏱ Avg: 30.9s | ⏳ 3:25 left
                                                                          
🤖 Running: 40 | ✓ Completed: 74 | ✗ Errors: 0 | ⏱ Avg: 32.1s | ⏳ 3:25 left
                                                                          
🤖 Running: 40 | ✓ Completed: 75 | ✗ Errors: 0 | ⏱ Avg: 34.2s | ⏳ 3:24 left
                                                                          
🤖 Running: 39 | ✓ Completed: 76 | ✗ Errors: 0 | ⏱ Avg: 30.4s | ⏳ 3:22 left
                                                                          
🤖 Running: 40 | ✓ Completed: 76 | ✗ Errors: 0 | ⏱ Avg: 30.4s | ⏳ 3:22 left
                                                                          
🤖 Running: 40 | ✓ Completed: 77 | ✗ Errors: 0 | ⏱ Avg: 32.5s | ⏳ 3:21 left
                                                                          
🤖 Running: 40 | ✓ Completed: 78 | ✗ Errors: 0 | ⏱ Avg: 32.8s | ⏳ 3:20 left
                                                                          
🤖 Running: 40 | ✓ Completed: 79 | ✗ Errors: 0 | ⏱ Avg: 30.4s | ⏳ 3:20 left
                                                                          
🤖 Running: 40 | ✓ Completed: 80 | ✗ Errors: 0 | ⏱ Avg: 27.3s | ⏳ 3:20 left
                                                                          
🤖 Running: 40 | ✓ Completed: 81 | ✗ Errors: 0 | ⏱ Avg: 22.8s | ⏳ 3:19 left
                                                                          
🤖 Running: 40 | ✓ Completed: 81 | ✗ Errors: 0 | ⏱ Avg: 22.8s | ⏳ 3:17 left
                                                                          
🤖 Running: 40 | ✓ Completed: 82 | ✗ Errors: 0 | ⏱ Avg: 17.8s | ⏳ 3:17 left
                                                                          
🤖 Running: 40 | ✓ Completed: 83 | ✗ Errors: 0 | ⏱ Avg: 15.4s | ⏳ 3:16 left
                                                                          
🤖 Running: 40 | ✓ Completed: 84 | ✗ Errors: 0 | ⏱ Avg: 15.4s | ⏳ 3:15 left
                                                                          
🤖 Running: 40 | ✓ Completed: 85 | ✗ Errors: 0 | ⏱ Avg: 18.0s | ⏳ 3:15 left
                                                                          
🤖 Running: 40 | ✓ Completed: 86 | ✗ Errors: 0 | ⏱ Avg: 19.5s | ⏳ 3:14 left
                                                                          
🤖 Running: 40 | ✓ Completed: 87 | ✗ Errors: 0 | ⏱ Avg: 22.0s | ⏳ 3:13 left
                                                                          
🤖 Running: 40 | ✓ Completed: 88 | ✗ Errors: 0 | ⏱ Avg: 25.3s | ⏳ 3:12 left
                                                                          
🤖 Running: 40 | ✓ Completed: 89 | ✗ Errors: 0 | ⏱ Avg: 24.6s | ⏳ 3:12 left
                                                                          
🤖 Running: 40 | ✓ Completed: 90 | ✗ Errors: 0 | ⏱ Avg: 22.8s | ⏳ 3:11 left
                                                                          
🤖 Running: 40 | ✓ Completed: 92 | ✗ Errors: 0 | ⏱ Avg: 23.9s | ⏳ 3:11 left
                                                                          
🤖 Running: 40 | ✓ Completed: 93 | ✗ Errors: 0 | ⏱ Avg: 29.0s | ⏳ 3:10 left
                                                                          
🤖 Running: 40 | ✓ Completed: 94 | ✗ Errors: 0 | ⏱ Avg: 28.0s | ⏳ 3:10 left
                                                                          
🤖 Running: 40 | ✓ Completed: 95 | ✗ Errors: 0 | ⏱ Avg: 37.2s | ⏳ 3:08 left
                                                                          
🤖 Running: 40 | ✓ Completed: 96 | ✗ Errors: 0 | ⏱ Avg: 40.5s | ⏳ 3:07 left
                                                                          
🤖 Running: 40 | ✓ Completed: 97 | ✗ Errors: 0 | ⏱ Avg: 42.9s | ⏳ 3:06 left
                                                                          
🤖 Running: 40 | ✓ Completed: 98 | ✗ Errors: 0 | ⏱ Avg: 34.9s | ⏳ 3:06 left
                                                                          
🤖 Running: 40 | ✓ Completed: 99 | ✗ Errors: 0 | ⏱ Avg: 33.6s | ⏳ 3:04 left
                                                                          
🤖 Running: 40 | ✓ Completed: 100 | ✗ Errors: 0 | ⏱ Avg: 23.3s | ⏳ 3:04 left
                                                                           
🤖 Running: 40 | ✓ Completed: 101 | ✗ Errors: 0 | ⏱ Avg: 19.3s | ⏳ 3:03 left
                                                                           
🤖 Running: 40 | ✓ Completed: 102 | ✗ Errors: 0 | ⏱ Avg: 22.6s | ⏳ 3:02 left
                                                                           
🤖 Running: 39 | ✓ Completed: 104 | ✗ Errors: 0 | ⏱ Avg: 28.1s | ⏳ 3:02 left
                                                                           
🤖 Running: 40 | ✓ Completed: 104 | ✗ Errors: 0 | ⏱ Avg: 28.1s | ⏳ 3:01 left
                                                                           
🤖 Running: 40 | ✓ Completed: 105 | ✗ Errors: 0 | ⏱ Avg: 30.6s | ⏳ 3:00 left
                                                                           
🤖 Running: 40 | ✓ Completed: 105 | ✗ Errors: 0 | ⏱ Avg: 30.6s | ⏳ 2:58 left
                                                                           
🤖 Running: 40 | ✓ Completed: 105 | ✗ Errors: 0 | ⏱ Avg: 30.6s | ⏳ 2:56 left
                                                                           
🤖 Running: 40 | ✓ Completed: 106 | ✗ Errors: 0 | ⏱ Avg: 29.5s | ⏳ 2:56 left
                                                                           
🤖 Running: 40 | ✓ Completed: 107 | ✗ Errors: 0 | ⏱ Avg: 22.5s | ⏳ 2:56 left
                                                                           
🤖 Running: 40 | ✓ Completed: 108 | ✗ Errors: 0 | ⏱ Avg: 39.9s | ⏳ 2:55 left
                                                                           
🤖 Running: 40 | ✓ Completed: 109 | ✗ Errors: 0 | ⏱ Avg: 39.3s | ⏳ 2:54 left
                                                                           
🤖 Running: 40 | ✓ Completed: 110 | ✗ Errors: 0 | ⏱ Avg: 38.1s | ⏳ 2:54 left
                                                                           
🤖 Running: 40 | ✓ Completed: 111 | ✗ Errors: 0 | ⏱ Avg: 40.3s | ⏳ 2:53 left
                                                                           
🤖 Running: 40 | ✓ Completed: 112 | ✗ Errors: 0 | ⏱ Avg: 46.4s | ⏳ 2:52 left
                                                                           
🤖 Running: 40 | ✓ Completed: 113 | ✗ Errors: 0 | ⏱ Avg: 32.3s | ⏳ 2:51 left
                                                                           
🤖 Running: 40 | ✓ Completed: 114 | ✗ Errors: 0 | ⏱ Avg: 34.7s | ⏳ 2:50 left
                                                                           
🤖 Running: 40 | ✓ Completed: 115 | ✗ Errors: 0 | ⏱ Avg: 37.2s | ⏳ 2:50 left
                                                                           
🤖 Running: 40 | ✓ Completed: 116 | ✗ Errors: 0 | ⏱ Avg: 39.8s | ⏳ 2:50 left
                                                                           
🤖 Running: 40 | ✓ Completed: 117 | ✗ Errors: 0 | ⏱ Avg: 44.2s | ⏳ 2:49 left
                                                                           
🤖 Running: 40 | ✓ Completed: 118 | ✗ Errors: 0 | ⏱ Avg: 39.9s | ⏳ 2:48 left
                                                                           
🤖 Running: 40 | ✓ Completed: 119 | ✗ Errors: 0 | ⏱ Avg: 35.9s | ⏳ 2:48 left
                                                                           
🤖 Running: 40 | ✓ Completed: 120 | ✗ Errors: 0 | ⏱ Avg: 35.3s | ⏳ 2:48 left
                                                                           
🤖 Running: 40 | ✓ Completed: 121 | ✗ Errors: 0 | ⏱ Avg: 30.3s | ⏳ 2:46 left
                                                                           
🤖 Running: 40 | ✓ Completed: 122 | ✗ Errors: 0 | ⏱ Avg: 23.2s | ⏳ 2:46 left
                                                                           
🤖 Running: 40 | ✓ Completed: 123 | ✗ Errors: 0 | ⏱ Avg: 24.5s | ⏳ 2:44 left
                                                                           
🤖 Running: 40 | ✓ Completed: 124 | ✗ Errors: 0 | ⏱ Avg: 29.7s | ⏳ 2:43 left
                                                                           
🤖 Running: 40 | ✓ Completed: 125 | ✗ Errors: 0 | ⏱ Avg: 28.0s | ⏳ 2:42 left
                                                                           
🤖 Running: 40 | ✓ Completed: 126 | ✗ Errors: 0 | ⏱ Avg: 27.0s | ⏳ 2:41 left
                                                                           
🤖 Running: 40 | ✓ Completed: 127 | ✗ Errors: 0 | ⏱ Avg: 24.2s | ⏳ 2:40 left
                                                                           
🤖 Running: 40 | ✓ Completed: 128 | ✗ Errors: 0 | ⏱ Avg: 25.3s | ⏳ 2:39 left
                                                                           
🤖 Running: 40 | ✓ Completed: 129 | ✗ Errors: 0 | ⏱ Avg: 23.0s | ⏳ 2:39 left
                                                                           
🤖 Running: 40 | ✓ Completed: 130 | ✗ Errors: 0 | ⏱ Avg: 40.5s | ⏳ 2:38 left
                                                                           
🤖 Running: 40 | ✓ Completed: 131 | ✗ Errors: 0 | ⏱ Avg: 43.5s | ⏳ 2:37 left
                                                                           
🤖 Running: 40 | ✓ Completed: 132 | ✗ Errors: 0 | ⏱ Avg: 49.7s | ⏳ 2:36 left
                                                                           
🤖 Running: 40 | ✓ Completed: 133 | ✗ Errors: 0 | ⏱ Avg: 47.1s | ⏳ 2:35 left
                                                                           
🤖 Running: 40 | ✓ Completed: 134 | ✗ Errors: 0 | ⏱ Avg: 49.2s | ⏳ 2:35 left
                                                                           
🤖 Running: 40 | ✓ Completed: 135 | ✗ Errors: 0 | ⏱ Avg: 30.9s | ⏳ 2:33 left
                                                                           
🤖 Running: 40 | ✓ Completed: 136 | ✗ Errors: 0 | ⏱ Avg: 33.4s | ⏳ 2:32 left
                                                                           
🤖 Running: 40 | ✓ Completed: 137 | ✗ Errors: 0 | ⏱ Avg: 26.3s | ⏳ 2:31 left
                                                                           
🤖 Running: 40 | ✓ Completed: 139 | ✗ Errors: 0 | ⏱ Avg: 22.3s | ⏳ 2:31 left
                                                                           
🤖 Running: 40 | ✓ Completed: 140 | ✗ Errors: 0 | ⏱ Avg: 23.2s | ⏳ 2:29 left
                                                                           
🤖 Running: 40 | ✓ Completed: 141 | ✗ Errors: 0 | ⏱ Avg: 20.3s | ⏳ 2:28 left
                                                                           
🤖 Running: 40 | ✓ Completed: 142 | ✗ Errors: 0 | ⏱ Avg: 20.8s | ⏳ 2:28 left
                                                                           
🤖 Running: 40 | ✓ Completed: 143 | ✗ Errors: 0 | ⏱ Avg: 18.3s | ⏳ 2:27 left
                                                                           
🤖 Running: 40 | ✓ Completed: 144 | ✗ Errors: 0 | ⏱ Avg: 24.3s | ⏳ 2:27 left
                                                                           
🤖 Running: 40 | ✓ Completed: 146 | ✗ Errors: 0 | ⏱ Avg: 27.6s | ⏳ 2:26 left
                                                                           
🤖 Running: 40 | ✓ Completed: 147 | ✗ Errors: 0 | ⏱ Avg: 29.9s | ⏳ 2:25 left
                                                                           
🤖 Running: 40 | ✓ Completed: 148 | ✗ Errors: 0 | ⏱ Avg: 31.8s | ⏳ 2:24 left
                                                                           
🤖 Running: 40 | ✓ Completed: 149 | ✗ Errors: 0 | ⏱ Avg: 51.9s | ⏳ 2:23 left
                                                                           
🤖 Running: 40 | ✓ Completed: 150 | ✗ Errors: 0 | ⏱ Avg: 50.7s | ⏳ 2:21 left
                                                                           
🤖 Running: 40 | ✓ Completed: 151 | ✗ Errors: 0 | ⏱ Avg: 46.4s | ⏳ 2:20 left
                                                                           
🤖 Running: 40 | ✓ Completed: 152 | ✗ Errors: 0 | ⏱ Avg: 44.0s | ⏳ 2:20 left
                                                                           
🤖 Running: 40 | ✓ Completed: 153 | ✗ Errors: 0 | ⏱ Avg: 41.7s | ⏳ 2:20 left
                                                                           
🤖 Running: 40 | ✓ Completed: 154 | ✗ Errors: 0 | ⏱ Avg: 24.8s | ⏳ 2:20 left
                                                                           
🤖 Running: 40 | ✓ Completed: 155 | ✗ Errors: 0 | ⏱ Avg: 27.1s | ⏳ 2:19 left
                                                                           
🤖 Running: 40 | ✓ Completed: 155 | ✗ Errors: 0 | ⏱ Avg: 27.1s | ⏳ 2:17 left
                                                                           
🤖 Running: 40 | ✓ Completed: 156 | ✗ Errors: 0 | ⏱ Avg: 28.7s | ⏳ 2:16 left
                                                                           
🤖 Running: 40 | ✓ Completed: 157 | ✗ Errors: 0 | ⏱ Avg: 32.6s | ⏳ 2:16 left
                                                                           
🤖 Running: 40 | ✓ Completed: 158 | ✗ Errors: 0 | ⏱ Avg: 32.1s | ⏳ 2:15 left
                                                                           
🤖 Running: 40 | ✓ Completed: 159 | ✗ Errors: 0 | ⏱ Avg: 29.9s | ⏳ 2:14 left
                                                                           
🤖 Running: 40 | ✓ Completed: 160 | ✗ Errors: 0 | ⏱ Avg: 26.7s | ⏳ 2:13 left
                                                                           
🤖 Running: 40 | ✓ Completed: 161 | ✗ Errors: 0 | ⏱ Avg: 25.4s | ⏳ 2:13 left
                                                                           
🤖 Running: 40 | ✓ Completed: 162 | ✗ Errors: 0 | ⏱ Avg: 48.9s | ⏳ 2:12 left
                                                                           
🤖 Running: 40 | ✓ Completed: 163 | ✗ Errors: 0 | ⏱ Avg: 56.0s | ⏳ 2:11 left
                                                                           
🤖 Running: 40 | ✓ Completed: 165 | ✗ Errors: 0 | ⏱ Avg: 59.5s | ⏳ 2:10 left
                                                                           
🤖 Running: 40 | ✓ Completed: 166 | ✗ Errors: 0 | ⏱ Avg: 61.1s | ⏳ 2:10 left
                                                                           
🤖 Running: 39 | ✓ Completed: 167 | ✗ Errors: 0 | ⏱ Avg: 38.5s | ⏳ 2:08 left
                                                                           
🤖 Running: 40 | ✓ Completed: 168 | ✗ Errors: 0 | ⏱ Avg: 31.8s | ⏳ 2:08 left
                                                                           
🤖 Running: 40 | ✓ Completed: 169 | ✗ Errors: 0 | ⏱ Avg: 32.9s | ⏳ 2:06 left
                                                                           
🤖 Running: 40 | ✓ Completed: 170 | ✗ Errors: 0 | ⏱ Avg: 27.2s | ⏳ 2:05 left
                                                                           
🤖 Running: 40 | ✓ Completed: 171 | ✗ Errors: 0 | ⏱ Avg: 25.1s | ⏳ 2:04 left
                                                                           
🤖 Running: 40 | ✓ Completed: 172 | ✗ Errors: 0 | ⏱ Avg: 22.5s | ⏳ 2:03 left
                                                                           
🤖 Running: 40 | ✓ Completed: 173 | ✗ Errors: 0 | ⏱ Avg: 22.3s | ⏳ 2:03 left
                                                                           
🤖 Running: 40 | ✓ Completed: 174 | ✗ Errors: 0 | ⏱ Avg: 21.5s | ⏳ 2:03 left
                                                                           
🤖 Running: 40 | ✓ Completed: 175 | ✗ Errors: 0 | ⏱ Avg: 23.5s | ⏳ 2:02 left
                                                                           
🤖 Running: 40 | ✓ Completed: 176 | ✗ Errors: 0 | ⏱ Avg: 33.0s | ⏳ 2:02 left
                                                                           
🤖 Running: 40 | ✓ Completed: 177 | ✗ Errors: 0 | ⏱ Avg: 31.1s | ⏳ 2:02 left
                                                                           
🤖 Running: 40 | ✓ Completed: 178 | ✗ Errors: 0 | ⏱ Avg: 33.1s | ⏳ 2:00 left
                                                                           
🤖 Running: 40 | ✓ Completed: 179 | ✗ Errors: 0 | ⏱ Avg: 38.3s | ⏳ 2:00 left
                                                                           
🤖 Running: 40 | ✓ Completed: 180 | ✗ Errors: 0 | ⏱ Avg: 38.8s | ⏳ 1:59 left
                                                                           
🤖 Running: 40 | ✓ Completed: 181 | ✗ Errors: 0 | ⏱ Avg: 31.6s | ⏳ 1:58 left
                                                                           
🤖 Running: 40 | ✓ Completed: 182 | ✗ Errors: 0 | ⏱ Avg: 34.4s | ⏳ 1:57 left
                                                                           
🤖 Running: 40 | ✓ Completed: 183 | ✗ Errors: 0 | ⏱ Avg: 32.5s | ⏳ 1:56 left
                                                                           
🤖 Running: 39 | ✓ Completed: 185 | ✗ Errors: 0 | ⏱ Avg: 33.9s | ⏳ 1:55 left
                                                                           
🤖 Running: 40 | ✓ Completed: 185 | ✗ Errors: 0 | ⏱ Avg: 33.9s | ⏳ 1:55 left
                                                                           
🤖 Running: 40 | ✓ Completed: 186 | ✗ Errors: 0 | ⏱ Avg: 32.8s | ⏳ 1:54 left
                                                                           
🤖 Running: 40 | ✓ Completed: 187 | ✗ Errors: 0 | ⏱ Avg: 41.8s | ⏳ 1:53 left
                                                                           
🤖 Running: 40 | ✓ Completed: 188 | ✗ Errors: 0 | ⏱ Avg: 44.5s | ⏳ 1:53 left
                                                                           
🤖 Running: 40 | ✓ Completed: 189 | ✗ Errors: 0 | ⏱ Avg: 38.6s | ⏳ 1:52 left
                                                                           
🤖 Running: 40 | ✓ Completed: 190 | ✗ Errors: 0 | ⏱ Avg: 34.2s | ⏳ 1:52 left
                                                                           
🤖 Running: 40 | ✓ Completed: 191 | ✗ Errors: 0 | ⏱ Avg: 36.7s | ⏳ 1:51 left
                                                                           
🤖 Running: 40 | ✓ Completed: 192 | ✗ Errors: 0 | ⏱ Avg: 27.9s | ⏳ 1:50 left
                                                                           
🤖 Running: 40 | ✓ Completed: 193 | ✗ Errors: 0 | ⏱ Avg: 28.1s | ⏳ 1:49 left
                                                                           
🤖 Running: 40 | ✓ Completed: 194 | ✗ Errors: 0 | ⏱ Avg: 27.4s | ⏳ 1:48 left
                                                                           
🤖 Running: 40 | ✓ Completed: 195 | ✗ Errors: 0 | ⏱ Avg: 31.0s | ⏳ 1:48 left
                                                                           
🤖 Running: 40 | ✓ Completed: 196 | ✗ Errors: 0 | ⏱ Avg: 29.6s | ⏳ 1:47 left
                                                                           
🤖 Running: 40 | ✓ Completed: 197 | ✗ Errors: 0 | ⏱ Avg: 31.6s | ⏳ 1:46 left
                                                                           
🤖 Running: 40 | ✓ Completed: 198 | ✗ Errors: 0 | ⏱ Avg: 29.2s | ⏳ 1:45 left
                                                                           
🤖 Running: 40 | ✓ Completed: 199 | ✗ Errors: 0 | ⏱ Avg: 40.1s | ⏳ 1:44 left
                                                                           
🤖 Running: 40 | ✓ Completed: 200 | ✗ Errors: 0 | ⏱ Avg: 37.4s | ⏳ 1:44 left
                                                                           
🤖 Running: 40 | ✓ Completed: 200 | ✗ Errors: 0 | ⏱ Avg: 37.4s | ⏳ 1:42 left
                                                                           
🤖 Running: 40 | ✓ Completed: 201 | ✗ Errors: 0 | ⏱ Avg: 37.4s | ⏳ 1:42 left
                                                                           
🤖 Running: 40 | ✓ Completed: 202 | ✗ Errors: 0 | ⏱ Avg: 36.2s | ⏳ 1:41 left
                                                                           
🤖 Running: 40 | ✓ Completed: 203 | ✗ Errors: 0 | ⏱ Avg: 36.6s | ⏳ 1:41 left
                                                                           
🤖 Running: 40 | ✓ Completed: 204 | ✗ Errors: 0 | ⏱ Avg: 26.6s | ⏳ 1:40 left
                                                                           
🤖 Running: 40 | ✓ Completed: 205 | ✗ Errors: 0 | ⏱ Avg: 24.7s | ⏳ 1:40 left
                                                                           
🤖 Running: 40 | ✓ Completed: 206 | ✗ Errors: 0 | ⏱ Avg: 23.6s | ⏳ 1:39 left
                                                                           
🤖 Running: 40 | ✓ Completed: 207 | ✗ Errors: 0 | ⏱ Avg: 20.7s | ⏳ 1:39 left
                                                                           
🤖 Running: 40 | ✓ Completed: 208 | ✗ Errors: 0 | ⏱ Avg: 21.7s | ⏳ 1:38 left
                                                                           
🤖 Running: 40 | ✓ Completed: 209 | ✗ Errors: 0 | ⏱ Avg: 22.1s | ⏳ 1:37 left
                                                                           
🤖 Running: 40 | ✓ Completed: 210 | ✗ Errors: 0 | ⏱ Avg: 32.6s | ⏳ 1:37 left
                                                                           
🤖 Running: 39 | ✓ Completed: 211 | ✗ Errors: 0 | ⏱ Avg: 33.0s | ⏳ 1:35 left
                                                                           
🤖 Running: 40 | ✓ Completed: 211 | ✗ Errors: 0 | ⏱ Avg: 33.0s | ⏳ 1:34 left
                                                                           
🤖 Running: 40 | ✓ Completed: 212 | ✗ Errors: 0 | ⏱ Avg: 36.1s | ⏳ 1:34 left
                                                                           
🤖 Running: 40 | ✓ Completed: 213 | ✗ Errors: 0 | ⏱ Avg: 34.9s | ⏳ 1:32 left
                                                                           
🤖 Running: 40 | ✓ Completed: 214 | ✗ Errors: 0 | ⏱ Avg: 32.1s | ⏳ 1:32 left
                                                                           
🤖 Running: 40 | ✓ Completed: 216 | ✗ Errors: 0 | ⏱ Avg: 22.9s | ⏳ 1:31 left
                                                                           
🤖 Running: 40 | ✓ Completed: 217 | ✗ Errors: 0 | ⏱ Avg: 21.1s | ⏳ 1:31 left
                                                                           
🤖 Running: 40 | ✓ Completed: 218 | ✗ Errors: 0 | ⏱ Avg: 25.2s | ⏳ 1:31 left
                                                                           
🤖 Running: 40 | ✓ Completed: 219 | ✗ Errors: 0 | ⏱ Avg: 26.2s | ⏳ 1:29 left
                                                                           
🤖 Running: 40 | ✓ Completed: 220 | ✗ Errors: 0 | ⏱ Avg: 25.8s | ⏳ 1:29 left
                                                                           
🤖 Running: 40 | ✓ Completed: 221 | ✗ Errors: 0 | ⏱ Avg: 26.3s | ⏳ 1:27 left
                                                                           
🤖 Running: 40 | ✓ Completed: 222 | ✗ Errors: 0 | ⏱ Avg: 26.4s | ⏳ 1:27 left
                                                                           
🤖 Running: 40 | ✓ Completed: 223 | ✗ Errors: 0 | ⏱ Avg: 25.1s | ⏳ 1:27 left
                                                                           
🤖 Running: 40 | ✓ Completed: 224 | ✗ Errors: 0 | ⏱ Avg: 29.6s | ⏳ 1:25 left
                                                                           
🤖 Running: 40 | ✓ Completed: 225 | ✗ Errors: 0 | ⏱ Avg: 30.8s | ⏳ 1:25 left
                                                                           
🤖 Running: 40 | ✓ Completed: 226 | ✗ Errors: 0 | ⏱ Avg: 28.3s | ⏳ 1:24 left
                                                                           
🤖 Running: 40 | ✓ Completed: 227 | ✗ Errors: 0 | ⏱ Avg: 27.1s | ⏳ 1:23 left
                                                                           
🤖 Running: 40 | ✓ Completed: 228 | ✗ Errors: 0 | ⏱ Avg: 24.8s | ⏳ 1:22 left
                                                                           
🤖 Running: 40 | ✓ Completed: 229 | ✗ Errors: 0 | ⏱ Avg: 19.9s | ⏳ 1:21 left
                                                                           
🤖 Running: 39 | ✓ Completed: 231 | ✗ Errors: 0 | ⏱ Avg: 19.9s | ⏳ 1:20 left
                                                                           
🤖 Running: 40 | ✓ Completed: 232 | ✗ Errors: 0 | ⏱ Avg: 22.9s | ⏳ 1:20 left
                                                                           
🤖 Running: 40 | ✓ Completed: 233 | ✗ Errors: 0 | ⏱ Avg: 24.3s | ⏳ 1:19 left
                                                                           
🤖 Running: 40 | ✓ Completed: 234 | ✗ Errors: 0 | ⏱ Avg: 25.2s | ⏳ 1:17 left
                                                                           
🤖 Running: 40 | ✓ Completed: 235 | ✗ Errors: 0 | ⏱ Avg: 29.1s | ⏳ 1:17 left
                                                                           
🤖 Running: 40 | ✓ Completed: 236 | ✗ Errors: 0 | ⏱ Avg: 32.8s | ⏳ 1:15 left
                                                                           
🤖 Running: 40 | ✓ Completed: 237 | ✗ Errors: 0 | ⏱ Avg: 27.8s | ⏳ 1:15 left
                                                                           
🤖 Running: 40 | ✓ Completed: 238 | ✗ Errors: 0 | ⏱ Avg: 26.8s | ⏳ 1:14 left
                                                                           
🤖 Running: 40 | ✓ Completed: 239 | ✗ Errors: 0 | ⏱ Avg: 26.4s | ⏳ 1:14 left
                                                                           
🤖 Running: 40 | ✓ Completed: 240 | ✗ Errors: 0 | ⏱ Avg: 25.4s | ⏳ 1:13 left
                                                                           
🤖 Running: 40 | ✓ Completed: 241 | ✗ Errors: 0 | ⏱ Avg: 20.8s | ⏳ 1:12 left
                                                                           
🤖 Running: 40 | ✓ Completed: 242 | ✗ Errors: 0 | ⏱ Avg: 21.9s | ⏳ 1:11 left
                                                                           
🤖 Running: 40 | ✓ Completed: 243 | ✗ Errors: 0 | ⏱ Avg: 27.4s | ⏳ 1:10 left
                                                                           
🤖 Running: 40 | ✓ Completed: 244 | ✗ Errors: 0 | ⏱ Avg: 31.7s | ⏳ 1:09 left
                                                                           
🤖 Running: 40 | ✓ Completed: 245 | ✗ Errors: 0 | ⏱ Avg: 30.2s | ⏳ 1:08 left
                                                                           
🤖 Running: 40 | ✓ Completed: 246 | ✗ Errors: 0 | ⏱ Avg: 30.3s | ⏳ 1:08 left
                                                                           
🤖 Running: 40 | ✓ Completed: 247 | ✗ Errors: 0 | ⏱ Avg: 31.1s | ⏳ 1:06 left
                                                                           
🤖 Running: 40 | ✓ Completed: 248 | ✗ Errors: 0 | ⏱ Avg: 24.9s | ⏳ 1:06 left
                                                                           
🤖 Running: 40 | ✓ Completed: 249 | ✗ Errors: 0 | ⏱ Avg: 30.5s | ⏳ 1:06 left
                                                                           
🤖 Running: 40 | ✓ Completed: 250 | ✗ Errors: 0 | ⏱ Avg: 30.4s | ⏳ 1:05 left
                                                                           
🤖 Running: 40 | ✓ Completed: 251 | ✗ Errors: 0 | ⏱ Avg: 39.0s | ⏳ 1:04 left
                                                                           
🤖 Running: 40 | ✓ Completed: 252 | ✗ Errors: 0 | ⏱ Avg: 39.6s | ⏳ 1:04 left
                                                                           
🤖 Running: 40 | ✓ Completed: 253 | ✗ Errors: 0 | ⏱ Avg: 40.1s | ⏳ 1:04 left
                                                                           
🤖 Running: 40 | ✓ Completed: 254 | ✗ Errors: 0 | ⏱ Avg: 29.6s | ⏳ 1:03 left
                                                                           
🤖 Running: 40 | ✓ Completed: 255 | ✗ Errors: 0 | ⏱ Avg: 32.6s | ⏳ 1:02 left
                                                                           
🤖 Running: 40 | ✓ Completed: 256 | ✗ Errors: 0 | ⏱ Avg: 23.2s | ⏳ 1:01 left
                                                                           
🤖 Running: 40 | ✓ Completed: 257 | ✗ Errors: 0 | ⏱ Avg: 27.0s | ⏳ 1:00 left
                                                                           
🤖 Running: 40 | ✓ Completed: 258 | ✗ Errors: 0 | ⏱ Avg: 33.0s | ⏳ 0:59 left
                                                                           
🤖 Running: 40 | ✓ Completed: 259 | ✗ Errors: 0 | ⏱ Avg: 35.0s | ⏳ 0:58 left
                                                                           
🤖 Running: 39 | ✓ Completed: 261 | ✗ Errors: 0 | ⏱ Avg: 32.5s | ⏳ 0:57 left
                                                                           
🤖 Running: 40 | ✓ Completed: 261 | ✗ Errors: 0 | ⏱ Avg: 32.5s | ⏳ 0:57 left
                                                                           
🤖 Running: 40 | ✓ Completed: 262 | ✗ Errors: 0 | ⏱ Avg: 29.1s | ⏳ 0:55 left
                                                                           
🤖 Running: 40 | ✓ Completed: 263 | ✗ Errors: 0 | ⏱ Avg: 21.7s | ⏳ 0:54 left
                                                                           
🤖 Running: 40 | ✓ Completed: 264 | ✗ Errors: 0 | ⏱ Avg: 21.5s | ⏳ 0:53 left
                                                                           
🤖 Running: 40 | ✓ Completed: 265 | ✗ Errors: 0 | ⏱ Avg: 19.4s | ⏳ 0:53 left
                                                                           
🤖 Running: 40 | ✓ Completed: 266 | ✗ Errors: 0 | ⏱ Avg: 18.4s | ⏳ 0:52 left
                                                                           
🤖 Running: 40 | ✓ Completed: 267 | ✗ Errors: 0 | ⏱ Avg: 19.4s | ⏳ 0:52 left
                                                                           
🤖 Running: 40 | ✓ Completed: 268 | ✗ Errors: 0 | ⏱ Avg: 20.8s | ⏳ 0:51 left
                                                                           
🤖 Running: 40 | ✓ Completed: 269 | ✗ Errors: 0 | ⏱ Avg: 20.4s | ⏳ 0:50 left
                                                                           
🤖 Running: 40 | ✓ Completed: 270 | ✗ Errors: 0 | ⏱ Avg: 24.9s | ⏳ 0:49 left
                                                                           
🤖 Running: 40 | ✓ Completed: 271 | ✗ Errors: 0 | ⏱ Avg: 25.4s | ⏳ 0:48 left
                                                                           
🤖 Running: 40 | ✓ Completed: 272 | ✗ Errors: 0 | ⏱ Avg: 28.7s | ⏳ 0:48 left
                                                                           
🤖 Running: 40 | ✓ Completed: 274 | ✗ Errors: 0 | ⏱ Avg: 31.4s | ⏳ 0:47 left
                                                                           
🤖 Running: 40 | ✓ Completed: 275 | ✗ Errors: 0 | ⏱ Avg: 26.4s | ⏳ 0:47 left
                                                                           
🤖 Running: 40 | ✓ Completed: 276 | ✗ Errors: 0 | ⏱ Avg: 30.3s | ⏳ 0:45 left
                                                                           
🤖 Running: 40 | ✓ Completed: 277 | ✗ Errors: 0 | ⏱ Avg: 31.8s | ⏳ 0:44 left
                                                                           
🤖 Running: 40 | ✓ Completed: 278 | ✗ Errors: 0 | ⏱ Avg: 26.9s | ⏳ 0:44 left
                                                                           
🤖 Running: 40 | ✓ Completed: 279 | ✗ Errors: 0 | ⏱ Avg: 33.4s | ⏳ 0:42 left
                                                                           
🤖 Running: 40 | ✓ Completed: 279 | ✗ Errors: 0 | ⏱ Avg: 33.4s | ⏳ 0:40 left
                                                                           
🤖 Running: 40 | ✓ Completed: 280 | ✗ Errors: 0 | ⏱ Avg: 36.5s | ⏳ 0:40 left
                                                                           
🤖 Running: 40 | ✓ Completed: 281 | ✗ Errors: 0 | ⏱ Avg: 34.6s | ⏳ 0:38 left
                                                                           
🤖 Running: 40 | ✓ Completed: 282 | ✗ Errors: 0 | ⏱ Avg: 38.3s | ⏳ 0:37 left
                                                                           
🤖 Running: 40 | ✓ Completed: 283 | ✗ Errors: 0 | ⏱ Avg: 42.1s | ⏳ 0:36 left
                                                                           
🤖 Running: 40 | ✓ Completed: 284 | ✗ Errors: 0 | ⏱ Avg: 33.0s | ⏳ 0:35 left
                                                                           
🤖 Running: 40 | ✓ Completed: 285 | ✗ Errors: 0 | ⏱ Avg: 33.1s | ⏳ 0:34 left
                                                                           
🤖 Running: 40 | ✓ Completed: 286 | ✗ Errors: 0 | ⏱ Avg: 35.0s | ⏳ 0:34 left
                                                                           
🤖 Running: 40 | ✓ Completed: 287 | ✗ Errors: 0 | ⏱ Avg: 23.0s | ⏳ 0:34 left
                                                                           
🤖 Running: 39 | ✓ Completed: 288 | ✗ Errors: 0 | ⏱ Avg: 24.0s | ⏳ 0:32 left
                                                                           
🤖 Running: 40 | ✓ Completed: 288 | ✗ Errors: 0 | ⏱ Avg: 24.0s | ⏳ 0:32 left
                                                                           
🤖 Running: 40 | ✓ Completed: 289 | ✗ Errors: 0 | ⏱ Avg: 34.4s | ⏳ 0:31 left
                                                                           
🤖 Running: 40 | ✓ Completed: 290 | ✗ Errors: 0 | ⏱ Avg: 40.9s | ⏳ 0:31 left
                                                                           
🤖 Running: 40 | ✓ Completed: 291 | ✗ Errors: 0 | ⏱ Avg: 39.2s | ⏳ 0:30 left
                                                                           
🤖 Running: 40 | ✓ Completed: 292 | ✗ Errors: 0 | ⏱ Avg: 41.3s | ⏳ 0:30 left
                                                                           
🤖 Running: 39 | ✓ Completed: 294 | ✗ Errors: 0 | ⏱ Avg: 33.9s | ⏳ 0:28 left
                                                                           
🤖 Running: 40 | ✓ Completed: 295 | ✗ Errors: 0 | ⏱ Avg: 28.3s | ⏳ 0:28 left
                                                                           
🤖 Running: 40 | ✓ Completed: 296 | ✗ Errors: 0 | ⏱ Avg: 33.4s | ⏳ 0:27 left
                                                                           
🤖 Running: 40 | ✓ Completed: 297 | ✗ Errors: 0 | ⏱ Avg: 33.9s | ⏳ 0:26 left
                                                                           
🤖 Running: 40 | ✓ Completed: 299 | ✗ Errors: 0 | ⏱ Avg: 41.0s | ⏳ 0:26 left
                                                                           
🤖 Running: 40 | ✓ Completed: 300 | ✗ Errors: 0 | ⏱ Avg: 40.0s | ⏳ 0:25 left
                                                                           
🤖 Running: 40 | ✓ Completed: 301 | ✗ Errors: 0 | ⏱ Avg: 36.7s | ⏳ 0:23 left
                                                                           
🤖 Running: 40 | ✓ Completed: 302 | ✗ Errors: 0 | ⏱ Avg: 33.3s | ⏳ 0:22 left
                                                                           
🤖 Running: 40 | ✓ Completed: 303 | ✗ Errors: 0 | ⏱ Avg: 30.5s | ⏳ 0:21 left
                                                                           
🤖 Running: 40 | ✓ Completed: 304 | ✗ Errors: 0 | ⏱ Avg: 26.1s | ⏳ 0:19 left
                                                                           
🤖 Running: 40 | ✓ Completed: 305 | ✗ Errors: 0 | ⏱ Avg: 31.1s | ⏳ 0:19 left
                                                                           
🤖 Running: 40 | ✓ Completed: 306 | ✗ Errors: 0 | ⏱ Avg: 29.6s | ⏳ 0:18 left
                                                                           
🤖 Running: 40 | ✓ Completed: 307 | ✗ Errors: 0 | ⏱ Avg: 30.9s | ⏳ 0:18 left
                                                                           
🤖 Running: 40 | ✓ Completed: 308 | ✗ Errors: 0 | ⏱ Avg: 33.2s | ⏳ 0:17 left
                                                                           
🤖 Running: 40 | ✓ Completed: 308 | ✗ Errors: 0 | ⏱ Avg: 33.2s | ⏳ 0:15 left
                                                                           
🤖 Running: 40 | ✓ Completed: 309 | ✗ Errors: 0 | ⏱ Avg: 31.6s | ⏳ 0:14 left
                                                                           
🤖 Running: 40 | ✓ Completed: 310 | ✗ Errors: 0 | ⏱ Avg: 26.6s | ⏳ 0:14 left
                                                                           
🤖 Running: 40 | ✓ Completed: 311 | ✗ Errors: 0 | ⏱ Avg: 27.1s | ⏳ 0:14 left
                                                                           
🤖 Running: 40 | ✓ Completed: 312 | ✗ Errors: 0 | ⏱ Avg: 28.7s | ⏳ 0:13 left
                                                                           
🤖 Running: 40 | ✓ Completed: 313 | ✗ Errors: 0 | ⏱ Avg: 21.5s | ⏳ 0:13 left
                                                                           
🤖 Running: 40 | ✓ Completed: 314 | ✗ Errors: 0 | ⏱ Avg: 20.6s | ⏳ 0:12 left
                                                                           
🤖 Running: 40 | ✓ Completed: 315 | ✗ Errors: 0 | ⏱ Avg: 19.9s | ⏳ 0:11 left
                                                                           
🤖 Running: 40 | ✓ Completed: 316 | ✗ Errors: 0 | ⏱ Avg: 27.1s | ⏳ 0:10 left
                                                                           
🤖 Running: 40 | ✓ Completed: 317 | ✗ Errors: 0 | ⏱ Avg: 29.4s | ⏳ 0:09 left
                                                                           
🤖 Running: 40 | ✓ Completed: 318 | ✗ Errors: 0 | ⏱ Avg: 34.4s | ⏳ 0:09 left
                                                                           
🤖 Running: 40 | ✓ Completed: 319 | ✗ Errors: 0 | ⏱ Avg: 39.8s | ⏳ 0:08 left
                                                                           
🤖 Running: 40 | ✓ Completed: 320 | ✗ Errors: 0 | ⏱ Avg: 38.7s | ⏳ 0:07 left
                                                                           
🤖 Running: 40 | ✓ Completed: 321 | ✗ Errors: 0 | ⏱ Avg: 36.2s | ⏳ 0:07 left
                                                                           
🤖 Running: 40 | ✓ Completed: 322 | ✗ Errors: 0 | ⏱ Avg: 35.4s | ⏳ 0:05 left
                                                                           
🤖 Running: 40 | ✓ Completed: 323 | ✗ Errors: 0 | ⏱ Avg: 33.0s | ⏳ 0:04 left
                                                                           
🤖 Running: 40 | ✓ Completed: 324 | ✗ Errors: 0 | ⏱ Avg: 27.7s | ⏳ 0:04 left
                                                                           
🤖 Running: 40 | ✓ Completed: 325 | ✗ Errors: 0 | ⏱ Avg: 30.1s | ⏳ 0:03 left
                                                                           
🤖 Running: 40 | ✓ Completed: 326 | ✗ Errors: 0 | ⏱ Avg: 22.1s | ⏳ 0:03 left
                                                                           
🤖 Running: 40 | ✓ Completed: 327 | ✗ Errors: 0 | ⏱ Avg: 18.6s | ⏳ 0:02 left
                                                                           
🤖 Running: 40 | ✓ Completed: 328 | ✗ Errors: 0 | ⏱ Avg: 23.3s | ⏳ 0:02 left
                                                                           
🤖 Running: 40 | ✓ Completed: 329 | ✗ Errors: 0 | ⏱ Avg: 26.5s | ⏳ 0:01 left
                                                                           
🤖 Running: 39 | ✓ Completed: 330 | ✗ Errors: 0 | ⏱ Avg: 25.0s | ⏳ 0:00 left
                                                                                                                                                      
[92m✓ Test completed[0m
[1mTEST RESULTS (n=40 bots)[0m

[1m  BOT OUTCOMES[0m
  ------------------------------------
  Bots started               369
  Completed successfully     331
  Completed with error         0
  Timed out (still running)   38
  Completion rate            [93m90%[0m

[1m  BOT RUNTIMES[0m
  ------------------------------------
  Test duration            304.8s
  Avg runtime               29.4s
  Avg runtime (succeeded)   30.6s
  Avg runtime (timed out)   19.6s

[1m  BOT INIT TIMES (n=369):[0m
  ------------------------------------
  Median            1.358s
  95th percentile   8.186s
  Max              12.432s

[1m  REQUEST METRICS[0m
  ------------------------------------
  Total requests         3155
  Request errors            0
  Throughput      10.35 req/s

[1m  RESPONSE TIMES (n=3155)[0m
  ------------------------------------
  Median           0.105s
  95th percentile  0.478s
  99th percentile  0.977s
  Max              8.092s
  Mean             0.154s
  Std dev          0.311s

[1m  WAIT PAGE TIMES (n=331 pages)[0m
  ------------------------------------
  Median           0.0s
  95th percentile  0.0s
  Max              0.0s

[1m  TRIALS PER BOT (n=331 bots succeeded)[0m
  ------------------------------------
  Min     0
  Median  0
  Max     2

[1m  ASYNC PROCESS TIMES, 1 workers[0m
  ------------------------------------
  No completed async processes.


[1mCUMULATIVE PERFORMANCE TEST SUMMARY
[0m
  Resp P95 — P95 HTTP response time for key endpoints (/timeline, /response)
  Q P95 all — P95 queue delay across all async processes
  vs base — ratio to the first (lowest bot-count) row, if multiple counts are run

    || Bots    Succeeded    Requests    Req/s    Resp P95 (s)  Q P95 all (s)
  ---------  -----------  ----------  -------  --------------  ---------------
         40          331        3155     10.4           0.478  N/A

Bot output log: /tmp/psynet_bots_s6fqha2n.log
Performance results (JSON): ../../evidence/performance.json
✓ Performance test completed
✓ Server stopped (log: /tmp/psynet_server_aj2bfqta.log)
