▶ Starting experiment server...
Server log: /tmp/psynet_server_ji2h0nos.log
⏳ Waiting for server to be ready... Ready!

Bot output log: /tmp/psynet_bots_8b46yyqa.log
[1m================================================================================[0m
[1m⚡ PERFORMANCE TEST SUITE[0m
Bots per test:        40
Test duration:        5.0 min
Bot start stagger:    ~0.1s
Bot time factor:      1.0

[1m================================================================================[0m
[1mTEST 1/1: Running with 40 concurrent bots[0m

▶ Starting load test with 40 concurrent bots for 5.0 minutes...


🤖 Running: 1 | ✓ Completed: 0 | ✗ Errors: 0 | ⏱ Avg: 0.0s | ⏳ 4:59 left
                                                                       
🤖 Running: 2 | ✓ Completed: 0 | ✗ Errors: 0 | ⏱ Avg: 0.0s | ⏳ 4:58 left
                                                                       
🤖 Running: 3 | ✓ Completed: 0 | ✗ Errors: 0 | ⏱ Avg: 0.0s | ⏳ 4:58 left
                                                                       
🤖 Running: 4 | ✓ Completed: 0 | ✗ Errors: 0 | ⏱ Avg: 0.0s | ⏳ 4:58 left
                                                                       
🤖 Running: 5 | ✓ Completed: 0 | ✗ Errors: 0 | ⏱ Avg: 0.0s | ⏳ 4:58 left
                                                                       
🤖 Running: 6 | ✓ Completed: 0 | ✗ Errors: 0 | ⏱ Avg: 0.0s | ⏳ 4:57 left
                                                                       
🤖 Running: 7 | ✓ Completed: 0 | ✗ Errors: 0 | ⏱ Avg: 0.0s | ⏳ 4:57 left
                                                                       
🤖 Running: 8 | ✓ Completed: 0 | ✗ Errors: 0 | ⏱ Avg: 0.0s | ⏳ 4:57 left
                                                                       
🤖 Running: 9 | ✓ Completed: 0 | ✗ Errors: 0 | ⏱ Avg: 0.0s | ⏳ 4:57 left
                                                                       
🤖 Running: 10 | ✓ Completed: 0 | ✗ Errors: 0 | ⏱ Avg: 0.0s | ⏳ 4:56 left
                                                                        
🤖 Running: 11 | ✓ Completed: 0 | ✗ Errors: 0 | ⏱ Avg: 0.0s | ⏳ 4:56 left
                                                                        
🤖 Running: 12 | ✓ Completed: 0 | ✗ Errors: 0 | ⏱ Avg: 0.0s | ⏳ 4:56 left
                                                                        
🤖 Running: 13 | ✓ Completed: 0 | ✗ Errors: 0 | ⏱ Avg: 0.0s | ⏳ 4:56 left
                                                                        
🤖 Running: 14 | ✓ Completed: 0 | ✗ Errors: 0 | ⏱ Avg: 0.0s | ⏳ 4:55 left
                                                                        
🤖 Running: 15 | ✓ Completed: 0 | ✗ Errors: 0 | ⏱ Avg: 0.0s | ⏳ 4:55 left
                                                                        
🤖 Running: 16 | ✓ Completed: 0 | ✗ Errors: 0 | ⏱ Avg: 0.0s | ⏳ 4:55 left
                                                                        
🤖 Running: 17 | ✓ Completed: 0 | ✗ Errors: 0 | ⏱ Avg: 0.0s | ⏳ 4:54 left
                                                                        
🤖 Running: 18 | ✓ Completed: 0 | ✗ Errors: 0 | ⏱ Avg: 0.0s | ⏳ 4:54 left
                                                                        
🤖 Running: 19 | ✓ Completed: 0 | ✗ Errors: 0 | ⏱ Avg: 0.0s | ⏳ 4:54 left
                                                                        
🤖 Running: 20 | ✓ Completed: 0 | ✗ Errors: 0 | ⏱ Avg: 0.0s | ⏳ 4:53 left
                                                                        
🤖 Running: 21 | ✓ Completed: 0 | ✗ Errors: 0 | ⏱ Avg: 0.0s | ⏳ 4:53 left
                                                                        
🤖 Running: 22 | ✓ Completed: 0 | ✗ Errors: 0 | ⏱ Avg: 0.0s | ⏳ 4:53 left
                                                                        
🤖 Running: 23 | ✓ Completed: 0 | ✗ Errors: 0 | ⏱ Avg: 0.0s | ⏳ 4:52 left
                                                                        
🤖 Running: 24 | ✓ Completed: 0 | ✗ Errors: 0 | ⏱ Avg: 0.0s | ⏳ 4:52 left
                                                                        
🤖 Running: 25 | ✓ Completed: 0 | ✗ Errors: 0 | ⏱ Avg: 0.0s | ⏳ 4:51 left
                                                                        
🤖 Running: 26 | ✓ Completed: 0 | ✗ Errors: 0 | ⏱ Avg: 0.0s | ⏳ 4:51 left
                                                                        
🤖 Running: 27 | ✓ Completed: 0 | ✗ Errors: 0 | ⏱ Avg: 0.0s | ⏳ 4:51 left
                                                                        
🤖 Running: 28 | ✓ Completed: 0 | ✗ Errors: 0 | ⏱ Avg: 0.0s | ⏳ 4:51 left
                                                                        
🤖 Running: 29 | ✓ Completed: 0 | ✗ Errors: 0 | ⏱ Avg: 0.0s | ⏳ 4:50 left
                                                                        
🤖 Running: 30 | ✓ Completed: 0 | ✗ Errors: 0 | ⏱ Avg: 0.0s | ⏳ 4:50 left
                                                                        
🤖 Running: 31 | ✓ Completed: 0 | ✗ Errors: 0 | ⏱ Avg: 0.0s | ⏳ 4:49 left
                                                                        
🤖 Running: 32 | ✓ Completed: 0 | ✗ Errors: 0 | ⏱ Avg: 0.0s | ⏳ 4:49 left
                                                                        
🤖 Running: 33 | ✓ Completed: 0 | ✗ Errors: 0 | ⏱ Avg: 0.0s | ⏳ 4:49 left
                                                                        
🤖 Running: 34 | ✓ Completed: 0 | ✗ Errors: 0 | ⏱ Avg: 0.0s | ⏳ 4:48 left
                                                                        
🤖 Running: 35 | ✓ Completed: 0 | ✗ Errors: 0 | ⏱ Avg: 0.0s | ⏳ 4:48 left
                                                                        
🤖 Running: 36 | ✓ Completed: 0 | ✗ Errors: 0 | ⏱ Avg: 0.0s | ⏳ 4:48 left
                                                                        
🤖 Running: 37 | ✓ Completed: 0 | ✗ Errors: 0 | ⏱ Avg: 0.0s | ⏳ 4:47 left
                                                                        
🤖 Running: 38 | ✓ Completed: 0 | ✗ Errors: 0 | ⏱ Avg: 0.0s | ⏳ 4:47 left
                                                                        
🤖 Running: 39 | ✓ Completed: 0 | ✗ Errors: 0 | ⏱ Avg: 0.0s | ⏳ 4:47 left
                                                                        
🤖 Running: 40 | ✓ Completed: 0 | ✗ Errors: 0 | ⏱ Avg: 0.0s | ⏳ 4:46 left
                                                                        
🤖 Running: 40 | ✓ Completed: 0 | ✗ Errors: 0 | ⏱ Avg: 0.0s | ⏳ 4:44 left
                                                                        
🤖 Running: 40 | ✓ Completed: 0 | ✗ Errors: 0 | ⏱ Avg: 0.0s | ⏳ 4:42 left
                                                                        
🤖 Running: 40 | ✓ Completed: 0 | ✗ Errors: 0 | ⏱ Avg: 0.0s | ⏳ 4:40 left
                                                                        
🤖 Running: 40 | ✓ Completed: 0 | ✗ Errors: 0 | ⏱ Avg: 0.0s | ⏳ 4:38 left
                                                                        
🤖 Running: 40 | ✓ Completed: 0 | ✗ Errors: 0 | ⏱ Avg: 0.0s | ⏳ 4:36 left
                                                                        
🤖 Running: 40 | ✓ Completed: 0 | ✗ Errors: 0 | ⏱ Avg: 0.0s | ⏳ 4:34 left
                                                                        
🤖 Running: 40 | ✓ Completed: 0 | ✗ Errors: 0 | ⏱ Avg: 0.0s | ⏳ 4:32 left
                                                                        
🤖 Running: 40 | ✓ Completed: 0 | ✗ Errors: 0 | ⏱ Avg: 0.0s | ⏳ 4:30 left
                                                                        
🤖 Running: 40 | ✓ Completed: 0 | ✗ Errors: 0 | ⏱ Avg: 0.0s | ⏳ 4:28 left
                                                                        
🤖 Running: 40 | ✓ Completed: 0 | ✗ Errors: 0 | ⏱ Avg: 0.0s | ⏳ 4:26 left
                                                                        
🤖 Running: 40 | ✓ Completed: 0 | ✗ Errors: 0 | ⏱ Avg: 0.0s | ⏳ 4:24 left
                                                                        
🤖 Running: 40 | ✓ Completed: 0 | ✗ Errors: 0 | ⏱ Avg: 0.0s | ⏳ 4:22 left
                                                                        
🤖 Running: 40 | ✓ Completed: 0 | ✗ Errors: 0 | ⏱ Avg: 0.0s | ⏳ 4:20 left
                                                                        
🤖 Running: 40 | ✓ Completed: 0 | ✗ Errors: 0 | ⏱ Avg: 0.0s | ⏳ 4:18 left
                                                                        
🤖 Running: 40 | ✓ Completed: 0 | ✗ Errors: 0 | ⏱ Avg: 0.0s | ⏳ 4:16 left
                                                                        
🤖 Running: 40 | ✓ Completed: 0 | ✗ Errors: 0 | ⏱ Avg: 0.0s | ⏳ 4:14 left
                                                                        
🤖 Running: 40 | ✓ Completed: 0 | ✗ Errors: 0 | ⏱ Avg: 0.0s | ⏳ 4:12 left
                                                                        
🤖 Running: 40 | ✓ Completed: 0 | ✗ Errors: 0 | ⏱ Avg: 0.0s | ⏳ 4:10 left
                                                                        
🤖 Running: 40 | ✓ Completed: 0 | ✗ Errors: 0 | ⏱ Avg: 0.0s | ⏳ 4:08 left
                                                                        
🤖 Running: 40 | ✓ Completed: 0 | ✗ Errors: 0 | ⏱ Avg: 0.0s | ⏳ 4:06 left
                                                                        
🤖 Running: 40 | ✓ Completed: 0 | ✗ Errors: 0 | ⏱ Avg: 0.0s | ⏳ 4:04 left
                                                                        
🤖 Running: 40 | ✓ Completed: 0 | ✗ Errors: 0 | ⏱ Avg: 0.0s | ⏳ 4:02 left
                                                                        
🤖 Running: 40 | ✓ Completed: 0 | ✗ Errors: 0 | ⏱ Avg: 0.0s | ⏳ 4:00 left
                                                                        
🤖 Running: 40 | ✓ Completed: 0 | ✗ Errors: 0 | ⏱ Avg: 0.0s | ⏳ 3:58 left
                                                                        
🤖 Running: 40 | ✓ Completed: 0 | ✗ Errors: 0 | ⏱ Avg: 0.0s | ⏳ 3:56 left
                                                                        
🤖 Running: 40 | ✓ Completed: 0 | ✗ Errors: 0 | ⏱ Avg: 0.0s | ⏳ 3:54 left
                                                                        
🤖 Running: 40 | ✓ Completed: 0 | ✗ Errors: 0 | ⏱ Avg: 0.0s | ⏳ 3:52 left
                                                                        
🤖 Running: 40 | ✓ Completed: 0 | ✗ Errors: 0 | ⏱ Avg: 0.0s | ⏳ 3:50 left
                                                                        
🤖 Running: 40 | ✓ Completed: 0 | ✗ Errors: 0 | ⏱ Avg: 0.0s | ⏳ 3:48 left
                                                                        
🤖 Running: 40 | ✓ Completed: 0 | ✗ Errors: 0 | ⏱ Avg: 0.0s | ⏳ 3:46 left
                                                                        
🤖 Running: 40 | ✓ Completed: 0 | ✗ Errors: 0 | ⏱ Avg: 0.0s | ⏳ 3:44 left
                                                                        
🤖 Running: 40 | ✓ Completed: 0 | ✗ Errors: 0 | ⏱ Avg: 0.0s | ⏳ 3:42 left
                                                                        
🤖 Running: 40 | ✓ Completed: 0 | ✗ Errors: 0 | ⏱ Avg: 0.0s | ⏳ 3:40 left
                                                                        
🤖 Running: 40 | ✓ Completed: 0 | ✗ Errors: 0 | ⏱ Avg: 0.0s | ⏳ 3:38 left
                                                                        
🤖 Running: 40 | ✓ Completed: 0 | ✗ Errors: 0 | ⏱ Avg: 0.0s | ⏳ 3:36 left
                                                                        
🤖 Running: 40 | ✓ Completed: 0 | ✗ Errors: 0 | ⏱ Avg: 0.0s | ⏳ 3:34 left
                                                                        
🤖 Running: 40 | ✓ Completed: 0 | ✗ Errors: 0 | ⏱ Avg: 0.0s | ⏳ 3:32 left
                                                                        
🤖 Running: 40 | ✓ Completed: 0 | ✗ Errors: 0 | ⏱ Avg: 0.0s | ⏳ 3:30 left
                                                                        
🤖 Running: 40 | ✓ Completed: 0 | ✗ Errors: 0 | ⏱ Avg: 0.0s | ⏳ 3:28 left
                                                                        
🤖 Running: 40 | ✓ Completed: 0 | ✗ Errors: 0 | ⏱ Avg: 0.0s | ⏳ 3:26 left
                                                                        
🤖 Running: 40 | ✓ Completed: 0 | ✗ Errors: 0 | ⏱ Avg: 0.0s | ⏳ 3:24 left
                                                                        
🤖 Running: 40 | ✓ Completed: 0 | ✗ Errors: 0 | ⏱ Avg: 0.0s | ⏳ 3:22 left
                                                                        
🤖 Running: 40 | ✓ Completed: 0 | ✗ Errors: 0 | ⏱ Avg: 0.0s | ⏳ 3:20 left
                                                                        
🤖 Running: 40 | ✓ Completed: 0 | ✗ Errors: 0 | ⏱ Avg: 0.0s | ⏳ 3:18 left
                                                                        
🤖 Running: 40 | ✓ Completed: 0 | ✗ Errors: 0 | ⏱ Avg: 0.0s | ⏳ 3:16 left
                                                                        
🤖 Running: 40 | ✓ Completed: 0 | ✗ Errors: 0 | ⏱ Avg: 0.0s | ⏳ 3:14 left
                                                                        
🤖 Running: 40 | ✓ Completed: 0 | ✗ Errors: 0 | ⏱ Avg: 0.0s | ⏳ 3:12 left
                                                                        
🤖 Running: 40 | ✓ Completed: 0 | ✗ Errors: 0 | ⏱ Avg: 0.0s | ⏳ 3:10 left
                                                                        
🤖 Running: 40 | ✓ Completed: 0 | ✗ Errors: 0 | ⏱ Avg: 0.0s | ⏳ 3:08 left
                                                                        
🤖 Running: 40 | ✓ Completed: 0 | ✗ Errors: 0 | ⏱ Avg: 0.0s | ⏳ 3:06 left
                                                                        
🤖 Running: 40 | ✓ Completed: 0 | ✗ Errors: 0 | ⏱ Avg: 0.0s | ⏳ 3:04 left
                                                                        
🤖 Running: 40 | ✓ Completed: 0 | ✗ Errors: 0 | ⏱ Avg: 0.0s | ⏳ 3:02 left
                                                                        
🤖 Running: 40 | ✓ Completed: 0 | ✗ Errors: 0 | ⏱ Avg: 0.0s | ⏳ 3:00 left
                                                                        
🤖 Running: 40 | ✓ Completed: 0 | ✗ Errors: 0 | ⏱ Avg: 0.0s | ⏳ 2:58 left
                                                                        
🤖 Running: 40 | ✓ Completed: 0 | ✗ Errors: 0 | ⏱ Avg: 0.0s | ⏳ 2:56 left
                                                                        
🤖 Running: 40 | ✓ Completed: 0 | ✗ Errors: 0 | ⏱ Avg: 0.0s | ⏳ 2:54 left
                                                                        
🤖 Running: 40 | ✓ Completed: 0 | ✗ Errors: 0 | ⏱ Avg: 0.0s | ⏳ 2:52 left
                                                                        
🤖 Running: 40 | ✓ Completed: 0 | ✗ Errors: 0 | ⏱ Avg: 0.0s | ⏳ 2:50 left
                                                                        
🤖 Running: 40 | ✓ Completed: 0 | ✗ Errors: 0 | ⏱ Avg: 0.0s | ⏳ 2:48 left
                                                                        
🤖 Running: 40 | ✓ Completed: 0 | ✗ Errors: 0 | ⏱ Avg: 0.0s | ⏳ 2:46 left
                                                                        
🤖 Running: 40 | ✓ Completed: 0 | ✗ Errors: 0 | ⏱ Avg: 0.0s | ⏳ 2:44 left
                                                                        
🤖 Running: 40 | ✓ Completed: 0 | ✗ Errors: 0 | ⏱ Avg: 0.0s | ⏳ 2:42 left
                                                                        
🤖 Running: 40 | ✓ Completed: 0 | ✗ Errors: 0 | ⏱ Avg: 0.0s | ⏳ 2:40 left
                                                                        
🤖 Running: 40 | ✓ Completed: 0 | ✗ Errors: 0 | ⏱ Avg: 0.0s | ⏳ 2:38 left
                                                                        
🤖 Running: 40 | ✓ Completed: 0 | ✗ Errors: 0 | ⏱ Avg: 0.0s | ⏳ 2:36 left
                                                                        
🤖 Running: 40 | ✓ Completed: 0 | ✗ Errors: 0 | ⏱ Avg: 0.0s | ⏳ 2:34 left
                                                                        
🤖 Running: 40 | ✓ Completed: 0 | ✗ Errors: 0 | ⏱ Avg: 0.0s | ⏳ 2:32 left
                                                                        
🤖 Running: 40 | ✓ Completed: 0 | ✗ Errors: 0 | ⏱ Avg: 0.0s | ⏳ 2:30 left
                                                                        
🤖 Running: 40 | ✓ Completed: 0 | ✗ Errors: 0 | ⏱ Avg: 0.0s | ⏳ 2:28 left
                                                                        
🤖 Running: 40 | ✓ Completed: 0 | ✗ Errors: 0 | ⏱ Avg: 0.0s | ⏳ 2:26 left
                                                                        
🤖 Running: 40 | ✓ Completed: 0 | ✗ Errors: 0 | ⏱ Avg: 0.0s | ⏳ 2:24 left
                                                                        
🤖 Running: 40 | ✓ Completed: 0 | ✗ Errors: 0 | ⏱ Avg: 0.0s | ⏳ 2:22 left
                                                                        
🤖 Running: 40 | ✓ Completed: 0 | ✗ Errors: 0 | ⏱ Avg: 0.0s | ⏳ 2:20 left
                                                                        
🤖 Running: 40 | ✓ Completed: 0 | ✗ Errors: 0 | ⏱ Avg: 0.0s | ⏳ 2:18 left
                                                                        
🤖 Running: 40 | ✓ Completed: 0 | ✗ Errors: 0 | ⏱ Avg: 0.0s | ⏳ 2:16 left
                                                                        
🤖 Running: 40 | ✓ Completed: 0 | ✗ Errors: 0 | ⏱ Avg: 0.0s | ⏳ 2:14 left
                                                                        
🤖 Running: 40 | ✓ Completed: 0 | ✗ Errors: 0 | ⏱ Avg: 0.0s | ⏳ 2:12 left
                                                                        
🤖 Running: 40 | ✓ Completed: 0 | ✗ Errors: 0 | ⏱ Avg: 0.0s | ⏳ 2:10 left
                                                                        
🤖 Running: 40 | ✓ Completed: 0 | ✗ Errors: 0 | ⏱ Avg: 0.0s | ⏳ 2:08 left
                                                                        
🤖 Running: 40 | ✓ Completed: 0 | ✗ Errors: 0 | ⏱ Avg: 0.0s | ⏳ 2:06 left
                                                                        
🤖 Running: 40 | ✓ Completed: 0 | ✗ Errors: 0 | ⏱ Avg: 0.0s | ⏳ 2:04 left
                                                                        
🤖 Running: 40 | ✓ Completed: 0 | ✗ Errors: 0 | ⏱ Avg: 0.0s | ⏳ 2:02 left
                                                                        
🤖 Running: 40 | ✓ Completed: 0 | ✗ Errors: 0 | ⏱ Avg: 0.0s | ⏳ 1:59 left
                                                                        
🤖 Running: 40 | ✓ Completed: 0 | ✗ Errors: 0 | ⏱ Avg: 0.0s | ⏳ 1:57 left
                                                                        
🤖 Running: 40 | ✓ Completed: 0 | ✗ Errors: 0 | ⏱ Avg: 0.0s | ⏳ 1:55 left
                                                                        
🤖 Running: 40 | ✓ Completed: 0 | ✗ Errors: 0 | ⏱ Avg: 0.0s | ⏳ 1:53 left
                                                                        
🤖 Running: 40 | ✓ Completed: 0 | ✗ Errors: 0 | ⏱ Avg: 0.0s | ⏳ 1:51 left
                                                                        
🤖 Running: 40 | ✓ Completed: 0 | ✗ Errors: 0 | ⏱ Avg: 0.0s | ⏳ 1:49 left
                                                                        
🤖 Running: 40 | ✓ Completed: 0 | ✗ Errors: 0 | ⏱ Avg: 0.0s | ⏳ 1:47 left
                                                                        
🤖 Running: 40 | ✓ Completed: 0 | ✗ Errors: 0 | ⏱ Avg: 0.0s | ⏳ 1:45 left
                                                                        
🤖 Running: 40 | ✓ Completed: 0 | ✗ Errors: 0 | ⏱ Avg: 0.0s | ⏳ 1:43 left
                                                                        
🤖 Running: 40 | ✓ Completed: 0 | ✗ Errors: 0 | ⏱ Avg: 0.0s | ⏳ 1:41 left
                                                                        
🤖 Running: 40 | ✓ Completed: 0 | ✗ Errors: 0 | ⏱ Avg: 0.0s | ⏳ 1:39 left
                                                                        
🤖 Running: 40 | ✓ Completed: 0 | ✗ Errors: 0 | ⏱ Avg: 0.0s | ⏳ 1:37 left
                                                                        
🤖 Running: 40 | ✓ Completed: 0 | ✗ Errors: 0 | ⏱ Avg: 0.0s | ⏳ 1:35 left
                                                                        
🤖 Running: 40 | ✓ Completed: 0 | ✗ Errors: 0 | ⏱ Avg: 0.0s | ⏳ 1:33 left
                                                                        
🤖 Running: 40 | ✓ Completed: 0 | ✗ Errors: 0 | ⏱ Avg: 0.0s | ⏳ 1:31 left
                                                                        
🤖 Running: 40 | ✓ Completed: 0 | ✗ Errors: 0 | ⏱ Avg: 0.0s | ⏳ 1:29 left
                                                                        
🤖 Running: 40 | ✓ Completed: 0 | ✗ Errors: 0 | ⏱ Avg: 0.0s | ⏳ 1:27 left
                                                                        
🤖 Running: 40 | ✓ Completed: 0 | ✗ Errors: 0 | ⏱ Avg: 0.0s | ⏳ 1:25 left
                                                                        
🤖 Running: 40 | ✓ Completed: 0 | ✗ Errors: 0 | ⏱ Avg: 0.0s | ⏳ 1:23 left
                                                                        
🤖 Running: 40 | ✓ Completed: 0 | ✗ Errors: 0 | ⏱ Avg: 0.0s | ⏳ 1:21 left
                                                                        
🤖 Running: 40 | ✓ Completed: 0 | ✗ Errors: 0 | ⏱ Avg: 0.0s | ⏳ 1:19 left
                                                                        
🤖 Running: 40 | ✓ Completed: 0 | ✗ Errors: 0 | ⏱ Avg: 0.0s | ⏳ 1:17 left
                                                                        
🤖 Running: 40 | ✓ Completed: 0 | ✗ Errors: 0 | ⏱ Avg: 0.0s | ⏳ 1:15 left
                                                                        
🤖 Running: 40 | ✓ Completed: 0 | ✗ Errors: 0 | ⏱ Avg: 0.0s | ⏳ 1:13 left
                                                                        
🤖 Running: 40 | ✓ Completed: 0 | ✗ Errors: 0 | ⏱ Avg: 0.0s | ⏳ 1:11 left
                                                                        
🤖 Running: 40 | ✓ Completed: 0 | ✗ Errors: 0 | ⏱ Avg: 0.0s | ⏳ 1:09 left
                                                                        
🤖 Running: 40 | ✓ Completed: 0 | ✗ Errors: 0 | ⏱ Avg: 0.0s | ⏳ 1:07 left
                                                                        
🤖 Running: 40 | ✓ Completed: 0 | ✗ Errors: 0 | ⏱ Avg: 0.0s | ⏳ 1:05 left
                                                                        
🤖 Running: 40 | ✓ Completed: 0 | ✗ Errors: 0 | ⏱ Avg: 0.0s | ⏳ 1:03 left
                                                                        
🤖 Running: 40 | ✓ Completed: 0 | ✗ Errors: 0 | ⏱ Avg: 0.0s | ⏳ 1:01 left
                                                                        
🤖 Running: 40 | ✓ Completed: 0 | ✗ Errors: 0 | ⏱ Avg: 0.0s | ⏳ 0:59 left
                                                                        
🤖 Running: 40 | ✓ Completed: 0 | ✗ Errors: 0 | ⏱ Avg: 0.0s | ⏳ 0:57 left
                                                                        
🤖 Running: 40 | ✓ Completed: 0 | ✗ Errors: 0 | ⏱ Avg: 0.0s | ⏳ 0:55 left
                                                                        
🤖 Running: 40 | ✓ Completed: 0 | ✗ Errors: 0 | ⏱ Avg: 0.0s | ⏳ 0:53 left
                                                                        
🤖 Running: 40 | ✓ Completed: 0 | ✗ Errors: 0 | ⏱ Avg: 0.0s | ⏳ 0:51 left
                                                                        
🤖 Running: 40 | ✓ Completed: 0 | ✗ Errors: 0 | ⏱ Avg: 0.0s | ⏳ 0:49 left
                                                                        
🤖 Running: 40 | ✓ Completed: 1 | ✗ Errors: 0 | ⏱ Avg: 237.9s | ⏳ 0:48 left
                                                                          
🤖 Running: 40 | ✓ Completed: 2 | ✗ Errors: 0 | ⏱ Avg: 238.0s | ⏳ 0:46 left
                                                                          
🤖 Running: 40 | ✓ Completed: 2 | ✗ Errors: 0 | ⏱ Avg: 238.0s | ⏳ 0:44 left
                                                                          
🤖 Running: 40 | ✓ Completed: 2 | ✗ Errors: 0 | ⏱ Avg: 238.0s | ⏳ 0:42 left
                                                                          
🤖 Running: 40 | ✓ Completed: 2 | ✗ Errors: 0 | ⏱ Avg: 238.0s | ⏳ 0:40 left
                                                                          
🤖 Running: 40 | ✓ Completed: 2 | ✗ Errors: 0 | ⏱ Avg: 238.0s | ⏳ 0:38 left
                                                                          
🤖 Running: 40 | ✓ Completed: 3 | ✗ Errors: 0 | ⏱ Avg: 240.5s | ⏳ 0:37 left
                                                                          
🤖 Running: 40 | ✓ Completed: 3 | ✗ Errors: 0 | ⏱ Avg: 240.5s | ⏳ 0:35 left
                                                                          
🤖 Running: 40 | ✓ Completed: 3 | ✗ Errors: 0 | ⏱ Avg: 240.5s | ⏳ 0:33 left
                                                                          
🤖 Running: 40 | ✓ Completed: 4 | ✗ Errors: 0 | ⏱ Avg: 244.0s | ⏳ 0:31 left
                                                                          
🤖 Running: 40 | ✓ Completed: 4 | ✗ Errors: 0 | ⏱ Avg: 244.0s | ⏳ 0:29 left
                                                                          
🤖 Running: 40 | ✓ Completed: 4 | ✗ Errors: 0 | ⏱ Avg: 244.0s | ⏳ 0:27 left
                                                                          
🤖 Running: 40 | ✓ Completed: 4 | ✗ Errors: 0 | ⏱ Avg: 244.0s | ⏳ 0:25 left
                                                                          
🤖 Running: 40 | ✓ Completed: 4 | ✗ Errors: 0 | ⏱ Avg: 244.0s | ⏳ 0:23 left
                                                                          
🤖 Running: 40 | ✓ Completed: 5 | ✗ Errors: 0 | ⏱ Avg: 250.5s | ⏳ 0:22 left
                                                                          
🤖 Running: 40 | ✓ Completed: 5 | ✗ Errors: 0 | ⏱ Avg: 250.5s | ⏳ 0:20 left
                                                                          
🤖 Running: 40 | ✓ Completed: 5 | ✗ Errors: 0 | ⏱ Avg: 250.5s | ⏳ 0:18 left
                                                                          
🤖 Running: 40 | ✓ Completed: 5 | ✗ Errors: 0 | ⏱ Avg: 250.5s | ⏳ 0:16 left
                                                                          
🤖 Running: 40 | ✓ Completed: 5 | ✗ Errors: 0 | ⏱ Avg: 250.5s | ⏳ 0:14 left
                                                                          
🤖 Running: 40 | ✓ Completed: 5 | ✗ Errors: 0 | ⏱ Avg: 250.5s | ⏳ 0:12 left
                                                                          
🤖 Running: 40 | ✓ Completed: 5 | ✗ Errors: 0 | ⏱ Avg: 250.5s | ⏳ 0:10 left
                                                                          
🤖 Running: 40 | ✓ Completed: 6 | ✗ Errors: 0 | ⏱ Avg: 258.4s | ⏳ 0:08 left
                                                                          
🤖 Running: 40 | ✓ Completed: 6 | ✗ Errors: 0 | ⏱ Avg: 258.4s | ⏳ 0:06 left
                                                                          
🤖 Running: 40 | ✓ Completed: 6 | ✗ Errors: 0 | ⏱ Avg: 258.4s | ⏳ 0:04 left
                                                                          
🤖 Running: 40 | ✓ Completed: 6 | ✗ Errors: 0 | ⏱ Avg: 258.4s | ⏳ 0:02 left
                                                                          
🤖 Running: 40 | ✓ Completed: 7 | ✗ Errors: 0 | ⏱ Avg: 267.2s | ⏳ 0:02 left
                                                                          
🤖 Running: 40 | ✓ Completed: 7 | ✗ Errors: 0 | ⏱ Avg: 267.2s | ⏳ 0:00 left
                                                                                                                                                      
[92m✓ Test completed[0m
[1mTEST RESULTS (n=40 bots)[0m

[1m  BOT OUTCOMES[0m
  ------------------------------------
  Bots started                47
  Completed successfully       7
  Completed with error         0
  Timed out (still running)   40
  Completion rate            [93m15%[0m

[1m  BOT RUNTIMES[0m
  ------------------------------------
  Test duration            304.8s
  Avg runtime              243.6s
  Avg runtime (succeeded)  258.8s
  Avg runtime (timed out)  241.0s

[1m  BOT INIT TIMES (n=47):[0m
  ------------------------------------
  Median            6.179s
  95th percentile  11.693s
  Max              11.984s

[1m  REQUEST METRICS[0m
  ------------------------------------
  Total requests         3142
  Request errors            0
  Throughput      10.31 req/s

[1m  RESPONSE TIMES (n=3142)[0m
  ------------------------------------
  Median           0.139s
  95th percentile  1.438s
  99th percentile  1.765s
  Max              5.823s
  Mean             0.452s
  Std dev          0.539s

[1m  WAIT PAGE TIMES (n=7 pages)[0m
  ------------------------------------
  Median           29.0s
  95th percentile  31.0s
  Max              31.0s

[1m  TRIALS PER BOT (n=7 bots succeeded)[0m
  ------------------------------------
  Min     0
  Median  0
  Max     0

[1m  ASYNC PROCESS TIMES, 1 workers[0m
  ------------------------------------
  No completed async processes.


[1mCUMULATIVE PERFORMANCE TEST SUMMARY
[0m
  Resp Med — median HTTP response time for key endpoints (/timeline, /response)
  Resp P95 — P95 HTTP response time for key endpoints (/timeline, /response)
  Q P95 all — P95 queue delay across all async processes
  vs base — ratio to the first (lowest bot-count) row, if multiple counts are run

    || Bots    Succeeded    Requests    Req/s    Resp Med (s)    Resp P95 (s)  Q P95 all (s)
  ---------  -----------  ----------  -------  --------------  --------------  ---------------
         40            7        3142     10.3           0.139           1.438  N/A

Bot output log: /tmp/psynet_bots_8b46yyqa.log
Performance results (JSON): ../../evidence/performance.json
✓ Performance test completed
✓ Server stopped (log: /tmp/psynet_server_ji2h0nos.log)
