
❯❯ Experiment directory size: 0.018 MB.

Creating networks:   0%|          | 0/3 [00:00<?, ?it/s]
Creating networks: 100%|██████████| 3/3 [00:00<00:00, 4689.87it/s]

Staging assets:   0%|          | 0/3 [00:00<?, ?it/s]
Staging assets: 100%|██████████| 3/3 [00:00<00:00, 149796.57it/s]
✓ config.txt is PRESENT
✓ experiment.py is PRESENT
✓ Size OK at 0MB (max is 256MB)
✓ experiment.py defines 1 experiment
✓ no file conflicts


❯❯ Experiment UID: 3c64eb3d-cc33-f7e7-1fc0-244cbd217a2b
Deployment temp directory: /tmp/tmpz201uc12/3c64eb3d-cc33-f7e7-1fc0-244cbd217a2b

❯❯ Starting up the Heroku Local server...
(node:13353) [DEP0060] DeprecationWarning: The `util._extend` API is deprecated. Please use Object.assign() instead.
(Use `node --trace-deprecation ...` to show where the warning was created)
6:15:58 AM web.1    |  [2026-06-06 06:15:58 +0000] [13362] [INFO] Starting gunicorn 25.3.0

❯❯ Server is running on http://localhost:5000. Press Ctrl+C to exit.

❯❯ Launching the experiment...

❯❯ Initial recruitment list:
http://localhost:5000/ad?recruiter=hotair&assignmentId=CWADUA&hitId=AOK7ZK&workerId=WRAID3&mode=debug
Additional details:

Single recruitment link: http://localhost:5000/ad?recruiter=hotair&generate_tokens=1&mode=debug

Recruitment requests will open browser windows automatically.

❯❯ Experiment dashboard: http://localhost:5000/dashboard/

❯❯ Dashboard user: admin password: [REDACTED]

❯❯ Monitoring the Heroku Local server for recruitment or completion...
6:15:58 AM web.1    |  [2026-06-06 06:15:58 +0000] [13362] [INFO] Listening at: http://0.0.0.0:5000 (13362)
6:15:58 AM web.1    |  [2026-06-06 06:15:58 +0000] [13362] [INFO] Using worker: gevent
6:15:58 AM web.1    |  2026-06-06 06:15:58,128 Ready.
6:15:58 AM web.1    |  [2026-06-06 06:15:58 +0000] [13385] [INFO] Booting worker with pid: 13385
6:15:58 AM web.1    |  [2026-06-06 06:15:58 +0000] [13362] [INFO] Control socket listening at /home/ubuntu/.gunicorn/gunicorn.ctl
6:15:58 AM web.1    |  2026-06-06 06:15:58,179 A worker restarted (new pid: 13385). Please check the logs to find out why ⚠️
6:15:59 AM web.1    |  2026-06-06 06:15:59,269 Launched experiment "Primary color rating" (`69f2ce00-7fe5-4960-8b26-01fe5e539740`) locally
6:15:59 AM web.1    |  2026-06-06 06:15:59,270 [1mExperiment dashboard[0m: http://localhost:5000/dashboard
6:15:59 AM web.1    |  Username: `[REDACTED]`
6:15:59 AM web.1    |  Password: `[REDACTED]`
6:15:59 AM web.1    |  2026-06-06 06:15:59,270 Experiment launch complete!
6:15:59 AM web.1    |  2026-06-06 06:15:59,270 New participant requested: http://localhost:5000/ad?recruiter=hotair&assignmentId=CWADUA&hitId=AOK7ZK&workerId=WRAID3&mode=debug

❯❯ new recruitment request!

❯❯ New participant requested:: http://localhost:5000/ad?recruiter=hotair&assignmentId=CWADUA&hitId=AOK7ZK&workerId=WRAID3&mode=debug
6:15:59 AM web.1    |  127.0.0.1 - - [06/Jun/2026:06:15:59 +0000] "POST /launch HTTP/1.1" 200 357 "-" "python-requests/2.33.1"
6:16:25 AM web.1    |  127.0.0.1 - - [06/Jun/2026:06:16:25 +0000] "GET /timeline?unique_id=71db24a4-9acc-4955-b05c-f1213bfd4ade%3A0fe5a9df-6518-43fd-87a9-0f4ea6092a02 HTTP/1.1" 200 73816 "-" "python-requests/2.33.1"
6:16:25 AM web.1    |  127.0.0.1 - - [06/Jun/2026:06:16:25 +0000] "GET /dashboard/login HTTP/1.1" 200 5469 "-" "python-requests/2.33.1"
6:16:25 AM web.1    |  /home/ubuntu/PsyNet/.venv/lib/python3.13/site-packages/flask_login/login_manager.py:488: DeprecationWarning: datetime.datetime.utcnow() is deprecated and scheduled for removal in a future version. Use timezone-aware objects to represent datetimes in UTC: datetime.datetime.now(datetime.UTC).
6:16:25 AM web.1    |    expires = datetime.utcnow() + duration
6:16:25 AM web.1    |  127.0.0.1 - - [06/Jun/2026:06:16:25 +0000] "POST /dashboard/login HTTP/1.1" 302 219 "-" "python-requests/2.33.1"
6:16:25 AM web.1    |  127.0.0.1 - - [06/Jun/2026:06:16:25 +0000] "GET /dashboard/index HTTP/1.1" 200 12581 "-" "python-requests/2.33.1"
6:16:25 AM web.1    |  127.0.0.1 - - [06/Jun/2026:06:16:25 +0000] "GET /dashboard/index HTTP/1.1" 200 12451 "-" "python-requests/2.33.1"
6:16:25 AM web.1    |  127.0.0.1 - - [06/Jun/2026:06:16:25 +0000] "GET /participant_status/1 HTTP/1.1" 200 0 "-" "python-requests/2.33.1"
6:16:25 AM web.1    |  2026-06-06 06:16:25,389 Received a response from participant 1 on page 25e9b0ad-88c8-c9dd-23a5-abd25b081ecf.
6:16:25 AM web.1    |  2026-06-06 06:16:25,412 Preparing trial for participant 1.
6:16:25 AM web.1    |  2026-06-06 06:16:25,412 Looking for networks for participant 1.
6:16:25 AM web.1    |  2026-06-06 06:16:25,428 3 remain after applying custom network filters.
6:16:25 AM web.1    |  2026-06-06 06:16:25,428 0 out of 3 networks are awaiting async processes (or have nodes awaiting async processes).
6:16:25 AM web.1    |  2026-06-06 06:16:25,428 Task 'find_networks' took 0.016 s
6:16:25 AM web.1    |  2026-06-06 06:16:25,428 Outcome: found 1 candidate network(s) for participant 1.
6:16:25 AM web.1    |  2026-06-06 06:16:25,428 Selected node 3 from network 3 to give to participant 1.
6:16:25 AM web.1    |  2026-06-06 06:16:25,436 Task 'prepare_trial' took 0.024 s
6:16:25 AM web.1    |  2026-06-06 06:16:25,436 Task '_prepare_trial' took 0.024 s
6:16:25 AM web.1    |  2026-06-06 06:16:25,441 Evaluating while_loop (Waiting for trial) condition: result = False
6:16:25 AM web.1    |  2026-06-06 06:16:25,442 Evaluating while_loop (color_ratings__trial_loop) condition: result = True
6:16:25 AM web.1    |  2026-06-06 06:16:25,443 Task 'advance_page' took 0.049 s
6:16:25 AM web.1    |  127.0.0.1 - - [06/Jun/2026:06:16:25 +0000] "POST /response HTTP/1.1" 200 299 "-" "python-requests/2.33.1"
6:16:25 AM web.1    |  127.0.0.1 - - [06/Jun/2026:06:16:25 +0000] "GET /participant_status/1 HTTP/1.1" 200 0 "-" "python-requests/2.33.1"
6:16:25 AM web.1    |  127.0.0.1 - - [06/Jun/2026:06:16:25 +0000] "GET /timeline?unique_id=71db24a4-9acc-4955-b05c-f1213bfd4ade%3A0fe5a9df-6518-43fd-87a9-0f4ea6092a02 HTTP/1.1" 200 79519 "-" "python-requests/2.33.1"
6:16:25 AM web.1    |  2026-06-06 06:16:25,673 Received a response from participant 1 on page 8ae17555-9cbe-aa7b-170d-78a27e719b4e.
6:16:25 AM web.1    |  2026-06-06 06:16:25,679 Calling _finalize_trial.
6:16:25 AM web.1    |  2026-06-06 06:16:25,685 Checking if we should run async_post_trial... no need, as no async_post_trial method is defined.
6:16:25 AM web.1    |  2026-06-06 06:16:25,686 Allocating a performance reward of $0.00 to participant 1 for trial 1.
6:16:25 AM web.1    |  2026-06-06 06:16:25,694 Preparing trial for participant 1.
6:16:25 AM web.1    |  2026-06-06 06:16:25,694 Looking for networks for participant 1.
6:16:25 AM web.1    |  2026-06-06 06:16:25,700 2 remain after applying custom network filters.
6:16:25 AM web.1    |  2026-06-06 06:16:25,701 0 out of 2 networks are awaiting async processes (or have nodes awaiting async processes).
6:16:25 AM web.1    |  2026-06-06 06:16:25,701 Outcome: found 1 candidate network(s) for participant 1.
6:16:25 AM web.1    |  2026-06-06 06:16:25,701 Selected node 2 from network 2 to give to participant 1.
6:16:25 AM web.1    |  2026-06-06 06:16:25,706 Task 'prepare_trial' took 0.012 s
6:16:25 AM web.1    |  2026-06-06 06:16:25,706 Task '_prepare_trial' took 0.012 s
6:16:25 AM web.1    |  2026-06-06 06:16:25,710 Evaluating while_loop (Waiting for trial) condition: result = False
6:16:25 AM web.1    |  2026-06-06 06:16:25,710 Evaluating while_loop (color_ratings__trial_loop) condition: result = True
6:16:25 AM web.1    |  2026-06-06 06:16:25,711 Task 'advance_page' took 0.032 s
6:16:25 AM web.1    |  127.0.0.1 - - [06/Jun/2026:06:16:25 +0000] "POST /response HTTP/1.1" 200 299 "-" "python-requests/2.33.1"
6:16:25 AM web.1    |  127.0.0.1 - - [06/Jun/2026:06:16:25 +0000] "GET /participant_status/1 HTTP/1.1" 200 0 "-" "python-requests/2.33.1"
6:16:25 AM web.1    |  127.0.0.1 - - [06/Jun/2026:06:16:25 +0000] "GET /timeline?unique_id=71db24a4-9acc-4955-b05c-f1213bfd4ade%3A0fe5a9df-6518-43fd-87a9-0f4ea6092a02 HTTP/1.1" 200 79521 "-" "python-requests/2.33.1"
6:16:25 AM web.1    |  2026-06-06 06:16:25,835 Received a response from participant 1 on page cd0200ce-cb3a-3d90-dfb8-f7c5173bfcd3.
6:16:25 AM web.1    |  2026-06-06 06:16:25,841 Calling _finalize_trial.
6:16:25 AM web.1    |  2026-06-06 06:16:25,844 Checking if we should run async_post_trial... no need, as no async_post_trial method is defined.
6:16:25 AM web.1    |  2026-06-06 06:16:25,846 Allocating a performance reward of $0.00 to participant 1 for trial 2.
6:16:25 AM web.1    |  2026-06-06 06:16:25,851 Preparing trial for participant 1.
6:16:25 AM web.1    |  2026-06-06 06:16:25,851 Looking for networks for participant 1.
6:16:25 AM web.1    |  2026-06-06 06:16:25,857 1 remain after applying custom network filters.
6:16:25 AM web.1    |  2026-06-06 06:16:25,857 0 out of 1 networks are awaiting async processes (or have nodes awaiting async processes).
6:16:25 AM web.1    |  2026-06-06 06:16:25,857 Outcome: found 1 candidate network(s) for participant 1.
6:16:25 AM web.1    |  2026-06-06 06:16:25,857 Selected node 1 from network 1 to give to participant 1.
6:16:25 AM web.1    |  2026-06-06 06:16:25,861 Task 'prepare_trial' took 0.010 s
6:16:25 AM web.1    |  2026-06-06 06:16:25,861 Task '_prepare_trial' took 0.010 s
6:16:25 AM web.1    |  2026-06-06 06:16:25,865 Evaluating while_loop (Waiting for trial) condition: result = False
6:16:25 AM web.1    |  2026-06-06 06:16:25,866 Evaluating while_loop (color_ratings__trial_loop) condition: result = True
6:16:25 AM web.1    |  2026-06-06 06:16:25,866 Task 'advance_page' took 0.025 s
6:16:25 AM web.1    |  127.0.0.1 - - [06/Jun/2026:06:16:25 +0000] "POST /response HTTP/1.1" 200 299 "-" "python-requests/2.33.1"
6:16:25 AM web.1    |  127.0.0.1 - - [06/Jun/2026:06:16:25 +0000] "GET /participant_status/1 HTTP/1.1" 200 0 "-" "python-requests/2.33.1"
6:16:25 AM web.1    |  127.0.0.1 - - [06/Jun/2026:06:16:25 +0000] "GET /timeline?unique_id=71db24a4-9acc-4955-b05c-f1213bfd4ade%3A0fe5a9df-6518-43fd-87a9-0f4ea6092a02 HTTP/1.1" 200 79517 "-" "python-requests/2.33.1"
6:16:25 AM web.1    |  2026-06-06 06:16:25,989 Received a response from participant 1 on page 99d7b4d0-8dc3-78c7-b484-305534331749.
6:16:25 AM web.1    |  2026-06-06 06:16:25,995 Calling _finalize_trial.
6:16:25 AM web.1    |  2026-06-06 06:16:25,998 Checking if we should run async_post_trial... no need, as no async_post_trial method is defined.
6:16:25 AM web.1    |  2026-06-06 06:16:25,999 Allocating a performance reward of $0.00 to participant 1 for trial 3.
6:16:26 AM web.1    |  2026-06-06 06:16:26,003 Preparing trial for participant 1.
6:16:26 AM web.1    |  2026-06-06 06:16:26,003 Looking for networks for participant 1.
6:16:26 AM web.1    |  2026-06-06 06:16:26,003 N completed trials (3) >= N trials per participant (3), skipping forward
6:16:26 AM web.1    |  2026-06-06 06:16:26,003 Outcome of find_networks: exit
6:16:26 AM web.1    |  2026-06-06 06:16:26,005 Evaluating while_loop (Waiting for trial) condition: result = False
6:16:26 AM web.1    |  2026-06-06 06:16:26,005 Evaluating while_loop (color_ratings__trial_loop) condition: result = False
6:16:26 AM web.1    |  2026-06-06 06:16:26,005 Task 'advance_page' took 0.011 s
6:16:26 AM web.1    |  127.0.0.1 - - [06/Jun/2026:06:16:26 +0000] "POST /response HTTP/1.1" 200 296 "-" "python-requests/2.33.1"
6:16:26 AM web.1    |  127.0.0.1 - - [06/Jun/2026:06:16:26 +0000] "GET /participant_status/1 HTTP/1.1" 200 0 "-" "python-requests/2.33.1"
6:16:26 AM web.1    |  127.0.0.1 - - [06/Jun/2026:06:16:26 +0000] "GET /timeline?unique_id=71db24a4-9acc-4955-b05c-f1213bfd4ade%3A0fe5a9df-6518-43fd-87a9-0f4ea6092a02 HTTP/1.1" 200 73774 "-" "python-requests/2.33.1"
6:16:26 AM web.1    |  2026-06-06 06:16:26,122 Received a response from participant 1 on page c1ad3ae2-aae7-37a8-5f17-985c0e46b140.
6:16:26 AM web.1    |  127.0.0.1 - - [06/Jun/2026:06:16:26 +0000] "POST /response HTTP/1.1" 200 299 "-" "python-requests/2.33.1"
6:16:26 AM web.1    |  127.0.0.1 - - [06/Jun/2026:06:16:26 +0000] "GET /participant_status/1 HTTP/1.1" 200 0 "-" "python-requests/2.33.1"
6:16:26 AM web.1    |  127.0.0.1 - - [06/Jun/2026:06:16:26 +0000] "GET /timeline?unique_id=71db24a4-9acc-4955-b05c-f1213bfd4ade%3A0fe5a9df-6518-43fd-87a9-0f4ea6092a02 HTTP/1.1" 200 74230 "-" "python-requests/2.33.1"
6:16:26 AM web.1    |  2026-06-06 06:16:26,249 Received a response from participant 1 on page fd4fafc3-83fd-cf1e-b6b1-70f50f34be48.
6:16:26 AM web.1    |  127.0.0.1 - - [06/Jun/2026:06:16:26 +0000] "POST /response HTTP/1.1" 200 305 "-" "python-requests/2.33.1"
6:16:26 AM web.1    |  127.0.0.1 - - [06/Jun/2026:06:16:26 +0000] "GET /participant_status/1 HTTP/1.1" 200 0 "-" "python-requests/2.33.1"
6:16:26 AM web.1    |  127.0.0.1 - - [06/Jun/2026:06:16:26 +0000] "GET /timeline?unique_id=71db24a4-9acc-4955-b05c-f1213bfd4ade%3A0fe5a9df-6518-43fd-87a9-0f4ea6092a02 HTTP/1.1" 200 72673 "-" "python-requests/2.33.1"
6:16:34 AM web.1    |  127.0.0.1 - - [06/Jun/2026:06:16:34 +0000] "GET /dashboard/login HTTP/1.1" 200 6047 "-" "python-requests/2.33.1"
6:16:34 AM web.1    |  127.0.0.1 - - [06/Jun/2026:06:16:34 +0000] "POST /dashboard/login HTTP/1.1" 302 219 "-" "python-requests/2.33.1"
6:16:34 AM web.1    |  127.0.0.1 - - [06/Jun/2026:06:16:34 +0000] "GET /dashboard/index HTTP/1.1" 200 13159 "-" "python-requests/2.33.1"
6:16:34 AM web.1    |  127.0.0.1 - - [06/Jun/2026:06:16:34 +0000] "GET /dashboard/index HTTP/1.1" 200 13029 "-" "python-requests/2.33.1"
6:16:34 AM web.1    |  127.0.0.1 - - [06/Jun/2026:06:16:34 +0000] "GET /dashboard/timeline HTTP/1.1" 200 9154 "-" "python-requests/2.33.1"
6:16:34 AM web.1    |  127.0.0.1 - - [06/Jun/2026:06:16:34 +0000] "GET /dashboard/data HTTP/1.1" 200 13680 "-" "python-requests/2.33.1"
6:18:07 AM clock.1  |  Session idle in transaction! pid=14779, idle_time=0:00:01.764944, last_query=SELECT info.id AS info_id, info.creation_time AS info_creation_time, info.property1 AS info_property1, info.property2 AS info_property2, info.property3 AS info_property3, info.property4 AS info_property4, info.property5 AS info_property5, info.failed AS info_failed, info.failed_reason AS info_failed_reason, info.time_of_death AS info_time_of_death, info.details AS info_details, info.type AS info_type, info.origin_id AS 
6:18:07 AM clock.1  |  >  info_origin_id, info.network_id AS info_network_id, info.contents AS info_contents, info.complete AS info_complete, info.node_id AS info_node_id, info.participant_id AS info_participant_id, info.module_state_id AS info_module_state_id, info.trial_maker_id AS info_trial_maker_id, info.definition AS info_definition, info.finalized AS info_finalized, info.is_repeat_trial AS info_is_repeat_trial, info.score AS info_score, info.performance_reward AS info_performance_reward, info.parent_trial_id AS in
6:18:07 AM clock.1  |  >  fo_parent_trial_id, info.answer AS info_answer, info.propagate_failure AS info_propagate_failure, in
6:18:07 AM clock.1  |  Session idle in transaction! pid=14779, idle_time=0:00:11.764991, last_query=SELECT info.id AS info_id, info.creation_time AS info_creation_time, info.property1 AS info_property1, info.property2 AS info_property2, info.property3 AS info_property3, info.property4 AS info_property4, info.property5 AS info_property5, info.failed AS info_failed, info.failed_reason AS info_failed_reason, info.time_of_death AS info_time_of_death, info.details AS info_details, info.type AS info_type, info.origin_id AS 
6:18:07 AM clock.1  |  >  info_origin_id, info.network_id AS info_network_id, info.contents AS info_contents, info.complete AS info_complete, info.node_id AS info_node_id, info.participant_id AS info_participant_id, info.module_state_id AS info_module_state_id, info.trial_maker_id AS info_trial_maker_id, info.definition AS info_definition, info.finalized AS info_finalized, info.is_repeat_trial AS info_is_repeat_trial, info.score AS info_score, info.performance_reward AS info_performance_reward, info.parent_trial_id AS in
6:18:07 AM clock.1  |  >  fo_parent_trial_id, info.answer AS info_answer, info.propagate_failure AS info_propagate_failure, in
6:18:07 AM clock.1  |  Session idle in transaction! pid=14779, idle_time=0:00:21.764944, last_query=SELECT info.id AS info_id, info.creation_time AS info_creation_time, info.property1 AS info_property1, info.property2 AS info_property2, info.property3 AS info_property3, info.property4 AS info_property4, info.property5 AS info_property5, info.failed AS info_failed, info.failed_reason AS info_failed_reason, info.time_of_death AS info_time_of_death, info.details AS info_details, info.type AS info_type, info.origin_id AS 
6:18:07 AM clock.1  |  >  info_origin_id, info.network_id AS info_network_id, info.contents AS info_contents, info.complete AS info_complete, info.node_id AS info_node_id, info.participant_id AS info_participant_id, info.module_state_id AS info_module_state_id, info.trial_maker_id AS info_trial_maker_id, info.definition AS info_definition, info.finalized AS info_finalized, info.is_repeat_trial AS info_is_repeat_trial, info.score AS info_score, info.performance_reward AS info_performance_reward, info.parent_trial_id AS in
6:18:07 AM clock.1  |  >  fo_parent_trial_id, info.answer AS info_answer, info.propagate_failure AS info_propagate_failure, in
6:18:07 AM clock.1  |  Session idle in transaction! pid=14779, idle_time=0:00:31.765575, last_query=SELECT info.id AS info_id, info.creation_time AS info_creation_time, info.property1 AS info_property1, info.property2 AS info_property2, info.property3 AS info_property3, info.property4 AS info_property4, info.property5 AS info_property5, info.failed AS info_failed, info.failed_reason AS info_failed_reason, info.time_of_death AS info_time_of_death, info.details AS info_details, info.type AS info_type, info.origin_id AS 
6:18:07 AM clock.1  |  >  info_origin_id, info.network_id AS info_network_id, info.contents AS info_contents, info.complete AS info_complete, info.node_id AS info_node_id, info.participant_id AS info_participant_id, info.module_state_id AS info_module_state_id, info.trial_maker_id AS info_trial_maker_id, info.definition AS info_definition, info.finalized AS info_finalized, info.is_repeat_trial AS info_is_repeat_trial, info.score AS info_score, info.performance_reward AS info_performance_reward, info.parent_trial_id AS in
6:18:07 AM clock.1  |  >  fo_parent_trial_id, info.answer AS info_answer, info.propagate_failure AS info_propagate_failure, in
6:18:07 AM clock.1  |  Session idle in transaction! pid=14779, idle_time=0:00:41.765044, last_query=SELECT info.id AS info_id, info.creation_time AS info_creation_time, info.property1 AS info_property1, info.property2 AS info_property2, info.property3 AS info_property3, info.property4 AS info_property4, info.property5 AS info_property5, info.failed AS info_failed, info.failed_reason AS info_failed_reason, info.time_of_death AS info_time_of_death, info.details AS info_details, info.type AS info_type, info.origin_id AS 
6:18:07 AM clock.1  |  >  info_origin_id, info.network_id AS info_network_id, info.contents AS info_contents, info.complete AS info_complete, info.node_id AS info_node_id, info.participant_id AS info_participant_id, info.module_state_id AS info_module_state_id, info.trial_maker_id AS info_trial_maker_id, info.definition AS info_definition, info.finalized AS info_finalized, info.is_repeat_trial AS info_is_repeat_trial, info.score AS info_score, info.performance_reward AS info_performance_reward, info.parent_trial_id AS in
6:18:07 AM clock.1  |  >  fo_parent_trial_id, info.answer AS info_answer, info.propagate_failure AS info_propagate_failure, in
6:18:07 AM clock.1  |  Session idle in transaction! pid=14779, idle_time=0:00:51.765058, last_query=SELECT info.id AS info_id, info.creation_time AS info_creation_time, info.property1 AS info_property1, info.property2 AS info_property2, info.property3 AS info_property3, info.property4 AS info_property4, info.property5 AS info_property5, info.failed AS info_failed, info.failed_reason AS info_failed_reason, info.time_of_death AS info_time_of_death, info.details AS info_details, info.type AS info_type, info.origin_id AS 
6:18:07 AM clock.1  |  >  info_origin_id, info.network_id AS info_network_id, info.contents AS info_contents, info.complete AS info_complete, info.node_id AS info_node_id, info.participant_id AS info_participant_id, info.module_state_id AS info_module_state_id, info.trial_maker_id AS info_trial_maker_id, info.definition AS info_definition, info.finalized AS info_finalized, info.is_repeat_trial AS info_is_repeat_trial, info.score AS info_score, info.performance_reward AS info_performance_reward, info.parent_trial_id AS in
6:18:07 AM clock.1  |  >  fo_parent_trial_id, info.answer AS info_answer, info.propagate_failure AS info_propagate_failure, in
6:18:07 AM clock.1  |  Session idle in transaction! pid=14779, idle_time=0:01:01.765378, last_query=SELECT info.id AS info_id, info.creation_time AS info_creation_time, info.property1 AS info_property1, info.property2 AS info_property2, info.property3 AS info_property3, info.property4 AS info_property4, info.property5 AS info_property5, info.failed AS info_failed, info.failed_reason AS info_failed_reason, info.time_of_death AS info_time_of_death, info.details AS info_details, info.type AS info_type, info.origin_id AS 
6:18:07 AM clock.1  |  >  info_origin_id, info.network_id AS info_network_id, info.contents AS info_contents, info.complete AS info_complete, info.node_id AS info_node_id, info.participant_id AS info_participant_id, info.module_state_id AS info_module_state_id, info.trial_maker_id AS info_trial_maker_id, info.definition AS info_definition, info.finalized AS info_finalized, info.is_repeat_trial AS info_is_repeat_trial, info.score AS info_score, info.performance_reward AS info_performance_reward, info.parent_trial_id AS in
6:18:07 AM clock.1  |  >  fo_parent_trial_id, info.answer AS info_answer, info.propagate_failure AS info_propagate_failure, in
6:18:07 AM clock.1  |  Session idle in transaction! pid=14779, idle_time=0:01:11.764954, last_query=SELECT info.id AS info_id, info.creation_time AS info_creation_time, info.property1 AS info_property1, info.property2 AS info_property2, info.property3 AS info_property3, info.property4 AS info_property4, info.property5 AS info_property5, info.failed AS info_failed, info.failed_reason AS info_failed_reason, info.time_of_death AS info_time_of_death, info.details AS info_details, info.type AS info_type, info.origin_id AS 
6:18:07 AM clock.1  |  >  info_origin_id, info.network_id AS info_network_id, info.contents AS info_contents, info.complete AS info_complete, info.node_id AS info_node_id, info.participant_id AS info_participant_id, info.module_state_id AS info_module_state_id, info.trial_maker_id AS info_trial_maker_id, info.definition AS info_definition, info.finalized AS info_finalized, info.is_repeat_trial AS info_is_repeat_trial, info.score AS info_score, info.performance_reward AS info_performance_reward, info.parent_trial_id AS in
6:18:07 AM clock.1  |  >  fo_parent_trial_id, info.answer AS info_answer, info.propagate_failure AS info_propagate_failure, in
6:19:27 AM clock.1  |  Session idle in transaction! pid=14779, idle_time=0:01:21.765122, last_query=SELECT info.id AS info_id, info.creation_time AS info_creation_time, info.property1 AS info_property1, info.property2 AS info_property2, info.property3 AS info_property3, info.property4 AS info_property4, info.property5 AS info_property5, info.failed AS info_failed, info.failed_reason AS info_failed_reason, info.time_of_death AS info_time_of_death, info.details AS info_details, info.type AS info_type, info.origin_id AS 
6:19:27 AM clock.1  |  >  info_origin_id, info.network_id AS info_network_id, info.contents AS info_contents, info.complete AS info_complete, info.node_id AS info_node_id, info.participant_id AS info_participant_id, info.module_state_id AS info_module_state_id, info.trial_maker_id AS info_trial_maker_id, info.definition AS info_definition, info.finalized AS info_finalized, info.is_repeat_trial AS info_is_repeat_trial, info.score AS info_score, info.performance_reward AS info_performance_reward, info.parent_trial_id AS in
6:19:27 AM clock.1  |  >  fo_parent_trial_id, info.answer AS info_answer, info.propagate_failure AS info_propagate_failure, in
6:19:27 AM clock.1  |  Session idle in transaction! pid=14779, idle_time=0:01:31.765413, last_query=SELECT info.id AS info_id, info.creation_time AS info_creation_time, info.property1 AS info_property1, info.property2 AS info_property2, info.property3 AS info_property3, info.property4 AS info_property4, info.property5 AS info_property5, info.failed AS info_failed, info.failed_reason AS info_failed_reason, info.time_of_death AS info_time_of_death, info.details AS info_details, info.type AS info_type, info.origin_id AS 
6:19:27 AM clock.1  |  >  info_origin_id, info.network_id AS info_network_id, info.contents AS info_contents, info.complete AS info_complete, info.node_id AS info_node_id, info.participant_id AS info_participant_id, info.module_state_id AS info_module_state_id, info.trial_maker_id AS info_trial_maker_id, info.definition AS info_definition, info.finalized AS info_finalized, info.is_repeat_trial AS info_is_repeat_trial, info.score AS info_score, info.performance_reward AS info_performance_reward, info.parent_trial_id AS in
6:19:27 AM clock.1  |  >  fo_parent_trial_id, info.answer AS info_answer, info.propagate_failure AS info_propagate_failure, in
6:19:27 AM clock.1  |  Session idle in transaction! pid=14779, idle_time=0:01:41.764908, last_query=SELECT info.id AS info_id, info.creation_time AS info_creation_time, info.property1 AS info_property1, info.property2 AS info_property2, info.property3 AS info_property3, info.property4 AS info_property4, info.property5 AS info_property5, info.failed AS info_failed, info.failed_reason AS info_failed_reason, info.time_of_death AS info_time_of_death, info.details AS info_details, info.type AS info_type, info.origin_id AS 
6:19:27 AM clock.1  |  >  info_origin_id, info.network_id AS info_network_id, info.contents AS info_contents, info.complete AS info_complete, info.node_id AS info_node_id, info.participant_id AS info_participant_id, info.module_state_id AS info_module_state_id, info.trial_maker_id AS info_trial_maker_id, info.definition AS info_definition, info.finalized AS info_finalized, info.is_repeat_trial AS info_is_repeat_trial, info.score AS info_score, info.performance_reward AS info_performance_reward, info.parent_trial_id AS in
6:19:27 AM clock.1  |  >  fo_parent_trial_id, info.answer AS info_answer, info.propagate_failure AS info_propagate_failure, in
6:19:27 AM clock.1  |  Session idle in transaction! pid=14779, idle_time=0:01:51.765018, last_query=SELECT info.id AS info_id, info.creation_time AS info_creation_time, info.property1 AS info_property1, info.property2 AS info_property2, info.property3 AS info_property3, info.property4 AS info_property4, info.property5 AS info_property5, info.failed AS info_failed, info.failed_reason AS info_failed_reason, info.time_of_death AS info_time_of_death, info.details AS info_details, info.type AS info_type, info.origin_id AS 
6:19:27 AM clock.1  |  >  info_origin_id, info.network_id AS info_network_id, info.contents AS info_contents, info.complete AS info_complete, info.node_id AS info_node_id, info.participant_id AS info_participant_id, info.module_state_id AS info_module_state_id, info.trial_maker_id AS info_trial_maker_id, info.definition AS info_definition, info.finalized AS info_finalized, info.is_repeat_trial AS info_is_repeat_trial, info.score AS info_score, info.performance_reward AS info_performance_reward, info.parent_trial_id AS in
6:19:27 AM clock.1  |  >  fo_parent_trial_id, info.answer AS info_answer, info.propagate_failure AS info_propagate_failure, in
6:19:27 AM clock.1  |  Session idle in transaction! pid=14779, idle_time=0:02:01.765238, last_query=SELECT info.id AS info_id, info.creation_time AS info_creation_time, info.property1 AS info_property1, info.property2 AS info_property2, info.property3 AS info_property3, info.property4 AS info_property4, info.property5 AS info_property5, info.failed AS info_failed, info.failed_reason AS info_failed_reason, info.time_of_death AS info_time_of_death, info.details AS info_details, info.type AS info_type, info.origin_id AS 
6:19:27 AM clock.1  |  >  info_origin_id, info.network_id AS info_network_id, info.contents AS info_contents, info.complete AS info_complete, info.node_id AS info_node_id, info.participant_id AS info_participant_id, info.module_state_id AS info_module_state_id, info.trial_maker_id AS info_trial_maker_id, info.definition AS info_definition, info.finalized AS info_finalized, info.is_repeat_trial AS info_is_repeat_trial, info.score AS info_score, info.performance_reward AS info_performance_reward, info.parent_trial_id AS in
6:19:27 AM clock.1  |  >  fo_parent_trial_id, info.answer AS info_answer, info.propagate_failure AS info_propagate_failure, in
6:19:27 AM clock.1  |  Session idle in transaction! pid=14779, idle_time=0:02:11.765414, last_query=SELECT info.id AS info_id, info.creation_time AS info_creation_time, info.property1 AS info_property1, info.property2 AS info_property2, info.property3 AS info_property3, info.property4 AS info_property4, info.property5 AS info_property5, info.failed AS info_failed, info.failed_reason AS info_failed_reason, info.time_of_death AS info_time_of_death, info.details AS info_details, info.type AS info_type, info.origin_id AS 
6:19:27 AM clock.1  |  >  info_origin_id, info.network_id AS info_network_id, info.contents AS info_contents, info.complete AS info_complete, info.node_id AS info_node_id, info.participant_id AS info_participant_id, info.module_state_id AS info_module_state_id, info.trial_maker_id AS info_trial_maker_id, info.definition AS info_definition, info.finalized AS info_finalized, info.is_repeat_trial AS info_is_repeat_trial, info.score AS info_score, info.performance_reward AS info_performance_reward, info.parent_trial_id AS in
6:19:27 AM clock.1  |  >  fo_parent_trial_id, info.answer AS info_answer, info.propagate_failure AS info_propagate_failure, in
6:19:27 AM clock.1  |  Session idle in transaction! pid=14779, idle_time=0:02:21.765267, last_query=SELECT info.id AS info_id, info.creation_time AS info_creation_time, info.property1 AS info_property1, info.property2 AS info_property2, info.property3 AS info_property3, info.property4 AS info_property4, info.property5 AS info_property5, info.failed AS info_failed, info.failed_reason AS info_failed_reason, info.time_of_death AS info_time_of_death, info.details AS info_details, info.type AS info_type, info.origin_id AS 
6:19:27 AM clock.1  |  >  info_origin_id, info.network_id AS info_network_id, info.contents AS info_contents, info.complete AS info_complete, info.node_id AS info_node_id, info.participant_id AS info_participant_id, info.module_state_id AS info_module_state_id, info.trial_maker_id AS info_trial_maker_id, info.definition AS info_definition, info.finalized AS info_finalized, info.is_repeat_trial AS info_is_repeat_trial, info.score AS info_score, info.performance_reward AS info_performance_reward, info.parent_trial_id AS in
6:19:27 AM clock.1  |  >  fo_parent_trial_id, info.answer AS info_answer, info.propagate_failure AS info_propagate_failure, in
6:19:27 AM clock.1  |  Session idle in transaction! pid=14779, idle_time=0:02:31.765615, last_query=SELECT info.id AS info_id, info.creation_time AS info_creation_time, info.property1 AS info_property1, info.property2 AS info_property2, info.property3 AS info_property3, info.property4 AS info_property4, info.property5 AS info_property5, info.failed AS info_failed, info.failed_reason AS info_failed_reason, info.time_of_death AS info_time_of_death, info.details AS info_details, info.type AS info_type, info.origin_id AS 
6:19:27 AM clock.1  |  >  info_origin_id, info.network_id AS info_network_id, info.contents AS info_contents, info.complete AS info_complete, info.node_id AS info_node_id, info.participant_id AS info_participant_id, info.module_state_id AS info_module_state_id, info.trial_maker_id AS info_trial_maker_id, info.definition AS info_definition, info.finalized AS info_finalized, info.is_repeat_trial AS info_is_repeat_trial, info.score AS info_score, info.performance_reward AS info_performance_reward, info.parent_trial_id AS in
6:19:27 AM clock.1  |  >  fo_parent_trial_id, info.answer AS info_answer, info.propagate_failure AS info_propagate_failure, in
6:20:47 AM clock.1  |  Session idle in transaction! pid=14779, idle_time=0:02:41.764966, last_query=SELECT info.id AS info_id, info.creation_time AS info_creation_time, info.property1 AS info_property1, info.property2 AS info_property2, info.property3 AS info_property3, info.property4 AS info_property4, info.property5 AS info_property5, info.failed AS info_failed, info.failed_reason AS info_failed_reason, info.time_of_death AS info_time_of_death, info.details AS info_details, info.type AS info_type, info.origin_id AS 
6:20:47 AM clock.1  |  >  info_origin_id, info.network_id AS info_network_id, info.contents AS info_contents, info.complete AS info_complete, info.node_id AS info_node_id, info.participant_id AS info_participant_id, info.module_state_id AS info_module_state_id, info.trial_maker_id AS info_trial_maker_id, info.definition AS info_definition, info.finalized AS info_finalized, info.is_repeat_trial AS info_is_repeat_trial, info.score AS info_score, info.performance_reward AS info_performance_reward, info.parent_trial_id AS in
6:20:47 AM clock.1  |  >  fo_parent_trial_id, info.answer AS info_answer, info.propagate_failure AS info_propagate_failure, in
6:20:47 AM clock.1  |  Session idle in transaction! pid=14779, idle_time=0:02:51.764870, last_query=SELECT info.id AS info_id, info.creation_time AS info_creation_time, info.property1 AS info_property1, info.property2 AS info_property2, info.property3 AS info_property3, info.property4 AS info_property4, info.property5 AS info_property5, info.failed AS info_failed, info.failed_reason AS info_failed_reason, info.time_of_death AS info_time_of_death, info.details AS info_details, info.type AS info_type, info.origin_id AS 
6:20:47 AM clock.1  |  >  info_origin_id, info.network_id AS info_network_id, info.contents AS info_contents, info.complete AS info_complete, info.node_id AS info_node_id, info.participant_id AS info_participant_id, info.module_state_id AS info_module_state_id, info.trial_maker_id AS info_trial_maker_id, info.definition AS info_definition, info.finalized AS info_finalized, info.is_repeat_trial AS info_is_repeat_trial, info.score AS info_score, info.performance_reward AS info_performance_reward, info.parent_trial_id AS in
6:20:47 AM clock.1  |  >  fo_parent_trial_id, info.answer AS info_answer, info.propagate_failure AS info_propagate_failure, in
6:20:47 AM clock.1  |  Session idle in transaction! pid=14779, idle_time=0:03:01.765554, last_query=SELECT info.id AS info_id, info.creation_time AS info_creation_time, info.property1 AS info_property1, info.property2 AS info_property2, info.property3 AS info_property3, info.property4 AS info_property4, info.property5 AS info_property5, info.failed AS info_failed, info.failed_reason AS info_failed_reason, info.time_of_death AS info_time_of_death, info.details AS info_details, info.type AS info_type, info.origin_id AS 
6:20:47 AM clock.1  |  >  info_origin_id, info.network_id AS info_network_id, info.contents AS info_contents, info.complete AS info_complete, info.node_id AS info_node_id, info.participant_id AS info_participant_id, info.module_state_id AS info_module_state_id, info.trial_maker_id AS info_trial_maker_id, info.definition AS info_definition, info.finalized AS info_finalized, info.is_repeat_trial AS info_is_repeat_trial, info.score AS info_score, info.performance_reward AS info_performance_reward, info.parent_trial_id AS in
6:20:47 AM clock.1  |  >  fo_parent_trial_id, info.answer AS info_answer, info.propagate_failure AS info_propagate_failure, in
6:20:47 AM clock.1  |  Session idle in transaction! pid=14779, idle_time=0:03:11.764885, last_query=SELECT info.id AS info_id, info.creation_time AS info_creation_time, info.property1 AS info_property1, info.property2 AS info_property2, info.property3 AS info_property3, info.property4 AS info_property4, info.property5 AS info_property5, info.failed AS info_failed, info.failed_reason AS info_failed_reason, info.time_of_death AS info_time_of_death, info.details AS info_details, info.type AS info_type, info.origin_id AS 
6:20:47 AM clock.1  |  >  info_origin_id, info.network_id AS info_network_id, info.contents AS info_contents, info.complete AS info_complete, info.node_id AS info_node_id, info.participant_id AS info_participant_id, info.module_state_id AS info_module_state_id, info.trial_maker_id AS info_trial_maker_id, info.definition AS info_definition, info.finalized AS info_finalized, info.is_repeat_trial AS info_is_repeat_trial, info.score AS info_score, info.performance_reward AS info_performance_reward, info.parent_trial_id AS in
6:20:47 AM clock.1  |  >  fo_parent_trial_id, info.answer AS info_answer, info.propagate_failure AS info_propagate_failure, in
6:20:47 AM clock.1  |  Session idle in transaction! pid=14779, idle_time=0:03:21.765437, last_query=SELECT info.id AS info_id, info.creation_time AS info_creation_time, info.property1 AS info_property1, info.property2 AS info_property2, info.property3 AS info_property3, info.property4 AS info_property4, info.property5 AS info_property5, info.failed AS info_failed, info.failed_reason AS info_failed_reason, info.time_of_death AS info_time_of_death, info.details AS info_details, info.type AS info_type, info.origin_id AS 
6:20:47 AM clock.1  |  >  info_origin_id, info.network_id AS info_network_id, info.contents AS info_contents, info.complete AS info_complete, info.node_id AS info_node_id, info.participant_id AS info_participant_id, info.module_state_id AS info_module_state_id, info.trial_maker_id AS info_trial_maker_id, info.definition AS info_definition, info.finalized AS info_finalized, info.is_repeat_trial AS info_is_repeat_trial, info.score AS info_score, info.performance_reward AS info_performance_reward, info.parent_trial_id AS in
6:20:47 AM clock.1  |  >  fo_parent_trial_id, info.answer AS info_answer, info.propagate_failure AS info_propagate_failure, in
6:20:47 AM clock.1  |  Session idle in transaction! pid=14779, idle_time=0:03:31.765497, last_query=SELECT info.id AS info_id, info.creation_time AS info_creation_time, info.property1 AS info_property1, info.property2 AS info_property2, info.property3 AS info_property3, info.property4 AS info_property4, info.property5 AS info_property5, info.failed AS info_failed, info.failed_reason AS info_failed_reason, info.time_of_death AS info_time_of_death, info.details AS info_details, info.type AS info_type, info.origin_id AS 
6:20:47 AM clock.1  |  >  info_origin_id, info.network_id AS info_network_id, info.contents AS info_contents, info.complete AS info_complete, info.node_id AS info_node_id, info.participant_id AS info_participant_id, info.module_state_id AS info_module_state_id, info.trial_maker_id AS info_trial_maker_id, info.definition AS info_definition, info.finalized AS info_finalized, info.is_repeat_trial AS info_is_repeat_trial, info.score AS info_score, info.performance_reward AS info_performance_reward, info.parent_trial_id AS in
6:20:47 AM clock.1  |  >  fo_parent_trial_id, info.answer AS info_answer, info.propagate_failure AS info_propagate_failure, in
6:20:47 AM clock.1  |  Session idle in transaction! pid=14779, idle_time=0:03:41.765053, last_query=SELECT info.id AS info_id, info.creation_time AS info_creation_time, info.property1 AS info_property1, info.property2 AS info_property2, info.property3 AS info_property3, info.property4 AS info_property4, info.property5 AS info_property5, info.failed AS info_failed, info.failed_reason AS info_failed_reason, info.time_of_death AS info_time_of_death, info.details AS info_details, info.type AS info_type, info.origin_id AS 
6:20:47 AM clock.1  |  >  info_origin_id, info.network_id AS info_network_id, info.contents AS info_contents, info.complete AS info_complete, info.node_id AS info_node_id, info.participant_id AS info_participant_id, info.module_state_id AS info_module_state_id, info.trial_maker_id AS info_trial_maker_id, info.definition AS info_definition, info.finalized AS info_finalized, info.is_repeat_trial AS info_is_repeat_trial, info.score AS info_score, info.performance_reward AS info_performance_reward, info.parent_trial_id AS in
6:20:47 AM clock.1  |  >  fo_parent_trial_id, info.answer AS info_answer, info.propagate_failure AS info_propagate_failure, in
6:20:47 AM clock.1  |  Session idle in transaction! pid=14779, idle_time=0:03:51.764985, last_query=SELECT info.id AS info_id, info.creation_time AS info_creation_time, info.property1 AS info_property1, info.property2 AS info_property2, info.property3 AS info_property3, info.property4 AS info_property4, info.property5 AS info_property5, info.failed AS info_failed, info.failed_reason AS info_failed_reason, info.time_of_death AS info_time_of_death, info.details AS info_details, info.type AS info_type, info.origin_id AS 
6:20:47 AM clock.1  |  >  info_origin_id, info.network_id AS info_network_id, info.contents AS info_contents, info.complete AS info_complete, info.node_id AS info_node_id, info.participant_id AS info_participant_id, info.module_state_id AS info_module_state_id, info.trial_maker_id AS info_trial_maker_id, info.definition AS info_definition, info.finalized AS info_finalized, info.is_repeat_trial AS info_is_repeat_trial, info.score AS info_score, info.performance_reward AS info_performance_reward, info.parent_trial_id AS in
6:20:47 AM clock.1  |  >  fo_parent_trial_id, info.answer AS info_answer, info.propagate_failure AS info_propagate_failure, in
6:22:01 AM web.1    |  127.0.0.1 - - [06/Jun/2026:06:22:01 +0000] "GET /dashboard/login HTTP/1.1" 200 6047 "-" "python-requests/2.33.1"
6:22:01 AM web.1    |  127.0.0.1 - - [06/Jun/2026:06:22:01 +0000] "POST /dashboard/login HTTP/1.1" 302 219 "-" "python-requests/2.33.1"
6:22:01 AM web.1    |  127.0.0.1 - - [06/Jun/2026:06:22:01 +0000] "GET /dashboard/index HTTP/1.1" 200 13159 "-" "python-requests/2.33.1"
6:22:01 AM web.1    |  127.0.0.1 - - [06/Jun/2026:06:22:01 +0000] "GET /dashboard/index HTTP/1.1" 200 13029 "-" "python-requests/2.33.1"
6:22:01 AM web.1    |  127.0.0.1 - - [06/Jun/2026:06:22:01 +0000] "GET /request_statistics HTTP/1.1" 200 67 "-" "python-requests/2.33.1"
6:22:03 AM web.1    |  127.0.0.1 - - [06/Jun/2026:06:22:03 +0000] "GET /timeline?unique_id=79cf9130-0bfe-4791-987f-22ec34ca530a%3A52ead79a-5bf9-4466-81dc-7a13c103529c HTTP/1.1" 200 73816 "-" "python-requests/2.33.1"
6:22:03 AM web.1    |  127.0.0.1 - - [06/Jun/2026:06:22:03 +0000] "GET /dashboard/login HTTP/1.1" 200 6047 "-" "python-requests/2.33.1"
6:22:03 AM web.1    |  127.0.0.1 - - [06/Jun/2026:06:22:03 +0000] "POST /dashboard/login HTTP/1.1" 302 219 "-" "python-requests/2.33.1"
6:22:03 AM web.1    |  127.0.0.1 - - [06/Jun/2026:06:22:03 +0000] "GET /dashboard/index HTTP/1.1" 200 13159 "-" "python-requests/2.33.1"
6:22:03 AM web.1    |  127.0.0.1 - - [06/Jun/2026:06:22:03 +0000] "GET /dashboard/index HTTP/1.1" 200 13029 "-" "python-requests/2.33.1"
6:22:03 AM web.1    |  127.0.0.1 - - [06/Jun/2026:06:22:03 +0000] "GET /participant_status/2 HTTP/1.1" 200 0 "-" "python-requests/2.33.1"
6:22:03 AM web.1    |  2026-06-06 06:22:03,140 Received a response from participant 2 on page 864d192a-3c66-1ff5-588e-feba1728136f.
6:22:03 AM web.1    |  2026-06-06 06:22:03,152 Preparing trial for participant 2.
6:22:03 AM web.1    |  2026-06-06 06:22:03,152 Looking for networks for participant 2.
6:22:03 AM web.1    |  2026-06-06 06:22:03,157 3 remain after applying custom network filters.
6:22:03 AM web.1    |  2026-06-06 06:22:03,157 0 out of 3 networks are awaiting async processes (or have nodes awaiting async processes).
6:22:03 AM web.1    |  2026-06-06 06:22:03,157 Outcome: found 1 candidate network(s) for participant 2.
6:22:03 AM web.1    |  2026-06-06 06:22:03,157 Selected node 2 from network 2 to give to participant 2.
6:22:03 AM web.1    |  2026-06-06 06:22:03,163 Task 'prepare_trial' took 0.011 s
6:22:03 AM web.1    |  2026-06-06 06:22:03,163 Task '_prepare_trial' took 0.011 s
6:22:03 AM web.1    |  2026-06-06 06:22:03,165 Evaluating while_loop (Waiting for trial) condition: result = False
6:22:03 AM web.1    |  2026-06-06 06:22:03,166 Evaluating while_loop (color_ratings__trial_loop) condition: result = True
6:22:03 AM web.1    |  2026-06-06 06:22:03,167 Task 'advance_page' took 0.023 s
6:22:03 AM web.1    |  127.0.0.1 - - [06/Jun/2026:06:22:03 +0000] "POST /response HTTP/1.1" 200 299 "-" "python-requests/2.33.1"
6:22:03 AM web.1    |  127.0.0.1 - - [06/Jun/2026:06:22:03 +0000] "GET /participant_status/2 HTTP/1.1" 200 0 "-" "python-requests/2.33.1"
6:22:03 AM web.1    |  127.0.0.1 - - [06/Jun/2026:06:22:03 +0000] "GET /timeline?unique_id=79cf9130-0bfe-4791-987f-22ec34ca530a%3A52ead79a-5bf9-4466-81dc-7a13c103529c HTTP/1.1" 200 79521 "-" "python-requests/2.33.1"
6:22:03 AM web.1    |  2026-06-06 06:22:03,291 Received a response from participant 2 on page 1c3d921d-b213-14c8-2e6e-5260f75c1ccf.
6:22:03 AM web.1    |  2026-06-06 06:22:03,297 Calling _finalize_trial.
6:22:03 AM web.1    |  2026-06-06 06:22:03,301 Checking if we should run async_post_trial... no need, as no async_post_trial method is defined.
6:22:03 AM web.1    |  2026-06-06 06:22:03,303 Allocating a performance reward of $0.00 to participant 2 for trial 4.
6:22:03 AM web.1    |  2026-06-06 06:22:03,308 Preparing trial for participant 2.
6:22:03 AM web.1    |  2026-06-06 06:22:03,308 Looking for networks for participant 2.
6:22:03 AM web.1    |  2026-06-06 06:22:03,314 2 remain after applying custom network filters.
6:22:03 AM web.1    |  2026-06-06 06:22:03,315 0 out of 2 networks are awaiting async processes (or have nodes awaiting async processes).
6:22:03 AM web.1    |  2026-06-06 06:22:03,315 Outcome: found 1 candidate network(s) for participant 2.
6:22:03 AM web.1    |  2026-06-06 06:22:03,315 Selected node 3 from network 3 to give to participant 2.
6:22:03 AM web.1    |  2026-06-06 06:22:03,319 Task 'prepare_trial' took 0.011 s
6:22:03 AM web.1    |  2026-06-06 06:22:03,319 Task '_prepare_trial' took 0.011 s
6:22:03 AM web.1    |  2026-06-06 06:22:03,323 Evaluating while_loop (Waiting for trial) condition: result = False
6:22:03 AM web.1    |  2026-06-06 06:22:03,324 Evaluating while_loop (color_ratings__trial_loop) condition: result = True
6:22:03 AM web.1    |  2026-06-06 06:22:03,324 Task 'advance_page' took 0.027 s
6:22:03 AM web.1    |  127.0.0.1 - - [06/Jun/2026:06:22:03 +0000] "POST /response HTTP/1.1" 200 299 "-" "python-requests/2.33.1"
6:22:03 AM web.1    |  127.0.0.1 - - [06/Jun/2026:06:22:03 +0000] "GET /participant_status/2 HTTP/1.1" 200 0 "-" "python-requests/2.33.1"
6:22:03 AM web.1    |  127.0.0.1 - - [06/Jun/2026:06:22:03 +0000] "GET /timeline?unique_id=79cf9130-0bfe-4791-987f-22ec34ca530a%3A52ead79a-5bf9-4466-81dc-7a13c103529c HTTP/1.1" 200 79519 "-" "python-requests/2.33.1"
6:22:03 AM web.1    |  2026-06-06 06:22:03,450 Received a response from participant 2 on page e6e9ecbd-674e-c244-e901-8def843983f7.
6:22:03 AM web.1    |  2026-06-06 06:22:03,456 Calling _finalize_trial.
6:22:03 AM web.1    |  2026-06-06 06:22:03,460 Checking if we should run async_post_trial... no need, as no async_post_trial method is defined.
6:22:03 AM web.1    |  2026-06-06 06:22:03,461 Allocating a performance reward of $0.00 to participant 2 for trial 5.
6:22:03 AM web.1    |  2026-06-06 06:22:03,467 Preparing trial for participant 2.
6:22:03 AM web.1    |  2026-06-06 06:22:03,467 Looking for networks for participant 2.
6:22:03 AM web.1    |  2026-06-06 06:22:03,473 1 remain after applying custom network filters.
6:22:03 AM web.1    |  2026-06-06 06:22:03,473 0 out of 1 networks are awaiting async processes (or have nodes awaiting async processes).
6:22:03 AM web.1    |  2026-06-06 06:22:03,473 Outcome: found 1 candidate network(s) for participant 2.
6:22:03 AM web.1    |  2026-06-06 06:22:03,473 Selected node 1 from network 1 to give to participant 2.
6:22:03 AM web.1    |  2026-06-06 06:22:03,478 Task 'prepare_trial' took 0.012 s
6:22:03 AM web.1    |  2026-06-06 06:22:03,478 Task '_prepare_trial' took 0.012 s
6:22:03 AM web.1    |  2026-06-06 06:22:03,482 Evaluating while_loop (Waiting for trial) condition: result = False
6:22:03 AM web.1    |  2026-06-06 06:22:03,483 Evaluating while_loop (color_ratings__trial_loop) condition: result = True
6:22:03 AM web.1    |  2026-06-06 06:22:03,483 Task 'advance_page' took 0.028 s
6:22:03 AM web.1    |  127.0.0.1 - - [06/Jun/2026:06:22:03 +0000] "POST /response HTTP/1.1" 200 299 "-" "python-requests/2.33.1"
6:22:03 AM web.1    |  127.0.0.1 - - [06/Jun/2026:06:22:03 +0000] "GET /participant_status/2 HTTP/1.1" 200 0 "-" "python-requests/2.33.1"
6:22:03 AM web.1    |  127.0.0.1 - - [06/Jun/2026:06:22:03 +0000] "GET /timeline?unique_id=79cf9130-0bfe-4791-987f-22ec34ca530a%3A52ead79a-5bf9-4466-81dc-7a13c103529c HTTP/1.1" 200 79517 "-" "python-requests/2.33.1"
6:22:03 AM web.1    |  2026-06-06 06:22:03,611 Received a response from participant 2 on page 5f20ac0c-bd03-b290-6eb9-c63dd965ee48.
6:22:03 AM web.1    |  2026-06-06 06:22:03,615 Calling _finalize_trial.
6:22:03 AM web.1    |  2026-06-06 06:22:03,618 Checking if we should run async_post_trial... no need, as no async_post_trial method is defined.
6:22:03 AM web.1    |  2026-06-06 06:22:03,619 Allocating a performance reward of $0.00 to participant 2 for trial 6.
6:22:03 AM web.1    |  2026-06-06 06:22:03,624 Preparing trial for participant 2.
6:22:03 AM web.1    |  2026-06-06 06:22:03,624 Looking for networks for participant 2.
6:22:03 AM web.1    |  2026-06-06 06:22:03,624 N completed trials (3) >= N trials per participant (3), skipping forward
6:22:03 AM web.1    |  2026-06-06 06:22:03,624 Outcome of find_networks: exit
6:22:03 AM web.1    |  2026-06-06 06:22:03,626 Evaluating while_loop (Waiting for trial) condition: result = False
6:22:03 AM web.1    |  2026-06-06 06:22:03,627 Evaluating while_loop (color_ratings__trial_loop) condition: result = False
6:22:03 AM web.1    |  2026-06-06 06:22:03,627 Task 'advance_page' took 0.012 s
6:22:03 AM web.1    |  127.0.0.1 - - [06/Jun/2026:06:22:03 +0000] "POST /response HTTP/1.1" 200 296 "-" "python-requests/2.33.1"
6:22:03 AM web.1    |  127.0.0.1 - - [06/Jun/2026:06:22:03 +0000] "GET /participant_status/2 HTTP/1.1" 200 0 "-" "python-requests/2.33.1"
6:22:03 AM web.1    |  127.0.0.1 - - [06/Jun/2026:06:22:03 +0000] "GET /timeline?unique_id=79cf9130-0bfe-4791-987f-22ec34ca530a%3A52ead79a-5bf9-4466-81dc-7a13c103529c HTTP/1.1" 200 73774 "-" "python-requests/2.33.1"
6:22:03 AM web.1    |  2026-06-06 06:22:03,749 Received a response from participant 2 on page 883e40e0-2de6-60d1-d833-fe2b69b28cfd.
6:22:03 AM web.1    |  127.0.0.1 - - [06/Jun/2026:06:22:03 +0000] "POST /response HTTP/1.1" 200 299 "-" "python-requests/2.33.1"
6:22:03 AM web.1    |  127.0.0.1 - - [06/Jun/2026:06:22:03 +0000] "GET /participant_status/2 HTTP/1.1" 200 0 "-" "python-requests/2.33.1"
6:22:03 AM web.1    |  127.0.0.1 - - [06/Jun/2026:06:22:03 +0000] "GET /timeline?unique_id=79cf9130-0bfe-4791-987f-22ec34ca530a%3A52ead79a-5bf9-4466-81dc-7a13c103529c HTTP/1.1" 200 74230 "-" "python-requests/2.33.1"
6:22:03 AM web.1    |  2026-06-06 06:22:03,875 Received a response from participant 2 on page 19c0c402-6565-d067-09d3-49109aa47b31.
6:22:03 AM web.1    |  127.0.0.1 - - [06/Jun/2026:06:22:03 +0000] "POST /response HTTP/1.1" 200 305 "-" "python-requests/2.33.1"
6:22:03 AM web.1    |  127.0.0.1 - - [06/Jun/2026:06:22:03 +0000] "GET /participant_status/2 HTTP/1.1" 200 0 "-" "python-requests/2.33.1"
6:22:04 AM web.1    |  127.0.0.1 - - [06/Jun/2026:06:22:03 +0000] "GET /timeline?unique_id=79cf9130-0bfe-4791-987f-22ec34ca530a%3A52ead79a-5bf9-4466-81dc-7a13c103529c HTTP/1.1" 200 72673 "-" "python-requests/2.33.1"
6:22:05 AM web.1    |  127.0.0.1 - - [06/Jun/2026:06:22:05 +0000] "GET /request_statistics HTTP/1.1" 200 67 "-" "python-requests/2.33.1"
6:22:07 AM clock.1  |  Session idle in transaction! pid=14779, idle_time=0:04:01.765966, last_query=SELECT info.id AS info_id, info.creation_time AS info_creation_time, info.property1 AS info_property1, info.property2 AS info_property2, info.property3 AS info_property3, info.property4 AS info_property4, info.property5 AS info_property5, info.failed AS info_failed, info.failed_reason AS info_failed_reason, info.time_of_death AS info_time_of_death, info.details AS info_details, info.type AS info_type, info.origin_id AS 
6:22:07 AM clock.1  |  >  info_origin_id, info.network_id AS info_network_id, info.contents AS info_contents, info.complete AS info_complete, info.node_id AS info_node_id, info.participant_id AS info_participant_id, info.module_state_id AS info_module_state_id, info.trial_maker_id AS info_trial_maker_id, info.definition AS info_definition, info.finalized AS info_finalized, info.is_repeat_trial AS info_is_repeat_trial, info.score AS info_score, info.performance_reward AS info_performance_reward, info.parent_trial_id AS in
6:22:07 AM clock.1  |  >  fo_parent_trial_id, info.answer AS info_answer, info.propagate_failure AS info_propagate_failure, in
6:22:07 AM clock.1  |  Session idle in transaction! pid=14779, idle_time=0:04:11.764918, last_query=SELECT info.id AS info_id, info.creation_time AS info_creation_time, info.property1 AS info_property1, info.property2 AS info_property2, info.property3 AS info_property3, info.property4 AS info_property4, info.property5 AS info_property5, info.failed AS info_failed, info.failed_reason AS info_failed_reason, info.time_of_death AS info_time_of_death, info.details AS info_details, info.type AS info_type, info.origin_id AS 
6:22:07 AM clock.1  |  >  info_origin_id, info.network_id AS info_network_id, info.contents AS info_contents, info.complete AS info_complete, info.node_id AS info_node_id, info.participant_id AS info_participant_id, info.module_state_id AS info_module_state_id, info.trial_maker_id AS info_trial_maker_id, info.definition AS info_definition, info.finalized AS info_finalized, info.is_repeat_trial AS info_is_repeat_trial, info.score AS info_score, info.performance_reward AS info_performance_reward, info.parent_trial_id AS in
6:22:07 AM clock.1  |  >  fo_parent_trial_id, info.answer AS info_answer, info.propagate_failure AS info_propagate_failure, in
6:22:07 AM clock.1  |  Session idle in transaction! pid=14779, idle_time=0:04:21.764856, last_query=SELECT info.id AS info_id, info.creation_time AS info_creation_time, info.property1 AS info_property1, info.property2 AS info_property2, info.property3 AS info_property3, info.property4 AS info_property4, info.property5 AS info_property5, info.failed AS info_failed, info.failed_reason AS info_failed_reason, info.time_of_death AS info_time_of_death, info.details AS info_details, info.type AS info_type, info.origin_id AS 
6:22:07 AM clock.1  |  >  info_origin_id, info.network_id AS info_network_id, info.contents AS info_contents, info.complete AS info_complete, info.node_id AS info_node_id, info.participant_id AS info_participant_id, info.module_state_id AS info_module_state_id, info.trial_maker_id AS info_trial_maker_id, info.definition AS info_definition, info.finalized AS info_finalized, info.is_repeat_trial AS info_is_repeat_trial, info.score AS info_score, info.performance_reward AS info_performance_reward, info.parent_trial_id AS in
6:22:07 AM clock.1  |  >  fo_parent_trial_id, info.answer AS info_answer, info.propagate_failure AS info_propagate_failure, in
6:22:07 AM clock.1  |  Session idle in transaction! pid=14779, idle_time=0:04:31.764978, last_query=SELECT info.id AS info_id, info.creation_time AS info_creation_time, info.property1 AS info_property1, info.property2 AS info_property2, info.property3 AS info_property3, info.property4 AS info_property4, info.property5 AS info_property5, info.failed AS info_failed, info.failed_reason AS info_failed_reason, info.time_of_death AS info_time_of_death, info.details AS info_details, info.type AS info_type, info.origin_id AS 
6:22:07 AM clock.1  |  >  info_origin_id, info.network_id AS info_network_id, info.contents AS info_contents, info.complete AS info_complete, info.node_id AS info_node_id, info.participant_id AS info_participant_id, info.module_state_id AS info_module_state_id, info.trial_maker_id AS info_trial_maker_id, info.definition AS info_definition, info.finalized AS info_finalized, info.is_repeat_trial AS info_is_repeat_trial, info.score AS info_score, info.performance_reward AS info_performance_reward, info.parent_trial_id AS in
6:22:07 AM clock.1  |  >  fo_parent_trial_id, info.answer AS info_answer, info.propagate_failure AS info_propagate_failure, in
6:22:07 AM clock.1  |  Session idle in transaction! pid=14779, idle_time=0:04:41.764949, last_query=SELECT info.id AS info_id, info.creation_time AS info_creation_time, info.property1 AS info_property1, info.property2 AS info_property2, info.property3 AS info_property3, info.property4 AS info_property4, info.property5 AS info_property5, info.failed AS info_failed, info.failed_reason AS info_failed_reason, info.time_of_death AS info_time_of_death, info.details AS info_details, info.type AS info_type, info.origin_id AS 
6:22:07 AM clock.1  |  >  info_origin_id, info.network_id AS info_network_id, info.contents AS info_contents, info.complete AS info_complete, info.node_id AS info_node_id, info.participant_id AS info_participant_id, info.module_state_id AS info_module_state_id, info.trial_maker_id AS info_trial_maker_id, info.definition AS info_definition, info.finalized AS info_finalized, info.is_repeat_trial AS info_is_repeat_trial, info.score AS info_score, info.performance_reward AS info_performance_reward, info.parent_trial_id AS in
6:22:07 AM clock.1  |  >  fo_parent_trial_id, info.answer AS info_answer, info.propagate_failure AS info_propagate_failure, in
6:22:07 AM clock.1  |  Session idle in transaction! pid=14779, idle_time=0:04:51.764954, last_query=SELECT info.id AS info_id, info.creation_time AS info_creation_time, info.property1 AS info_property1, info.property2 AS info_property2, info.property3 AS info_property3, info.property4 AS info_property4, info.property5 AS info_property5, info.failed AS info_failed, info.failed_reason AS info_failed_reason, info.time_of_death AS info_time_of_death, info.details AS info_details, info.type AS info_type, info.origin_id AS 
6:22:07 AM clock.1  |  >  info_origin_id, info.network_id AS info_network_id, info.contents AS info_contents, info.complete AS info_complete, info.node_id AS info_node_id, info.participant_id AS info_participant_id, info.module_state_id AS info_module_state_id, info.trial_maker_id AS info_trial_maker_id, info.definition AS info_definition, info.finalized AS info_finalized, info.is_repeat_trial AS info_is_repeat_trial, info.score AS info_score, info.performance_reward AS info_performance_reward, info.parent_trial_id AS in
6:22:07 AM clock.1  |  >  fo_parent_trial_id, info.answer AS info_answer, info.propagate_failure AS info_propagate_failure, in
6:22:07 AM clock.1  |  Session idle in transaction! pid=14779, idle_time=0:05:01.765766, last_query=SELECT info.id AS info_id, info.creation_time AS info_creation_time, info.property1 AS info_property1, info.property2 AS info_property2, info.property3 AS info_property3, info.property4 AS info_property4, info.property5 AS info_property5, info.failed AS info_failed, info.failed_reason AS info_failed_reason, info.time_of_death AS info_time_of_death, info.details AS info_details, info.type AS info_type, info.origin_id AS 
6:22:07 AM clock.1  |  >  info_origin_id, info.network_id AS info_network_id, info.contents AS info_contents, info.complete AS info_complete, info.node_id AS info_node_id, info.participant_id AS info_participant_id, info.module_state_id AS info_module_state_id, info.trial_maker_id AS info_trial_maker_id, info.definition AS info_definition, info.finalized AS info_finalized, info.is_repeat_trial AS info_is_repeat_trial, info.score AS info_score, info.performance_reward AS info_performance_reward, info.parent_trial_id AS in
6:22:07 AM clock.1  |  >  fo_parent_trial_id, info.answer AS info_answer, info.propagate_failure AS info_propagate_failure, in
6:22:07 AM clock.1  |  Session idle in transaction! pid=14779, idle_time=0:05:11.764978, last_query=SELECT info.id AS info_id, info.creation_time AS info_creation_time, info.property1 AS info_property1, info.property2 AS info_property2, info.property3 AS info_property3, info.property4 AS info_property4, info.property5 AS info_property5, info.failed AS info_failed, info.failed_reason AS info_failed_reason, info.time_of_death AS info_time_of_death, info.details AS info_details, info.type AS info_type, info.origin_id AS 
6:22:07 AM clock.1  |  >  info_origin_id, info.network_id AS info_network_id, info.contents AS info_contents, info.complete AS info_complete, info.node_id AS info_node_id, info.participant_id AS info_participant_id, info.module_state_id AS info_module_state_id, info.trial_maker_id AS info_trial_maker_id, info.definition AS info_definition, info.finalized AS info_finalized, info.is_repeat_trial AS info_is_repeat_trial, info.score AS info_score, info.performance_reward AS info_performance_reward, info.parent_trial_id AS in
6:22:07 AM clock.1  |  >  fo_parent_trial_id, info.answer AS info_answer, info.propagate_failure AS info_propagate_failure, in
6:23:27 AM clock.1  |  Session idle in transaction! pid=14779, idle_time=0:05:21.765060, last_query=SELECT info.id AS info_id, info.creation_time AS info_creation_time, info.property1 AS info_property1, info.property2 AS info_property2, info.property3 AS info_property3, info.property4 AS info_property4, info.property5 AS info_property5, info.failed AS info_failed, info.failed_reason AS info_failed_reason, info.time_of_death AS info_time_of_death, info.details AS info_details, info.type AS info_type, info.origin_id AS 
6:23:27 AM clock.1  |  >  info_origin_id, info.network_id AS info_network_id, info.contents AS info_contents, info.complete AS info_complete, info.node_id AS info_node_id, info.participant_id AS info_participant_id, info.module_state_id AS info_module_state_id, info.trial_maker_id AS info_trial_maker_id, info.definition AS info_definition, info.finalized AS info_finalized, info.is_repeat_trial AS info_is_repeat_trial, info.score AS info_score, info.performance_reward AS info_performance_reward, info.parent_trial_id AS in
6:23:27 AM clock.1  |  >  fo_parent_trial_id, info.answer AS info_answer, info.propagate_failure AS info_propagate_failure, in
6:23:27 AM clock.1  |  Session idle in transaction! pid=14779, idle_time=0:05:31.765618, last_query=SELECT info.id AS info_id, info.creation_time AS info_creation_time, info.property1 AS info_property1, info.property2 AS info_property2, info.property3 AS info_property3, info.property4 AS info_property4, info.property5 AS info_property5, info.failed AS info_failed, info.failed_reason AS info_failed_reason, info.time_of_death AS info_time_of_death, info.details AS info_details, info.type AS info_type, info.origin_id AS 
6:23:27 AM clock.1  |  >  info_origin_id, info.network_id AS info_network_id, info.contents AS info_contents, info.complete AS info_complete, info.node_id AS info_node_id, info.participant_id AS info_participant_id, info.module_state_id AS info_module_state_id, info.trial_maker_id AS info_trial_maker_id, info.definition AS info_definition, info.finalized AS info_finalized, info.is_repeat_trial AS info_is_repeat_trial, info.score AS info_score, info.performance_reward AS info_performance_reward, info.parent_trial_id AS in
6:23:27 AM clock.1  |  >  fo_parent_trial_id, info.answer AS info_answer, info.propagate_failure AS info_propagate_failure, in
6:23:27 AM clock.1  |  Session idle in transaction! pid=14779, idle_time=0:05:41.764936, last_query=SELECT info.id AS info_id, info.creation_time AS info_creation_time, info.property1 AS info_property1, info.property2 AS info_property2, info.property3 AS info_property3, info.property4 AS info_property4, info.property5 AS info_property5, info.failed AS info_failed, info.failed_reason AS info_failed_reason, info.time_of_death AS info_time_of_death, info.details AS info_details, info.type AS info_type, info.origin_id AS 
6:23:27 AM clock.1  |  >  info_origin_id, info.network_id AS info_network_id, info.contents AS info_contents, info.complete AS info_complete, info.node_id AS info_node_id, info.participant_id AS info_participant_id, info.module_state_id AS info_module_state_id, info.trial_maker_id AS info_trial_maker_id, info.definition AS info_definition, info.finalized AS info_finalized, info.is_repeat_trial AS info_is_repeat_trial, info.score AS info_score, info.performance_reward AS info_performance_reward, info.parent_trial_id AS in
6:23:27 AM clock.1  |  >  fo_parent_trial_id, info.answer AS info_answer, info.propagate_failure AS info_propagate_failure, in
6:23:27 AM clock.1  |  Session idle in transaction! pid=14779, idle_time=0:05:51.764961, last_query=SELECT info.id AS info_id, info.creation_time AS info_creation_time, info.property1 AS info_property1, info.property2 AS info_property2, info.property3 AS info_property3, info.property4 AS info_property4, info.property5 AS info_property5, info.failed AS info_failed, info.failed_reason AS info_failed_reason, info.time_of_death AS info_time_of_death, info.details AS info_details, info.type AS info_type, info.origin_id AS 
6:23:27 AM clock.1  |  >  info_origin_id, info.network_id AS info_network_id, info.contents AS info_contents, info.complete AS info_complete, info.node_id AS info_node_id, info.participant_id AS info_participant_id, info.module_state_id AS info_module_state_id, info.trial_maker_id AS info_trial_maker_id, info.definition AS info_definition, info.finalized AS info_finalized, info.is_repeat_trial AS info_is_repeat_trial, info.score AS info_score, info.performance_reward AS info_performance_reward, info.parent_trial_id AS in
6:23:27 AM clock.1  |  >  fo_parent_trial_id, info.answer AS info_answer, info.propagate_failure AS info_propagate_failure, in
6:23:27 AM clock.1  |  Session idle in transaction! pid=14779, idle_time=0:06:01.765250, last_query=SELECT info.id AS info_id, info.creation_time AS info_creation_time, info.property1 AS info_property1, info.property2 AS info_property2, info.property3 AS info_property3, info.property4 AS info_property4, info.property5 AS info_property5, info.failed AS info_failed, info.failed_reason AS info_failed_reason, info.time_of_death AS info_time_of_death, info.details AS info_details, info.type AS info_type, info.origin_id AS 
6:23:27 AM clock.1  |  >  info_origin_id, info.network_id AS info_network_id, info.contents AS info_contents, info.complete AS info_complete, info.node_id AS info_node_id, info.participant_id AS info_participant_id, info.module_state_id AS info_module_state_id, info.trial_maker_id AS info_trial_maker_id, info.definition AS info_definition, info.finalized AS info_finalized, info.is_repeat_trial AS info_is_repeat_trial, info.score AS info_score, info.performance_reward AS info_performance_reward, info.parent_trial_id AS in
6:23:27 AM clock.1  |  >  fo_parent_trial_id, info.answer AS info_answer, info.propagate_failure AS info_propagate_failure, in
6:23:27 AM clock.1  |  Session idle in transaction! pid=14779, idle_time=0:06:11.764924, last_query=SELECT info.id AS info_id, info.creation_time AS info_creation_time, info.property1 AS info_property1, info.property2 AS info_property2, info.property3 AS info_property3, info.property4 AS info_property4, info.property5 AS info_property5, info.failed AS info_failed, info.failed_reason AS info_failed_reason, info.time_of_death AS info_time_of_death, info.details AS info_details, info.type AS info_type, info.origin_id AS 
6:23:27 AM clock.1  |  >  info_origin_id, info.network_id AS info_network_id, info.contents AS info_contents, info.complete AS info_complete, info.node_id AS info_node_id, info.participant_id AS info_participant_id, info.module_state_id AS info_module_state_id, info.trial_maker_id AS info_trial_maker_id, info.definition AS info_definition, info.finalized AS info_finalized, info.is_repeat_trial AS info_is_repeat_trial, info.score AS info_score, info.performance_reward AS info_performance_reward, info.parent_trial_id AS in
6:23:27 AM clock.1  |  >  fo_parent_trial_id, info.answer AS info_answer, info.propagate_failure AS info_propagate_failure, in
6:23:27 AM clock.1  |  Session idle in transaction! pid=14779, idle_time=0:06:21.764926, last_query=SELECT info.id AS info_id, info.creation_time AS info_creation_time, info.property1 AS info_property1, info.property2 AS info_property2, info.property3 AS info_property3, info.property4 AS info_property4, info.property5 AS info_property5, info.failed AS info_failed, info.failed_reason AS info_failed_reason, info.time_of_death AS info_time_of_death, info.details AS info_details, info.type AS info_type, info.origin_id AS 
