▶ Starting experiment server...
Server log: /tmp/psynet_server_13g0emm2.log
⏳ Waiting for server to be ready... Ready!

Bot output log: /tmp/psynet_bots_c6jilp_6.log
[1m================================================================================[0m
[1m⚡ PERFORMANCE TEST SUITE[0m
Bots per test:        40
Test duration:        5.0 min
Bot start stagger:    ~0.1s
Bot time factor:      1.0

[1m================================================================================[0m
[1mTEST 1/1: Running with 40 concurrent bots[0m

▶ Starting load test with 40 concurrent bots for 5.0 minutes...


🤖 Running: 1 | ✓ Completed: 0 | ✗ Errors: 0 | ⏱ Avg: 0.0s | ⏳ 4:59 left
                                                                       
🤖 Running: 2 | ✓ Completed: 0 | ✗ Errors: 0 | ⏱ Avg: 0.0s | ⏳ 4:58 left
                                                                       
🤖 Running: 3 | ✓ Completed: 0 | ✗ Errors: 0 | ⏱ Avg: 0.0s | ⏳ 4:58 left
                                                                       
🤖 Running: 4 | ✓ Completed: 0 | ✗ Errors: 0 | ⏱ Avg: 0.0s | ⏳ 4:58 left
                                                                       
🤖 Running: 5 | ✓ Completed: 0 | ✗ Errors: 0 | ⏱ Avg: 0.0s | ⏳ 4:57 left
                                                                       
🤖 Running: 6 | ✓ Completed: 0 | ✗ Errors: 0 | ⏱ Avg: 0.0s | ⏳ 4:57 left
                                                                       
🤖 Running: 7 | ✓ Completed: 0 | ✗ Errors: 0 | ⏱ Avg: 0.0s | ⏳ 4:57 left
                                                                       
🤖 Running: 8 | ✓ Completed: 0 | ✗ Errors: 0 | ⏱ Avg: 0.0s | ⏳ 4:57 left
                                                                       
🤖 Running: 9 | ✓ Completed: 0 | ✗ Errors: 0 | ⏱ Avg: 0.0s | ⏳ 4:57 left
                                                                       
🤖 Running: 10 | ✓ Completed: 0 | ✗ Errors: 0 | ⏱ Avg: 0.0s | ⏳ 4:56 left
                                                                        
🤖 Running: 11 | ✓ Completed: 0 | ✗ Errors: 0 | ⏱ Avg: 0.0s | ⏳ 4:56 left
                                                                        
🤖 Running: 12 | ✓ Completed: 0 | ✗ Errors: 0 | ⏱ Avg: 0.0s | ⏳ 4:56 left
                                                                        
🤖 Running: 13 | ✓ Completed: 0 | ✗ Errors: 0 | ⏱ Avg: 0.0s | ⏳ 4:56 left
                                                                        
🤖 Running: 14 | ✓ Completed: 0 | ✗ Errors: 0 | ⏱ Avg: 0.0s | ⏳ 4:55 left
                                                                        
🤖 Running: 15 | ✓ Completed: 0 | ✗ Errors: 0 | ⏱ Avg: 0.0s | ⏳ 4:55 left
                                                                        
🤖 Running: 16 | ✓ Completed: 0 | ✗ Errors: 0 | ⏱ Avg: 0.0s | ⏳ 4:54 left
                                                                        
🤖 Running: 17 | ✓ Completed: 0 | ✗ Errors: 0 | ⏱ Avg: 0.0s | ⏳ 4:54 left
                                                                        
🤖 Running: 18 | ✓ Completed: 0 | ✗ Errors: 0 | ⏱ Avg: 0.0s | ⏳ 4:54 left
                                                                        
🤖 Running: 19 | ✓ Completed: 0 | ✗ Errors: 0 | ⏱ Avg: 0.0s | ⏳ 4:53 left
                                                                        
🤖 Running: 20 | ✓ Completed: 0 | ✗ Errors: 0 | ⏱ Avg: 0.0s | ⏳ 4:53 left
                                                                        
🤖 Running: 21 | ✓ Completed: 0 | ✗ Errors: 0 | ⏱ Avg: 0.0s | ⏳ 4:53 left
                                                                        
🤖 Running: 22 | ✓ Completed: 0 | ✗ Errors: 0 | ⏱ Avg: 0.0s | ⏳ 4:52 left
                                                                        
🤖 Running: 23 | ✓ Completed: 0 | ✗ Errors: 0 | ⏱ Avg: 0.0s | ⏳ 4:52 left
                                                                        
🤖 Running: 24 | ✓ Completed: 0 | ✗ Errors: 0 | ⏱ Avg: 0.0s | ⏳ 4:52 left
                                                                        
🤖 Running: 25 | ✓ Completed: 0 | ✗ Errors: 0 | ⏱ Avg: 0.0s | ⏳ 4:51 left
                                                                        
🤖 Running: 26 | ✓ Completed: 0 | ✗ Errors: 0 | ⏱ Avg: 0.0s | ⏳ 4:51 left
                                                                        
🤖 Running: 27 | ✓ Completed: 0 | ✗ Errors: 0 | ⏱ Avg: 0.0s | ⏳ 4:51 left
                                                                        
🤖 Running: 28 | ✓ Completed: 0 | ✗ Errors: 0 | ⏱ Avg: 0.0s | ⏳ 4:50 left
                                                                        
🤖 Running: 29 | ✓ Completed: 0 | ✗ Errors: 0 | ⏱ Avg: 0.0s | ⏳ 4:50 left
                                                                        
🤖 Running: 30 | ✓ Completed: 0 | ✗ Errors: 0 | ⏱ Avg: 0.0s | ⏳ 4:50 left
                                                                        
🤖 Running: 31 | ✓ Completed: 0 | ✗ Errors: 0 | ⏱ Avg: 0.0s | ⏳ 4:49 left
                                                                        
🤖 Running: 32 | ✓ Completed: 0 | ✗ Errors: 0 | ⏱ Avg: 0.0s | ⏳ 4:49 left
                                                                        
🤖 Running: 33 | ✓ Completed: 0 | ✗ Errors: 0 | ⏱ Avg: 0.0s | ⏳ 4:49 left
                                                                        
🤖 Running: 34 | ✓ Completed: 0 | ✗ Errors: 0 | ⏱ Avg: 0.0s | ⏳ 4:48 left
                                                                        
🤖 Running: 35 | ✓ Completed: 0 | ✗ Errors: 0 | ⏱ Avg: 0.0s | ⏳ 4:48 left
                                                                        
🤖 Running: 36 | ✓ Completed: 0 | ✗ Errors: 0 | ⏱ Avg: 0.0s | ⏳ 4:47 left
                                                                        
🤖 Running: 37 | ✓ Completed: 0 | ✗ Errors: 0 | ⏱ Avg: 0.0s | ⏳ 4:47 left
                                                                        
🤖 Running: 38 | ✓ Completed: 0 | ✗ Errors: 0 | ⏱ Avg: 0.0s | ⏳ 4:47 left
                                                                        
🤖 Running: 39 | ✓ Completed: 0 | ✗ Errors: 0 | ⏱ Avg: 0.0s | ⏳ 4:46 left
                                                                        
🤖 Running: 40 | ✓ Completed: 0 | ✗ Errors: 0 | ⏱ Avg: 0.0s | ⏳ 4:46 left
                                                                        
🤖 Running: 40 | ✓ Completed: 0 | ✗ Errors: 0 | ⏱ Avg: 0.0s | ⏳ 4:44 left
                                                                        
🤖 Running: 40 | ✓ Completed: 0 | ✗ Errors: 0 | ⏱ Avg: 0.0s | ⏳ 4:42 left
                                                                        
🤖 Running: 40 | ✓ Completed: 0 | ✗ Errors: 0 | ⏱ Avg: 0.0s | ⏳ 4:40 left
                                                                        
🤖 Running: 40 | ✓ Completed: 0 | ✗ Errors: 0 | ⏱ Avg: 0.0s | ⏳ 4:38 left
                                                                        
🤖 Running: 40 | ✓ Completed: 0 | ✗ Errors: 0 | ⏱ Avg: 0.0s | ⏳ 4:36 left
                                                                        
🤖 Running: 40 | ✓ Completed: 0 | ✗ Errors: 0 | ⏱ Avg: 0.0s | ⏳ 4:34 left
                                                                        
🤖 Running: 40 | ✓ Completed: 0 | ✗ Errors: 0 | ⏱ Avg: 0.0s | ⏳ 4:32 left
                                                                        
🤖 Running: 40 | ✓ Completed: 0 | ✗ Errors: 0 | ⏱ Avg: 0.0s | ⏳ 4:30 left
                                                                        
🤖 Running: 40 | ✓ Completed: 0 | ✗ Errors: 0 | ⏱ Avg: 0.0s | ⏳ 4:28 left
                                                                        
🤖 Running: 40 | ✓ Completed: 0 | ✗ Errors: 0 | ⏱ Avg: 0.0s | ⏳ 4:26 left
                                                                        
🤖 Running: 40 | ✓ Completed: 0 | ✗ Errors: 0 | ⏱ Avg: 0.0s | ⏳ 4:24 left
                                                                        
🤖 Running: 40 | ✓ Completed: 0 | ✗ Errors: 0 | ⏱ Avg: 0.0s | ⏳ 4:22 left
                                                                        
🤖 Running: 40 | ✓ Completed: 0 | ✗ Errors: 0 | ⏱ Avg: 0.0s | ⏳ 4:20 left
                                                                        
🤖 Running: 40 | ✓ Completed: 0 | ✗ Errors: 0 | ⏱ Avg: 0.0s | ⏳ 4:17 left
                                                                        
🤖 Running: 40 | ✓ Completed: 0 | ✗ Errors: 0 | ⏱ Avg: 0.0s | ⏳ 4:15 left
                                                                        
🤖 Running: 40 | ✓ Completed: 0 | ✗ Errors: 0 | ⏱ Avg: 0.0s | ⏳ 4:13 left
                                                                        
🤖 Running: 40 | ✓ Completed: 0 | ✗ Errors: 0 | ⏱ Avg: 0.0s | ⏳ 4:11 left
                                                                        
🤖 Running: 40 | ✓ Completed: 0 | ✗ Errors: 0 | ⏱ Avg: 0.0s | ⏳ 4:09 left
                                                                        
🤖 Running: 40 | ✓ Completed: 0 | ✗ Errors: 0 | ⏱ Avg: 0.0s | ⏳ 4:07 left
                                                                        
🤖 Running: 40 | ✓ Completed: 0 | ✗ Errors: 0 | ⏱ Avg: 0.0s | ⏳ 4:05 left
                                                                        
🤖 Running: 40 | ✓ Completed: 0 | ✗ Errors: 0 | ⏱ Avg: 0.0s | ⏳ 4:03 left
                                                                        
🤖 Running: 40 | ✓ Completed: 0 | ✗ Errors: 0 | ⏱ Avg: 0.0s | ⏳ 4:01 left
                                                                        
🤖 Running: 40 | ✓ Completed: 0 | ✗ Errors: 0 | ⏱ Avg: 0.0s | ⏳ 3:59 left
                                                                        
🤖 Running: 40 | ✓ Completed: 0 | ✗ Errors: 0 | ⏱ Avg: 0.0s | ⏳ 3:57 left
                                                                        
🤖 Running: 40 | ✓ Completed: 0 | ✗ Errors: 0 | ⏱ Avg: 0.0s | ⏳ 3:55 left
                                                                        
🤖 Running: 40 | ✓ Completed: 0 | ✗ Errors: 0 | ⏱ Avg: 0.0s | ⏳ 3:53 left
                                                                        
🤖 Running: 40 | ✓ Completed: 0 | ✗ Errors: 0 | ⏱ Avg: 0.0s | ⏳ 3:51 left
                                                                        
🤖 Running: 40 | ✓ Completed: 0 | ✗ Errors: 0 | ⏱ Avg: 0.0s | ⏳ 3:49 left
                                                                        
🤖 Running: 40 | ✓ Completed: 0 | ✗ Errors: 0 | ⏱ Avg: 0.0s | ⏳ 3:47 left
                                                                        
🤖 Running: 40 | ✓ Completed: 0 | ✗ Errors: 0 | ⏱ Avg: 0.0s | ⏳ 3:45 left
                                                                        
🤖 Running: 40 | ✓ Completed: 0 | ✗ Errors: 0 | ⏱ Avg: 0.0s | ⏳ 3:43 left
                                                                        
🤖 Running: 40 | ✓ Completed: 0 | ✗ Errors: 0 | ⏱ Avg: 0.0s | ⏳ 3:41 left
                                                                        
🤖 Running: 40 | ✓ Completed: 0 | ✗ Errors: 0 | ⏱ Avg: 0.0s | ⏳ 3:39 left
                                                                        
🤖 Running: 40 | ✓ Completed: 0 | ✗ Errors: 0 | ⏱ Avg: 0.0s | ⏳ 3:37 left
                                                                        
🤖 Running: 40 | ✓ Completed: 0 | ✗ Errors: 0 | ⏱ Avg: 0.0s | ⏳ 3:35 left
                                                                        
🤖 Running: 40 | ✓ Completed: 0 | ✗ Errors: 0 | ⏱ Avg: 0.0s | ⏳ 3:33 left
                                                                        
🤖 Running: 40 | ✓ Completed: 0 | ✗ Errors: 0 | ⏱ Avg: 0.0s | ⏳ 3:31 left
                                                                        
🤖 Running: 40 | ✓ Completed: 0 | ✗ Errors: 0 | ⏱ Avg: 0.0s | ⏳ 3:29 left
                                                                        
🤖 Running: 40 | ✓ Completed: 0 | ✗ Errors: 0 | ⏱ Avg: 0.0s | ⏳ 3:27 left
                                                                        
🤖 Running: 40 | ✓ Completed: 0 | ✗ Errors: 0 | ⏱ Avg: 0.0s | ⏳ 3:25 left
                                                                        
🤖 Running: 40 | ✓ Completed: 0 | ✗ Errors: 0 | ⏱ Avg: 0.0s | ⏳ 3:23 left
                                                                        
🤖 Running: 40 | ✓ Completed: 0 | ✗ Errors: 0 | ⏱ Avg: 0.0s | ⏳ 3:21 left
                                                                        
🤖 Running: 40 | ✓ Completed: 0 | ✗ Errors: 0 | ⏱ Avg: 0.0s | ⏳ 3:19 left
                                                                        
🤖 Running: 40 | ✓ Completed: 1 | ✗ Errors: 0 | ⏱ Avg: 85.7s | ⏳ 3:18 left
                                                                         
🤖 Running: 40 | ✓ Completed: 1 | ✗ Errors: 0 | ⏱ Avg: 85.7s | ⏳ 3:16 left
                                                                         
🤖 Running: 40 | ✓ Completed: 1 | ✗ Errors: 0 | ⏱ Avg: 85.7s | ⏳ 3:14 left
                                                                         
🤖 Running: 40 | ✓ Completed: 1 | ✗ Errors: 0 | ⏱ Avg: 85.7s | ⏳ 3:12 left
                                                                         
🤖 Running: 40 | ✓ Completed: 2 | ✗ Errors: 0 | ⏱ Avg: 89.6s | ⏳ 3:12 left
                                                                         
🤖 Running: 40 | ✓ Completed: 3 | ✗ Errors: 0 | ⏱ Avg: 90.3s | ⏳ 3:11 left
                                                                         
🤖 Running: 40 | ✓ Completed: 3 | ✗ Errors: 0 | ⏱ Avg: 90.3s | ⏳ 3:09 left
                                                                         
🤖 Running: 40 | ✓ Completed: 4 | ✗ Errors: 0 | ⏱ Avg: 91.4s | ⏳ 3:07 left
                                                                         
🤖 Running: 40 | ✓ Completed: 5 | ✗ Errors: 0 | ⏱ Avg: 92.1s | ⏳ 3:07 left
                                                                         
🤖 Running: 40 | ✓ Completed: 5 | ✗ Errors: 0 | ⏱ Avg: 92.1s | ⏳ 3:05 left
                                                                         
🤖 Running: 40 | ✓ Completed: 5 | ✗ Errors: 0 | ⏱ Avg: 92.1s | ⏳ 3:03 left
                                                                         
🤖 Running: 40 | ✓ Completed: 5 | ✗ Errors: 0 | ⏱ Avg: 92.1s | ⏳ 3:01 left
                                                                         
🤖 Running: 40 | ✓ Completed: 6 | ✗ Errors: 0 | ⏱ Avg: 98.5s | ⏳ 3:00 left
                                                                         
🤖 Running: 40 | ✓ Completed: 6 | ✗ Errors: 0 | ⏱ Avg: 98.5s | ⏳ 2:58 left
                                                                         
🤖 Running: 40 | ✓ Completed: 6 | ✗ Errors: 0 | ⏱ Avg: 98.5s | ⏳ 2:56 left
                                                                         
🤖 Running: 40 | ✓ Completed: 6 | ✗ Errors: 0 | ⏱ Avg: 98.5s | ⏳ 2:54 left
                                                                         
🤖 Running: 40 | ✓ Completed: 6 | ✗ Errors: 0 | ⏱ Avg: 98.5s | ⏳ 2:52 left
                                                                         
🤖 Running: 40 | ✓ Completed: 6 | ✗ Errors: 0 | ⏱ Avg: 98.5s | ⏳ 2:50 left
                                                                         
🤖 Running: 40 | ✓ Completed: 6 | ✗ Errors: 0 | ⏱ Avg: 98.5s | ⏳ 2:48 left
                                                                         
🤖 Running: 40 | ✓ Completed: 6 | ✗ Errors: 0 | ⏱ Avg: 98.5s | ⏳ 2:46 left
                                                                         
🤖 Running: 40 | ✓ Completed: 6 | ✗ Errors: 0 | ⏱ Avg: 98.5s | ⏳ 2:44 left
                                                                         
🤖 Running: 40 | ✓ Completed: 6 | ✗ Errors: 0 | ⏱ Avg: 98.5s | ⏳ 2:42 left
                                                                         
🤖 Running: 40 | ✓ Completed: 6 | ✗ Errors: 0 | ⏱ Avg: 98.5s | ⏳ 2:40 left
                                                                         
🤖 Running: 40 | ✓ Completed: 6 | ✗ Errors: 0 | ⏱ Avg: 98.5s | ⏳ 2:38 left
                                                                         
🤖 Running: 40 | ✓ Completed: 6 | ✗ Errors: 0 | ⏱ Avg: 98.5s | ⏳ 2:36 left
                                                                         
🤖 Running: 40 | ✓ Completed: 6 | ✗ Errors: 0 | ⏱ Avg: 98.5s | ⏳ 2:34 left
                                                                         
🤖 Running: 40 | ✓ Completed: 6 | ✗ Errors: 0 | ⏱ Avg: 98.5s | ⏳ 2:32 left
                                                                         
🤖 Running: 40 | ✓ Completed: 7 | ✗ Errors: 0 | ⏱ Avg: 106.9s | ⏳ 2:31 left
                                                                          
🤖 Running: 40 | ✓ Completed: 8 | ✗ Errors: 0 | ⏱ Avg: 115.7s | ⏳ 2:29 left
                                                                          
🤖 Running: 40 | ✓ Completed: 8 | ✗ Errors: 0 | ⏱ Avg: 115.7s | ⏳ 2:27 left
                                                                          
🤖 Running: 40 | ✓ Completed: 9 | ✗ Errors: 0 | ⏱ Avg: 124.7s | ⏳ 2:26 left
                                                                          
🤖 Running: 40 | ✓ Completed: 9 | ✗ Errors: 0 | ⏱ Avg: 124.7s | ⏳ 2:24 left
                                                                          
🤖 Running: 40 | ✓ Completed: 10 | ✗ Errors: 0 | ⏱ Avg: 134.1s | ⏳ 2:23 left
                                                                           
🤖 Running: 40 | ✓ Completed: 11 | ✗ Errors: 0 | ⏱ Avg: 139.1s | ⏳ 2:23 left
                                                                           
🤖 Running: 40 | ✓ Completed: 11 | ✗ Errors: 0 | ⏱ Avg: 139.1s | ⏳ 2:21 left
                                                                           
🤖 Running: 40 | ✓ Completed: 11 | ✗ Errors: 0 | ⏱ Avg: 139.1s | ⏳ 2:19 left
                                                                           
🤖 Running: 40 | ✓ Completed: 11 | ✗ Errors: 0 | ⏱ Avg: 139.1s | ⏳ 2:17 left
                                                                           
🤖 Running: 40 | ✓ Completed: 11 | ✗ Errors: 0 | ⏱ Avg: 139.1s | ⏳ 2:15 left
                                                                           
🤖 Running: 40 | ✓ Completed: 12 | ✗ Errors: 0 | ⏱ Avg: 141.7s | ⏳ 2:14 left
                                                                           
🤖 Running: 40 | ✓ Completed: 12 | ✗ Errors: 0 | ⏱ Avg: 141.7s | ⏳ 2:12 left
                                                                           
🤖 Running: 40 | ✓ Completed: 12 | ✗ Errors: 0 | ⏱ Avg: 141.7s | ⏳ 2:10 left
                                                                           
🤖 Running: 40 | ✓ Completed: 12 | ✗ Errors: 0 | ⏱ Avg: 141.7s | ⏳ 2:08 left
                                                                           
🤖 Running: 40 | ✓ Completed: 12 | ✗ Errors: 0 | ⏱ Avg: 141.7s | ⏳ 2:06 left
                                                                           
🤖 Running: 40 | ✓ Completed: 12 | ✗ Errors: 0 | ⏱ Avg: 141.7s | ⏳ 2:04 left
                                                                           
🤖 Running: 40 | ✓ Completed: 12 | ✗ Errors: 0 | ⏱ Avg: 141.7s | ⏳ 2:02 left
                                                                           
🤖 Running: 40 | ✓ Completed: 12 | ✗ Errors: 0 | ⏱ Avg: 141.7s | ⏳ 2:00 left
                                                                           
🤖 Running: 40 | ✓ Completed: 12 | ✗ Errors: 0 | ⏱ Avg: 141.7s | ⏳ 1:58 left
                                                                           
🤖 Running: 40 | ✓ Completed: 12 | ✗ Errors: 0 | ⏱ Avg: 141.7s | ⏳ 1:56 left
                                                                           
🤖 Running: 40 | ✓ Completed: 12 | ✗ Errors: 0 | ⏱ Avg: 141.7s | ⏳ 1:54 left
                                                                           
🤖 Running: 40 | ✓ Completed: 13 | ✗ Errors: 0 | ⏱ Avg: 149.0s | ⏳ 1:53 left
                                                                           
🤖 Running: 40 | ✓ Completed: 13 | ✗ Errors: 0 | ⏱ Avg: 149.0s | ⏳ 1:51 left
                                                                           
🤖 Running: 40 | ✓ Completed: 14 | ✗ Errors: 0 | ⏱ Avg: 155.6s | ⏳ 1:50 left
                                                                           
🤖 Running: 40 | ✓ Completed: 15 | ✗ Errors: 0 | ⏱ Avg: 161.5s | ⏳ 1:50 left
                                                                           
🤖 Running: 40 | ✓ Completed: 15 | ✗ Errors: 0 | ⏱ Avg: 161.5s | ⏳ 1:48 left
                                                                           
🤖 Running: 40 | ✓ Completed: 15 | ✗ Errors: 0 | ⏱ Avg: 161.5s | ⏳ 1:46 left
                                                                           
🤖 Running: 40 | ✓ Completed: 16 | ✗ Errors: 0 | ⏱ Avg: 168.9s | ⏳ 1:45 left
                                                                           
🤖 Running: 40 | ✓ Completed: 16 | ✗ Errors: 0 | ⏱ Avg: 168.9s | ⏳ 1:43 left
                                                                           
🤖 Running: 40 | ✓ Completed: 16 | ✗ Errors: 0 | ⏱ Avg: 168.9s | ⏳ 1:41 left
                                                                           
🤖 Running: 40 | ✓ Completed: 17 | ✗ Errors: 0 | ⏱ Avg: 176.3s | ⏳ 1:41 left
                                                                           
🤖 Running: 40 | ✓ Completed: 17 | ✗ Errors: 0 | ⏱ Avg: 176.3s | ⏳ 1:39 left
                                                                           
🤖 Running: 40 | ✓ Completed: 17 | ✗ Errors: 0 | ⏱ Avg: 176.3s | ⏳ 1:37 left
                                                                           
🤖 Running: 40 | ✓ Completed: 17 | ✗ Errors: 0 | ⏱ Avg: 176.3s | ⏳ 1:35 left
                                                                           
🤖 Running: 40 | ✓ Completed: 17 | ✗ Errors: 0 | ⏱ Avg: 176.3s | ⏳ 1:33 left
                                                                           
🤖 Running: 40 | ✓ Completed: 17 | ✗ Errors: 0 | ⏱ Avg: 176.3s | ⏳ 1:31 left
                                                                           
🤖 Running: 40 | ✓ Completed: 17 | ✗ Errors: 0 | ⏱ Avg: 176.3s | ⏳ 1:29 left
                                                                           
🤖 Running: 40 | ✓ Completed: 17 | ✗ Errors: 0 | ⏱ Avg: 176.3s | ⏳ 1:27 left
                                                                           
🤖 Running: 40 | ✓ Completed: 17 | ✗ Errors: 0 | ⏱ Avg: 176.3s | ⏳ 1:25 left
                                                                           
🤖 Running: 40 | ✓ Completed: 17 | ✗ Errors: 0 | ⏱ Avg: 176.3s | ⏳ 1:23 left
                                                                           
🤖 Running: 40 | ✓ Completed: 17 | ✗ Errors: 0 | ⏱ Avg: 176.3s | ⏳ 1:21 left
                                                                           
🤖 Running: 40 | ✓ Completed: 17 | ✗ Errors: 0 | ⏱ Avg: 176.3s | ⏳ 1:19 left
                                                                           
🤖 Running: 40 | ✓ Completed: 17 | ✗ Errors: 0 | ⏱ Avg: 176.3s | ⏳ 1:17 left
                                                                           
🤖 Running: 40 | ✓ Completed: 17 | ✗ Errors: 0 | ⏱ Avg: 176.3s | ⏳ 1:15 left
                                                                           
🤖 Running: 40 | ✓ Completed: 17 | ✗ Errors: 0 | ⏱ Avg: 176.3s | ⏳ 1:13 left
                                                                           
🤖 Running: 40 | ✓ Completed: 17 | ✗ Errors: 0 | ⏱ Avg: 176.3s | ⏳ 1:11 left
                                                                           
🤖 Running: 40 | ✓ Completed: 17 | ✗ Errors: 0 | ⏱ Avg: 176.3s | ⏳ 1:09 left
                                                                           
🤖 Running: 40 | ✓ Completed: 17 | ✗ Errors: 0 | ⏱ Avg: 176.3s | ⏳ 1:07 left
                                                                           
🤖 Running: 40 | ✓ Completed: 18 | ✗ Errors: 0 | ⏱ Avg: 185.6s | ⏳ 1:07 left
                                                                           
🤖 Running: 40 | ✓ Completed: 19 | ✗ Errors: 0 | ⏱ Avg: 194.8s | ⏳ 1:06 left
                                                                           
🤖 Running: 40 | ✓ Completed: 20 | ✗ Errors: 0 | ⏱ Avg: 204.0s | ⏳ 1:06 left
                                                                           
🤖 Running: 40 | ✓ Completed: 21 | ✗ Errors: 0 | ⏱ Avg: 212.0s | ⏳ 1:06 left
                                                                           
🤖 Running: 40 | ✓ Completed: 22 | ✗ Errors: 0 | ⏱ Avg: 219.4s | ⏳ 1:04 left
                                                                           
🤖 Running: 40 | ✓ Completed: 23 | ✗ Errors: 0 | ⏱ Avg: 200.0s | ⏳ 1:04 left
                                                                           
🤖 Running: 40 | ✓ Completed: 24 | ✗ Errors: 0 | ⏱ Avg: 181.6s | ⏳ 1:03 left
                                                                           
🤖 Running: 40 | ✓ Completed: 24 | ✗ Errors: 0 | ⏱ Avg: 181.6s | ⏳ 1:01 left
                                                                           
🤖 Running: 40 | ✓ Completed: 24 | ✗ Errors: 0 | ⏱ Avg: 181.6s | ⏳ 0:59 left
                                                                           
🤖 Running: 40 | ✓ Completed: 24 | ✗ Errors: 0 | ⏱ Avg: 181.6s | ⏳ 0:57 left
                                                                           
🤖 Running: 40 | ✓ Completed: 25 | ✗ Errors: 0 | ⏱ Avg: 183.9s | ⏳ 0:56 left
                                                                           
🤖 Running: 40 | ✓ Completed: 26 | ✗ Errors: 0 | ⏱ Avg: 185.9s | ⏳ 0:55 left
                                                                           
🤖 Running: 40 | ✓ Completed: 26 | ✗ Errors: 0 | ⏱ Avg: 185.9s | ⏳ 0:53 left
                                                                           
🤖 Running: 40 | ✓ Completed: 26 | ✗ Errors: 0 | ⏱ Avg: 185.9s | ⏳ 0:51 left
                                                                           
🤖 Running: 40 | ✓ Completed: 26 | ✗ Errors: 0 | ⏱ Avg: 185.9s | ⏳ 0:49 left
                                                                           
🤖 Running: 40 | ✓ Completed: 26 | ✗ Errors: 0 | ⏱ Avg: 185.9s | ⏳ 0:47 left
                                                                           
🤖 Running: 40 | ✓ Completed: 26 | ✗ Errors: 0 | ⏱ Avg: 185.9s | ⏳ 0:45 left
                                                                           
🤖 Running: 40 | ✓ Completed: 26 | ✗ Errors: 0 | ⏱ Avg: 185.9s | ⏳ 0:43 left
                                                                           
🤖 Running: 40 | ✓ Completed: 26 | ✗ Errors: 0 | ⏱ Avg: 185.9s | ⏳ 0:41 left
                                                                           
🤖 Running: 40 | ✓ Completed: 26 | ✗ Errors: 0 | ⏱ Avg: 185.9s | ⏳ 0:39 left
                                                                           
🤖 Running: 40 | ✓ Completed: 26 | ✗ Errors: 0 | ⏱ Avg: 185.9s | ⏳ 0:37 left
                                                                           
🤖 Running: 40 | ✓ Completed: 26 | ✗ Errors: 0 | ⏱ Avg: 185.9s | ⏳ 0:35 left
                                                                           
🤖 Running: 40 | ✓ Completed: 27 | ✗ Errors: 0 | ⏱ Avg: 172.6s | ⏳ 0:35 left
                                                                           
🤖 Running: 40 | ✓ Completed: 28 | ✗ Errors: 0 | ⏱ Avg: 180.8s | ⏳ 0:34 left
                                                                           
🤖 Running: 40 | ✓ Completed: 28 | ✗ Errors: 0 | ⏱ Avg: 180.8s | ⏳ 0:32 left
                                                                           
🤖 Running: 40 | ✓ Completed: 28 | ✗ Errors: 0 | ⏱ Avg: 180.8s | ⏳ 0:30 left
                                                                           
🤖 Running: 40 | ✓ Completed: 29 | ✗ Errors: 0 | ⏱ Avg: 185.5s | ⏳ 0:29 left
                                                                           
🤖 Running: 40 | ✓ Completed: 29 | ✗ Errors: 0 | ⏱ Avg: 185.5s | ⏳ 0:26 left
                                                                           
🤖 Running: 40 | ✓ Completed: 29 | ✗ Errors: 0 | ⏱ Avg: 185.5s | ⏳ 0:24 left
                                                                           
🤖 Running: 40 | ✓ Completed: 29 | ✗ Errors: 0 | ⏱ Avg: 185.5s | ⏳ 0:22 left
                                                                           
🤖 Running: 40 | ✓ Completed: 29 | ✗ Errors: 0 | ⏱ Avg: 185.5s | ⏳ 0:20 left
                                                                           
🤖 Running: 40 | ✓ Completed: 30 | ✗ Errors: 0 | ⏱ Avg: 192.8s | ⏳ 0:20 left
                                                                           
🤖 Running: 40 | ✓ Completed: 31 | ✗ Errors: 0 | ⏱ Avg: 199.6s | ⏳ 0:19 left
                                                                           
🤖 Running: 40 | ✓ Completed: 31 | ✗ Errors: 0 | ⏱ Avg: 199.6s | ⏳ 0:17 left
                                                                           
🤖 Running: 40 | ✓ Completed: 31 | ✗ Errors: 0 | ⏱ Avg: 199.6s | ⏳ 0:15 left
                                                                           
🤖 Running: 40 | ✓ Completed: 32 | ✗ Errors: 0 | ⏱ Avg: 195.5s | ⏳ 0:14 left
                                                                           
🤖 Running: 40 | ✓ Completed: 33 | ✗ Errors: 0 | ⏱ Avg: 197.3s | ⏳ 0:14 left
                                                                           
🤖 Running: 40 | ✓ Completed: 33 | ✗ Errors: 0 | ⏱ Avg: 197.3s | ⏳ 0:11 left
                                                                           
🤖 Running: 40 | ✓ Completed: 34 | ✗ Errors: 0 | ⏱ Avg: 221.6s | ⏳ 0:10 left
                                                                           
🤖 Running: 40 | ✓ Completed: 34 | ✗ Errors: 0 | ⏱ Avg: 221.6s | ⏳ 0:08 left
                                                                           
🤖 Running: 40 | ✓ Completed: 34 | ✗ Errors: 0 | ⏱ Avg: 221.6s | ⏳ 0:06 left
                                                                           
🤖 Running: 40 | ✓ Completed: 34 | ✗ Errors: 0 | ⏱ Avg: 221.6s | ⏳ 0:04 left
                                                                           
🤖 Running: 40 | ✓ Completed: 35 | ✗ Errors: 0 | ⏱ Avg: 224.9s | ⏳ 0:03 left
                                                                           
🤖 Running: 40 | ✓ Completed: 35 | ✗ Errors: 0 | ⏱ Avg: 224.9s | ⏳ 0:01 left
                                                                           
🤖 Running: 40 | ✓ Completed: 35 | ✗ Errors: 0 | ⏱ Avg: 224.9s | ⏳ 0:00 left
                                                                                                                                                      
[92m✓ Test completed[0m
[1mTEST RESULTS (n=40 bots)[0m

[1m  BOT OUTCOMES[0m
  ------------------------------------
  Bots started                75
  Completed successfully      35
  Completed with error         0
  Timed out (still running)   40
  Completion rate            [93m47%[0m

[1m  BOT RUNTIMES[0m
  ------------------------------------
  Test duration            304.8s
  Avg runtime              151.8s
  Avg runtime (succeeded)  167.0s
  Avg runtime (timed out)  142.1s

[1m  BOT INIT TIMES (n=75):[0m
  ------------------------------------
  Median            4.457s
  95th percentile  11.702s
  Max              12.357s

[1m  REQUEST METRICS[0m
  ------------------------------------
  Total requests        2196
  Request errors           0
  Throughput      7.21 req/s

[1m  RESPONSE TIMES (n=2196)[0m
  ------------------------------------
  Median           0.109s
  95th percentile  0.577s
  99th percentile  2.220s
  Max              4.173s
  Mean             0.191s
  Std dev          0.382s

[1m  WAIT PAGE TIMES (n=35 pages)[0m
  ------------------------------------
  Median            6.0s
  95th percentile  25.5s
  Max              37.0s

[1m  TRIALS PER BOT (n=35 bots succeeded)[0m
  ------------------------------------
  Min     0
  Median  0
  Max     1

[1m  ASYNC PROCESS TIMES, 1 workers[0m
  ------------------------------------
  No completed async processes.


[1mCUMULATIVE PERFORMANCE TEST SUMMARY
[0m
  Resp P95 — P95 HTTP response time for key endpoints (/timeline, /response)
  Q P95 all — P95 queue delay across all async processes
  vs base — ratio to the first (lowest bot-count) row, if multiple counts are run

    || Bots    Succeeded    Requests    Req/s    Resp P95 (s)  Q P95 all (s)
  ---------  -----------  ----------  -------  --------------  ---------------
         40           35        2196      7.2           0.577  N/A

Bot output log: /tmp/psynet_bots_c6jilp_6.log
Performance results (JSON): ../../evidence/performance.json
✓ Performance test completed
✓ Server stopped (log: /tmp/psynet_server_13g0emm2.log)
