▶ Starting experiment server...
Server log: /tmp/psynet_server_ibe8tbgh.log
⏳ Waiting for server to be ready... Ready!

Bot output log: /tmp/psynet_bots_zeljtp30.log
[1m================================================================================[0m
[1m⚡ PERFORMANCE TEST SUITE[0m
Bots per test:        40
Test duration:        5.0 min
Bot start stagger:    ~0.1s
Bot time factor:      1.0

[1m================================================================================[0m
[1mTEST 1/1: Running with 40 concurrent bots[0m

▶ Starting load test with 40 concurrent bots for 5.0 minutes...


🤖 Running: 1 | ✓ Completed: 0 | ✗ Errors: 0 | ⏱ Avg: 0.0s | ⏳ 4:59 left
                                                                       
🤖 Running: 2 | ✓ Completed: 0 | ✗ Errors: 0 | ⏱ Avg: 0.0s | ⏳ 4:58 left
                                                                       
🤖 Running: 3 | ✓ Completed: 0 | ✗ Errors: 0 | ⏱ Avg: 0.0s | ⏳ 4:58 left
                                                                       
🤖 Running: 4 | ✓ Completed: 0 | ✗ Errors: 0 | ⏱ Avg: 0.0s | ⏳ 4:58 left
                                                                       
🤖 Running: 5 | ✓ Completed: 0 | ✗ Errors: 0 | ⏱ Avg: 0.0s | ⏳ 4:57 left
                                                                       
🤖 Running: 6 | ✓ Completed: 0 | ✗ Errors: 0 | ⏱ Avg: 0.0s | ⏳ 4:57 left
                                                                       
🤖 Running: 7 | ✓ Completed: 0 | ✗ Errors: 0 | ⏱ Avg: 0.0s | ⏳ 4:57 left
                                                                       
🤖 Running: 8 | ✓ Completed: 0 | ✗ Errors: 0 | ⏱ Avg: 0.0s | ⏳ 4:57 left
                                                                       
🤖 Running: 9 | ✓ Completed: 0 | ✗ Errors: 0 | ⏱ Avg: 0.0s | ⏳ 4:56 left
                                                                       
🤖 Running: 10 | ✓ Completed: 0 | ✗ Errors: 0 | ⏱ Avg: 0.0s | ⏳ 4:56 left
                                                                        
🤖 Running: 11 | ✓ Completed: 0 | ✗ Errors: 0 | ⏱ Avg: 0.0s | ⏳ 4:56 left
                                                                        
🤖 Running: 12 | ✓ Completed: 0 | ✗ Errors: 0 | ⏱ Avg: 0.0s | ⏳ 4:56 left
                                                                        
🤖 Running: 13 | ✓ Completed: 0 | ✗ Errors: 0 | ⏱ Avg: 0.0s | ⏳ 4:55 left
                                                                        
🤖 Running: 14 | ✓ Completed: 0 | ✗ Errors: 0 | ⏱ Avg: 0.0s | ⏳ 4:55 left
                                                                        
🤖 Running: 15 | ✓ Completed: 0 | ✗ Errors: 0 | ⏱ Avg: 0.0s | ⏳ 4:55 left
                                                                        
🤖 Running: 16 | ✓ Completed: 0 | ✗ Errors: 0 | ⏱ Avg: 0.0s | ⏳ 4:54 left
                                                                        
🤖 Running: 17 | ✓ Completed: 0 | ✗ Errors: 0 | ⏱ Avg: 0.0s | ⏳ 4:54 left
                                                                        
🤖 Running: 18 | ✓ Completed: 0 | ✗ Errors: 0 | ⏱ Avg: 0.0s | ⏳ 4:53 left
                                                                        
🤖 Running: 19 | ✓ Completed: 0 | ✗ Errors: 0 | ⏱ Avg: 0.0s | ⏳ 4:53 left
                                                                        
🤖 Running: 20 | ✓ Completed: 0 | ✗ Errors: 0 | ⏱ Avg: 0.0s | ⏳ 4:53 left
                                                                        
🤖 Running: 21 | ✓ Completed: 0 | ✗ Errors: 0 | ⏱ Avg: 0.0s | ⏳ 4:52 left
                                                                        
🤖 Running: 22 | ✓ Completed: 0 | ✗ Errors: 0 | ⏱ Avg: 0.0s | ⏳ 4:52 left
                                                                        
🤖 Running: 23 | ✓ Completed: 0 | ✗ Errors: 0 | ⏱ Avg: 0.0s | ⏳ 4:52 left
                                                                        
🤖 Running: 24 | ✓ Completed: 0 | ✗ Errors: 0 | ⏱ Avg: 0.0s | ⏳ 4:51 left
                                                                        
🤖 Running: 25 | ✓ Completed: 0 | ✗ Errors: 0 | ⏱ Avg: 0.0s | ⏳ 4:51 left
                                                                        
🤖 Running: 26 | ✓ Completed: 0 | ✗ Errors: 0 | ⏱ Avg: 0.0s | ⏳ 4:50 left
                                                                        
🤖 Running: 27 | ✓ Completed: 0 | ✗ Errors: 0 | ⏱ Avg: 0.0s | ⏳ 4:50 left
                                                                        
🤖 Running: 28 | ✓ Completed: 0 | ✗ Errors: 0 | ⏱ Avg: 0.0s | ⏳ 4:50 left
                                                                        
🤖 Running: 29 | ✓ Completed: 0 | ✗ Errors: 0 | ⏱ Avg: 0.0s | ⏳ 4:49 left
                                                                        
🤖 Running: 30 | ✓ Completed: 0 | ✗ Errors: 0 | ⏱ Avg: 0.0s | ⏳ 4:49 left
                                                                        
🤖 Running: 31 | ✓ Completed: 0 | ✗ Errors: 0 | ⏱ Avg: 0.0s | ⏳ 4:49 left
                                                                        
🤖 Running: 32 | ✓ Completed: 0 | ✗ Errors: 0 | ⏱ Avg: 0.0s | ⏳ 4:48 left
                                                                        
🤖 Running: 33 | ✓ Completed: 0 | ✗ Errors: 0 | ⏱ Avg: 0.0s | ⏳ 4:48 left
                                                                        
🤖 Running: 34 | ✓ Completed: 0 | ✗ Errors: 0 | ⏱ Avg: 0.0s | ⏳ 4:47 left
                                                                        
🤖 Running: 35 | ✓ Completed: 0 | ✗ Errors: 0 | ⏱ Avg: 0.0s | ⏳ 4:47 left
                                                                        
🤖 Running: 36 | ✓ Completed: 0 | ✗ Errors: 0 | ⏱ Avg: 0.0s | ⏳ 4:47 left
                                                                        
🤖 Running: 37 | ✓ Completed: 0 | ✗ Errors: 0 | ⏱ Avg: 0.0s | ⏳ 4:46 left
                                                                        
🤖 Running: 38 | ✓ Completed: 0 | ✗ Errors: 0 | ⏱ Avg: 0.0s | ⏳ 4:46 left
                                                                        
🤖 Running: 39 | ✓ Completed: 0 | ✗ Errors: 0 | ⏱ Avg: 0.0s | ⏳ 4:45 left
                                                                        
🤖 Running: 40 | ✓ Completed: 0 | ✗ Errors: 0 | ⏱ Avg: 0.0s | ⏳ 4:45 left
                                                                        
🤖 Running: 40 | ✓ Completed: 0 | ✗ Errors: 0 | ⏱ Avg: 0.0s | ⏳ 4:43 left
                                                                        
🤖 Running: 40 | ✓ Completed: 0 | ✗ Errors: 0 | ⏱ Avg: 0.0s | ⏳ 4:41 left
                                                                        
🤖 Running: 40 | ✓ Completed: 0 | ✗ Errors: 0 | ⏱ Avg: 0.0s | ⏳ 4:39 left
                                                                        
🤖 Running: 40 | ✓ Completed: 0 | ✗ Errors: 0 | ⏱ Avg: 0.0s | ⏳ 4:37 left
                                                                        
🤖 Running: 40 | ✓ Completed: 0 | ✗ Errors: 0 | ⏱ Avg: 0.0s | ⏳ 4:35 left
                                                                        
🤖 Running: 40 | ✓ Completed: 0 | ✗ Errors: 0 | ⏱ Avg: 0.0s | ⏳ 4:33 left
                                                                        
🤖 Running: 40 | ✓ Completed: 0 | ✗ Errors: 0 | ⏱ Avg: 0.0s | ⏳ 4:31 left
                                                                        
🤖 Running: 40 | ✓ Completed: 0 | ✗ Errors: 0 | ⏱ Avg: 0.0s | ⏳ 4:29 left
                                                                        
🤖 Running: 40 | ✓ Completed: 0 | ✗ Errors: 0 | ⏱ Avg: 0.0s | ⏳ 4:27 left
                                                                        
🤖 Running: 40 | ✓ Completed: 0 | ✗ Errors: 0 | ⏱ Avg: 0.0s | ⏳ 4:25 left
                                                                        
🤖 Running: 40 | ✓ Completed: 0 | ✗ Errors: 0 | ⏱ Avg: 0.0s | ⏳ 4:23 left
                                                                        
🤖 Running: 40 | ✓ Completed: 0 | ✗ Errors: 0 | ⏱ Avg: 0.0s | ⏳ 4:21 left
                                                                        
🤖 Running: 40 | ✓ Completed: 0 | ✗ Errors: 0 | ⏱ Avg: 0.0s | ⏳ 4:19 left
                                                                        
🤖 Running: 40 | ✓ Completed: 0 | ✗ Errors: 0 | ⏱ Avg: 0.0s | ⏳ 4:17 left
                                                                        
🤖 Running: 40 | ✓ Completed: 0 | ✗ Errors: 0 | ⏱ Avg: 0.0s | ⏳ 4:15 left
                                                                        
🤖 Running: 40 | ✓ Completed: 0 | ✗ Errors: 0 | ⏱ Avg: 0.0s | ⏳ 4:12 left
                                                                        
🤖 Running: 40 | ✓ Completed: 0 | ✗ Errors: 0 | ⏱ Avg: 0.0s | ⏳ 4:10 left
                                                                        
🤖 Running: 40 | ✓ Completed: 0 | ✗ Errors: 0 | ⏱ Avg: 0.0s | ⏳ 4:08 left
                                                                        
🤖 Running: 40 | ✓ Completed: 0 | ✗ Errors: 0 | ⏱ Avg: 0.0s | ⏳ 4:06 left
                                                                        
🤖 Running: 40 | ✓ Completed: 0 | ✗ Errors: 0 | ⏱ Avg: 0.0s | ⏳ 4:04 left
                                                                        
🤖 Running: 40 | ✓ Completed: 0 | ✗ Errors: 0 | ⏱ Avg: 0.0s | ⏳ 4:02 left
                                                                        
🤖 Running: 40 | ✓ Completed: 0 | ✗ Errors: 0 | ⏱ Avg: 0.0s | ⏳ 4:00 left
                                                                        
🤖 Running: 40 | ✓ Completed: 0 | ✗ Errors: 0 | ⏱ Avg: 0.0s | ⏳ 3:58 left
                                                                        
🤖 Running: 40 | ✓ Completed: 0 | ✗ Errors: 0 | ⏱ Avg: 0.0s | ⏳ 3:56 left
                                                                        
🤖 Running: 40 | ✓ Completed: 0 | ✗ Errors: 0 | ⏱ Avg: 0.0s | ⏳ 3:54 left
                                                                        
🤖 Running: 40 | ✓ Completed: 0 | ✗ Errors: 0 | ⏱ Avg: 0.0s | ⏳ 3:52 left
                                                                        
🤖 Running: 39 | ✓ Completed: 1 | ✗ Errors: 0 | ⏱ Avg: 50.1s | ⏳ 3:50 left
                                                                         
🤖 Running: 40 | ✓ Completed: 1 | ✗ Errors: 0 | ⏱ Avg: 50.1s | ⏳ 3:50 left
                                                                         
🤖 Running: 40 | ✓ Completed: 1 | ✗ Errors: 0 | ⏱ Avg: 50.1s | ⏳ 3:48 left
                                                                         
🤖 Running: 40 | ✓ Completed: 1 | ✗ Errors: 0 | ⏱ Avg: 50.1s | ⏳ 3:46 left
                                                                         
🤖 Running: 40 | ✓ Completed: 1 | ✗ Errors: 0 | ⏱ Avg: 50.1s | ⏳ 3:44 left
                                                                         
🤖 Running: 40 | ✓ Completed: 1 | ✗ Errors: 0 | ⏱ Avg: 50.1s | ⏳ 3:42 left
                                                                         
🤖 Running: 40 | ✓ Completed: 2 | ✗ Errors: 0 | ⏱ Avg: 55.2s | ⏳ 3:42 left
                                                                         
🤖 Running: 40 | ✓ Completed: 2 | ✗ Errors: 0 | ⏱ Avg: 55.2s | ⏳ 3:39 left
                                                                         
🤖 Running: 40 | ✓ Completed: 2 | ✗ Errors: 0 | ⏱ Avg: 55.2s | ⏳ 3:37 left
                                                                         
🤖 Running: 40 | ✓ Completed: 2 | ✗ Errors: 0 | ⏱ Avg: 55.2s | ⏳ 3:35 left
                                                                         
🤖 Running: 40 | ✓ Completed: 3 | ✗ Errors: 0 | ⏱ Avg: 59.9s | ⏳ 3:35 left
                                                                         
🤖 Running: 40 | ✓ Completed: 4 | ✗ Errors: 0 | ⏱ Avg: 62.6s | ⏳ 3:34 left
                                                                         
🤖 Running: 40 | ✓ Completed: 4 | ✗ Errors: 0 | ⏱ Avg: 62.6s | ⏳ 3:32 left
                                                                         
🤖 Running: 40 | ✓ Completed: 4 | ✗ Errors: 0 | ⏱ Avg: 62.6s | ⏳ 3:30 left
                                                                         
🤖 Running: 40 | ✓ Completed: 4 | ✗ Errors: 0 | ⏱ Avg: 62.6s | ⏳ 3:28 left
                                                                         
🤖 Running: 40 | ✓ Completed: 4 | ✗ Errors: 0 | ⏱ Avg: 62.6s | ⏳ 3:26 left
                                                                         
🤖 Running: 40 | ✓ Completed: 4 | ✗ Errors: 0 | ⏱ Avg: 62.6s | ⏳ 3:24 left
                                                                         
🤖 Running: 40 | ✓ Completed: 5 | ✗ Errors: 0 | ⏱ Avg: 66.4s | ⏳ 3:23 left
                                                                         
🤖 Running: 40 | ✓ Completed: 6 | ✗ Errors: 0 | ⏱ Avg: 71.8s | ⏳ 3:23 left
                                                                         
🤖 Running: 40 | ✓ Completed: 6 | ✗ Errors: 0 | ⏱ Avg: 71.8s | ⏳ 3:21 left
                                                                         
🤖 Running: 40 | ✓ Completed: 6 | ✗ Errors: 0 | ⏱ Avg: 71.8s | ⏳ 3:19 left
                                                                         
🤖 Running: 40 | ✓ Completed: 7 | ✗ Errors: 0 | ⏱ Avg: 77.1s | ⏳ 3:18 left
                                                                         
🤖 Running: 40 | ✓ Completed: 8 | ✗ Errors: 0 | ⏱ Avg: 80.7s | ⏳ 3:17 left
                                                                         
🤖 Running: 40 | ✓ Completed: 8 | ✗ Errors: 0 | ⏱ Avg: 80.7s | ⏳ 3:15 left
                                                                         
🤖 Running: 40 | ✓ Completed: 9 | ✗ Errors: 0 | ⏱ Avg: 84.8s | ⏳ 3:14 left
                                                                         
🤖 Running: 40 | ✓ Completed: 9 | ✗ Errors: 0 | ⏱ Avg: 84.8s | ⏳ 3:12 left
                                                                         
🤖 Running: 40 | ✓ Completed: 10 | ✗ Errors: 0 | ⏱ Avg: 87.2s | ⏳ 3:11 left
                                                                          
🤖 Running: 40 | ✓ Completed: 11 | ✗ Errors: 0 | ⏱ Avg: 89.8s | ⏳ 3:10 left
                                                                          
🤖 Running: 40 | ✓ Completed: 12 | ✗ Errors: 0 | ⏱ Avg: 91.4s | ⏳ 3:10 left
                                                                          
🤖 Running: 40 | ✓ Completed: 12 | ✗ Errors: 0 | ⏱ Avg: 91.4s | ⏳ 3:07 left
                                                                          
🤖 Running: 40 | ✓ Completed: 13 | ✗ Errors: 0 | ⏱ Avg: 93.4s | ⏳ 3:07 left
                                                                          
🤖 Running: 40 | ✓ Completed: 14 | ✗ Errors: 0 | ⏱ Avg: 94.1s | ⏳ 3:06 left
                                                                          
🤖 Running: 40 | ✓ Completed: 15 | ✗ Errors: 0 | ⏱ Avg: 94.6s | ⏳ 3:06 left
                                                                          
🤖 Running: 40 | ✓ Completed: 16 | ✗ Errors: 0 | ⏱ Avg: 96.4s | ⏳ 3:05 left
                                                                          
🤖 Running: 40 | ✓ Completed: 16 | ✗ Errors: 0 | ⏱ Avg: 96.4s | ⏳ 3:03 left
                                                                          
🤖 Running: 40 | ✓ Completed: 17 | ✗ Errors: 0 | ⏱ Avg: 96.8s | ⏳ 3:03 left
                                                                          
🤖 Running: 40 | ✓ Completed: 17 | ✗ Errors: 0 | ⏱ Avg: 96.8s | ⏳ 3:01 left
                                                                          
🤖 Running: 40 | ✓ Completed: 18 | ✗ Errors: 0 | ⏱ Avg: 97.2s | ⏳ 3:00 left
                                                                          
🤖 Running: 40 | ✓ Completed: 19 | ✗ Errors: 0 | ⏱ Avg: 101.8s | ⏳ 3:00 left
                                                                           
🤖 Running: 40 | ✓ Completed: 20 | ✗ Errors: 0 | ⏱ Avg: 103.6s | ⏳ 3:00 left
                                                                           
🤖 Running: 40 | ✓ Completed: 21 | ✗ Errors: 0 | ⏱ Avg: 104.6s | ⏳ 3:00 left
                                                                           
🤖 Running: 40 | ✓ Completed: 21 | ✗ Errors: 0 | ⏱ Avg: 104.6s | ⏳ 2:58 left
                                                                           
🤖 Running: 39 | ✓ Completed: 22 | ✗ Errors: 0 | ⏱ Avg: 106.6s | ⏳ 2:55 left
                                                                           
🤖 Running: 40 | ✓ Completed: 22 | ✗ Errors: 0 | ⏱ Avg: 106.6s | ⏳ 2:55 left
                                                                           
🤖 Running: 39 | ✓ Completed: 23 | ✗ Errors: 0 | ⏱ Avg: 108.9s | ⏳ 2:53 left
                                                                           
🤖 Running: 40 | ✓ Completed: 23 | ✗ Errors: 0 | ⏱ Avg: 108.9s | ⏳ 2:53 left
                                                                           
🤖 Running: 40 | ✓ Completed: 23 | ✗ Errors: 0 | ⏱ Avg: 108.9s | ⏳ 2:51 left
                                                                           
🤖 Running: 40 | ✓ Completed: 24 | ✗ Errors: 0 | ⏱ Avg: 108.4s | ⏳ 2:50 left
                                                                           
🤖 Running: 40 | ✓ Completed: 24 | ✗ Errors: 0 | ⏱ Avg: 108.4s | ⏳ 2:48 left
                                                                           
🤖 Running: 40 | ✓ Completed: 25 | ✗ Errors: 0 | ⏱ Avg: 91.2s | ⏳ 2:46 left
                                                                          
🤖 Running: 40 | ✓ Completed: 25 | ✗ Errors: 0 | ⏱ Avg: 91.2s | ⏳ 2:44 left
                                                                          
🤖 Running: 40 | ✓ Completed: 26 | ✗ Errors: 0 | ⏱ Avg: 83.7s | ⏳ 2:42 left
                                                                          
🤖 Running: 40 | ✓ Completed: 27 | ✗ Errors: 0 | ⏱ Avg: 72.6s | ⏳ 2:42 left
                                                                          
🤖 Running: 40 | ✓ Completed: 28 | ✗ Errors: 0 | ⏱ Avg: 60.7s | ⏳ 2:41 left
                                                                          
🤖 Running: 40 | ✓ Completed: 29 | ✗ Errors: 0 | ⏱ Avg: 62.3s | ⏳ 2:39 left
                                                                          
🤖 Running: 40 | ✓ Completed: 30 | ✗ Errors: 0 | ⏱ Avg: 83.1s | ⏳ 2:39 left
                                                                          
🤖 Running: 40 | ✓ Completed: 30 | ✗ Errors: 0 | ⏱ Avg: 83.1s | ⏳ 2:37 left
                                                                          
🤖 Running: 40 | ✓ Completed: 30 | ✗ Errors: 0 | ⏱ Avg: 83.1s | ⏳ 2:35 left
                                                                          
🤖 Running: 40 | ✓ Completed: 30 | ✗ Errors: 0 | ⏱ Avg: 83.1s | ⏳ 2:33 left
                                                                          
🤖 Running: 40 | ✓ Completed: 31 | ✗ Errors: 0 | ⏱ Avg: 79.8s | ⏳ 2:32 left
                                                                          
🤖 Running: 40 | ✓ Completed: 32 | ✗ Errors: 0 | ⏱ Avg: 95.6s | ⏳ 2:31 left
                                                                          
🤖 Running: 40 | ✓ Completed: 32 | ✗ Errors: 0 | ⏱ Avg: 95.6s | ⏳ 2:29 left
                                                                          
🤖 Running: 40 | ✓ Completed: 33 | ✗ Errors: 0 | ⏱ Avg: 112.5s | ⏳ 2:28 left
                                                                           
🤖 Running: 40 | ✓ Completed: 34 | ✗ Errors: 0 | ⏱ Avg: 115.4s | ⏳ 2:27 left
                                                                           
🤖 Running: 40 | ✓ Completed: 34 | ✗ Errors: 0 | ⏱ Avg: 115.4s | ⏳ 2:25 left
                                                                           
🤖 Running: 40 | ✓ Completed: 35 | ✗ Errors: 0 | ⏱ Avg: 118.9s | ⏳ 2:24 left
                                                                           
🤖 Running: 40 | ✓ Completed: 35 | ✗ Errors: 0 | ⏱ Avg: 118.9s | ⏳ 2:22 left
                                                                           
🤖 Running: 40 | ✓ Completed: 35 | ✗ Errors: 0 | ⏱ Avg: 118.9s | ⏳ 2:20 left
                                                                           
🤖 Running: 40 | ✓ Completed: 36 | ✗ Errors: 0 | ⏱ Avg: 137.9s | ⏳ 2:20 left
                                                                           
🤖 Running: 40 | ✓ Completed: 36 | ✗ Errors: 0 | ⏱ Avg: 137.9s | ⏳ 2:18 left
                                                                           
🤖 Running: 40 | ✓ Completed: 36 | ✗ Errors: 0 | ⏱ Avg: 137.9s | ⏳ 2:16 left
                                                                           
🤖 Running: 40 | ✓ Completed: 37 | ✗ Errors: 0 | ⏱ Avg: 122.7s | ⏳ 2:14 left
                                                                           
🤖 Running: 40 | ✓ Completed: 38 | ✗ Errors: 0 | ⏱ Avg: 108.1s | ⏳ 2:13 left
                                                                           
🤖 Running: 40 | ✓ Completed: 38 | ✗ Errors: 0 | ⏱ Avg: 108.1s | ⏳ 2:11 left
                                                                           
🤖 Running: 40 | ✓ Completed: 39 | ✗ Errors: 0 | ⏱ Avg: 111.6s | ⏳ 2:10 left
                                                                           
🤖 Running: 40 | ✓ Completed: 39 | ✗ Errors: 0 | ⏱ Avg: 111.6s | ⏳ 2:08 left
                                                                           
🤖 Running: 40 | ✓ Completed: 40 | ✗ Errors: 0 | ⏱ Avg: 114.8s | ⏳ 2:08 left
                                                                           
🤖 Running: 40 | ✓ Completed: 40 | ✗ Errors: 0 | ⏱ Avg: 114.8s | ⏳ 2:06 left
                                                                           
🤖 Running: 40 | ✓ Completed: 41 | ✗ Errors: 0 | ⏱ Avg: 92.9s | ⏳ 2:05 left
                                                                          
🤖 Running: 40 | ✓ Completed: 41 | ✗ Errors: 0 | ⏱ Avg: 92.9s | ⏳ 2:03 left
                                                                          
🤖 Running: 40 | ✓ Completed: 41 | ✗ Errors: 0 | ⏱ Avg: 92.9s | ⏳ 2:01 left
                                                                          
🤖 Running: 40 | ✓ Completed: 42 | ✗ Errors: 0 | ⏱ Avg: 86.5s | ⏳ 2:00 left
                                                                          
🤖 Running: 40 | ✓ Completed: 43 | ✗ Errors: 0 | ⏱ Avg: 106.8s | ⏳ 2:00 left
                                                                           
🤖 Running: 40 | ✓ Completed: 43 | ✗ Errors: 0 | ⏱ Avg: 106.8s | ⏳ 1:58 left
                                                                           
🤖 Running: 39 | ✓ Completed: 44 | ✗ Errors: 0 | ⏱ Avg: 84.7s | ⏳ 1:56 left
                                                                          
🤖 Running: 40 | ✓ Completed: 44 | ✗ Errors: 0 | ⏱ Avg: 84.7s | ⏳ 1:56 left
                                                                          
🤖 Running: 40 | ✓ Completed: 44 | ✗ Errors: 0 | ⏱ Avg: 84.7s | ⏳ 1:53 left
                                                                          
🤖 Running: 40 | ✓ Completed: 44 | ✗ Errors: 0 | ⏱ Avg: 84.7s | ⏳ 1:51 left
                                                                          
🤖 Running: 40 | ✓ Completed: 45 | ✗ Errors: 0 | ⏱ Avg: 75.2s | ⏳ 1:51 left
                                                                          
🤖 Running: 40 | ✓ Completed: 45 | ✗ Errors: 0 | ⏱ Avg: 75.2s | ⏳ 1:48 left
                                                                          
🤖 Running: 40 | ✓ Completed: 45 | ✗ Errors: 0 | ⏱ Avg: 75.2s | ⏳ 1:46 left
                                                                          
🤖 Running: 40 | ✓ Completed: 46 | ✗ Errors: 0 | ⏱ Avg: 85.6s | ⏳ 1:45 left
                                                                          
🤖 Running: 40 | ✓ Completed: 46 | ✗ Errors: 0 | ⏱ Avg: 85.6s | ⏳ 1:43 left
                                                                          
🤖 Running: 40 | ✓ Completed: 46 | ✗ Errors: 0 | ⏱ Avg: 85.6s | ⏳ 1:41 left
                                                                          
🤖 Running: 40 | ✓ Completed: 47 | ✗ Errors: 0 | ⏱ Avg: 98.5s | ⏳ 1:41 left
                                                                          
🤖 Running: 40 | ✓ Completed: 48 | ✗ Errors: 0 | ⏱ Avg: 102.2s | ⏳ 1:40 left
                                                                           
🤖 Running: 40 | ✓ Completed: 49 | ✗ Errors: 0 | ⏱ Avg: 107.4s | ⏳ 1:38 left
                                                                           
🤖 Running: 40 | ✓ Completed: 50 | ✗ Errors: 0 | ⏱ Avg: 101.8s | ⏳ 1:37 left
                                                                           
🤖 Running: 40 | ✓ Completed: 50 | ✗ Errors: 0 | ⏱ Avg: 101.8s | ⏳ 1:35 left
                                                                           
🤖 Running: 40 | ✓ Completed: 50 | ✗ Errors: 0 | ⏱ Avg: 101.8s | ⏳ 1:33 left
                                                                           
🤖 Running: 40 | ✓ Completed: 51 | ✗ Errors: 0 | ⏱ Avg: 102.7s | ⏳ 1:32 left
                                                                           
🤖 Running: 40 | ✓ Completed: 52 | ✗ Errors: 0 | ⏱ Avg: 106.0s | ⏳ 1:32 left
                                                                           
🤖 Running: 40 | ✓ Completed: 53 | ✗ Errors: 0 | ⏱ Avg: 87.3s | ⏳ 1:31 left
                                                                          
🤖 Running: 40 | ✓ Completed: 54 | ✗ Errors: 0 | ⏱ Avg: 112.2s | ⏳ 1:31 left
                                                                           
🤖 Running: 40 | ✓ Completed: 54 | ✗ Errors: 0 | ⏱ Avg: 112.2s | ⏳ 1:29 left
                                                                           
🤖 Running: 40 | ✓ Completed: 54 | ✗ Errors: 0 | ⏱ Avg: 112.2s | ⏳ 1:27 left
                                                                           
🤖 Running: 40 | ✓ Completed: 55 | ✗ Errors: 0 | ⏱ Avg: 134.6s | ⏳ 1:26 left
                                                                           
🤖 Running: 40 | ✓ Completed: 56 | ✗ Errors: 0 | ⏱ Avg: 135.0s | ⏳ 1:25 left
                                                                           
🤖 Running: 40 | ✓ Completed: 56 | ✗ Errors: 0 | ⏱ Avg: 135.0s | ⏳ 1:23 left
                                                                           
🤖 Running: 40 | ✓ Completed: 57 | ✗ Errors: 0 | ⏱ Avg: 134.9s | ⏳ 1:21 left
                                                                           
🤖 Running: 40 | ✓ Completed: 57 | ✗ Errors: 0 | ⏱ Avg: 134.9s | ⏳ 1:19 left
                                                                           
🤖 Running: 40 | ✓ Completed: 57 | ✗ Errors: 0 | ⏱ Avg: 134.9s | ⏳ 1:17 left
                                                                           
🤖 Running: 40 | ✓ Completed: 58 | ✗ Errors: 0 | ⏱ Avg: 131.8s | ⏳ 1:15 left
                                                                           
🤖 Running: 40 | ✓ Completed: 59 | ✗ Errors: 0 | ⏱ Avg: 113.8s | ⏳ 1:13 left
                                                                           
🤖 Running: 40 | ✓ Completed: 59 | ✗ Errors: 0 | ⏱ Avg: 113.8s | ⏳ 1:11 left
                                                                           
🤖 Running: 40 | ✓ Completed: 60 | ✗ Errors: 0 | ⏱ Avg: 92.7s | ⏳ 1:10 left
                                                                          
🤖 Running: 40 | ✓ Completed: 61 | ✗ Errors: 0 | ⏱ Avg: 86.0s | ⏳ 1:09 left
                                                                          
🤖 Running: 40 | ✓ Completed: 61 | ✗ Errors: 0 | ⏱ Avg: 86.0s | ⏳ 1:07 left
                                                                          
🤖 Running: 40 | ✓ Completed: 61 | ✗ Errors: 0 | ⏱ Avg: 86.0s | ⏳ 1:05 left
                                                                          
🤖 Running: 40 | ✓ Completed: 61 | ✗ Errors: 0 | ⏱ Avg: 86.0s | ⏳ 1:03 left
                                                                          
🤖 Running: 40 | ✓ Completed: 61 | ✗ Errors: 0 | ⏱ Avg: 86.0s | ⏳ 1:01 left
                                                                          
🤖 Running: 40 | ✓ Completed: 62 | ✗ Errors: 0 | ⏱ Avg: 83.7s | ⏳ 0:59 left
                                                                          
🤖 Running: 40 | ✓ Completed: 63 | ✗ Errors: 0 | ⏱ Avg: 89.5s | ⏳ 0:57 left
                                                                          
🤖 Running: 40 | ✓ Completed: 65 | ✗ Errors: 0 | ⏱ Avg: 82.0s | ⏳ 0:55 left
                                                                          
🤖 Running: 40 | ✓ Completed: 66 | ✗ Errors: 0 | ⏱ Avg: 94.8s | ⏳ 0:53 left
                                                                          
🤖 Running: 40 | ✓ Completed: 66 | ✗ Errors: 0 | ⏱ Avg: 94.8s | ⏳ 0:51 left
                                                                          
🤖 Running: 40 | ✓ Completed: 67 | ✗ Errors: 0 | ⏱ Avg: 93.9s | ⏳ 0:51 left
                                                                          
🤖 Running: 40 | ✓ Completed: 67 | ✗ Errors: 0 | ⏱ Avg: 93.9s | ⏳ 0:49 left
                                                                          
🤖 Running: 40 | ✓ Completed: 67 | ✗ Errors: 0 | ⏱ Avg: 93.9s | ⏳ 0:47 left
                                                                          
🤖 Running: 40 | ✓ Completed: 67 | ✗ Errors: 0 | ⏱ Avg: 93.9s | ⏳ 0:45 left
                                                                          
🤖 Running: 40 | ✓ Completed: 68 | ✗ Errors: 0 | ⏱ Avg: 88.3s | ⏳ 0:43 left
                                                                          
🤖 Running: 40 | ✓ Completed: 69 | ✗ Errors: 0 | ⏱ Avg: 73.9s | ⏳ 0:43 left
                                                                          
🤖 Running: 40 | ✓ Completed: 70 | ✗ Errors: 0 | ⏱ Avg: 78.0s | ⏳ 0:42 left
                                                                          
🤖 Running: 40 | ✓ Completed: 70 | ✗ Errors: 0 | ⏱ Avg: 78.0s | ⏳ 0:40 left
                                                                          
🤖 Running: 40 | ✓ Completed: 71 | ✗ Errors: 0 | ⏱ Avg: 61.0s | ⏳ 0:40 left
                                                                          
🤖 Running: 40 | ✓ Completed: 71 | ✗ Errors: 0 | ⏱ Avg: 61.0s | ⏳ 0:38 left
                                                                          
🤖 Running: 40 | ✓ Completed: 71 | ✗ Errors: 0 | ⏱ Avg: 61.0s | ⏳ 0:36 left
                                                                          
🤖 Running: 40 | ✓ Completed: 72 | ✗ Errors: 0 | ⏱ Avg: 53.4s | ⏳ 0:34 left
                                                                          
🤖 Running: 40 | ✓ Completed: 72 | ✗ Errors: 0 | ⏱ Avg: 53.4s | ⏳ 0:32 left
                                                                          
🤖 Running: 40 | ✓ Completed: 73 | ✗ Errors: 0 | ⏱ Avg: 42.8s | ⏳ 0:31 left
                                                                          
🤖 Running: 40 | ✓ Completed: 73 | ✗ Errors: 0 | ⏱ Avg: 42.8s | ⏳ 0:29 left
                                                                          
🤖 Running: 40 | ✓ Completed: 74 | ✗ Errors: 0 | ⏱ Avg: 44.9s | ⏳ 0:27 left
                                                                          
🤖 Running: 40 | ✓ Completed: 75 | ✗ Errors: 0 | ⏱ Avg: 42.0s | ⏳ 0:27 left
                                                                          
🤖 Running: 40 | ✓ Completed: 75 | ✗ Errors: 0 | ⏱ Avg: 42.0s | ⏳ 0:25 left
                                                                          
🤖 Running: 40 | ✓ Completed: 75 | ✗ Errors: 0 | ⏱ Avg: 42.0s | ⏳ 0:23 left
                                                                          
🤖 Running: 40 | ✓ Completed: 75 | ✗ Errors: 0 | ⏱ Avg: 42.0s | ⏳ 0:21 left
                                                                          
🤖 Running: 40 | ✓ Completed: 76 | ✗ Errors: 0 | ⏱ Avg: 49.4s | ⏳ 0:19 left
                                                                          
🤖 Running: 40 | ✓ Completed: 76 | ✗ Errors: 0 | ⏱ Avg: 49.4s | ⏳ 0:17 left
                                                                          
🤖 Running: 40 | ✓ Completed: 77 | ✗ Errors: 0 | ⏱ Avg: 69.4s | ⏳ 0:15 left
                                                                          
🤖 Running: 40 | ✓ Completed: 78 | ✗ Errors: 0 | ⏱ Avg: 79.6s | ⏳ 0:15 left
                                                                          
🤖 Running: 40 | ✓ Completed: 79 | ✗ Errors: 0 | ⏱ Avg: 79.9s | ⏳ 0:14 left
                                                                          
🤖 Running: 40 | ✓ Completed: 80 | ✗ Errors: 0 | ⏱ Avg: 89.7s | ⏳ 0:13 left
                                                                          
🤖 Running: 40 | ✓ Completed: 80 | ✗ Errors: 0 | ⏱ Avg: 89.7s | ⏳ 0:11 left
                                                                          
🤖 Running: 40 | ✓ Completed: 80 | ✗ Errors: 0 | ⏱ Avg: 89.7s | ⏳ 0:09 left
                                                                          
🤖 Running: 40 | ✓ Completed: 80 | ✗ Errors: 0 | ⏱ Avg: 89.7s | ⏳ 0:07 left
                                                                          
🤖 Running: 40 | ✓ Completed: 80 | ✗ Errors: 0 | ⏱ Avg: 89.7s | ⏳ 0:05 left
                                                                          
🤖 Running: 40 | ✓ Completed: 81 | ✗ Errors: 0 | ⏱ Avg: 129.6s | ⏳ 0:05 left
                                                                           
🤖 Running: 40 | ✓ Completed: 81 | ✗ Errors: 0 | ⏱ Avg: 129.6s | ⏳ 0:03 left
                                                                           
🤖 Running: 40 | ✓ Completed: 82 | ✗ Errors: 0 | ⏱ Avg: 130.8s | ⏳ 0:02 left
                                                                           
🤖 Running: 40 | ✓ Completed: 83 | ✗ Errors: 0 | ⏱ Avg: 133.8s | ⏳ 0:01 left
                                                                           
🤖 Running: 40 | ✓ Completed: 84 | ✗ Errors: 0 | ⏱ Avg: 178.1s | ⏳ 0:00 left
                                                                                                                                                      
[92m✓ Test completed[0m
[1mTEST RESULTS (n=40 bots)[0m

[1m  BOT OUTCOMES[0m
  ------------------------------------
  Bots started               124
  Completed successfully      84
  Completed with error         0
  Timed out (still running)   38
  Never reached DB             2
  Completion rate            [93m68%[0m

[1m  BOT RUNTIMES[0m
  ------------------------------------
  Test duration            304.7s
  Avg runtime               92.3s
  Avg runtime (succeeded)   96.2s
  Avg runtime (timed out)   83.7s

[1m  BOT INIT TIMES (n=122):[0m
  ------------------------------------
  Median            1.277s
  95th percentile  11.757s
  Max              13.101s

[1m  REQUEST METRICS[0m
  ------------------------------------
  Total requests         3210
  Request errors            0
  Throughput      10.53 req/s

[1m  RESPONSE TIMES (n=3210)[0m
  ------------------------------------
  Median           0.100s
  95th percentile  0.249s
  99th percentile  0.611s
  Max              3.865s
  Mean             0.097s
  Std dev          0.203s

[1m  WAIT PAGE TIMES (n=84 pages)[0m
  ------------------------------------
  Median           0.0s
  95th percentile  0.0s
  Max              0.0s

[1m  TRIALS PER BOT (n=84 bots succeeded)[0m
  ------------------------------------
  Min      0
  Median   0
  Max     12

[1m  ASYNC PROCESS TIMES, 1 workers[0m
  ------------------------------------
  No completed async processes.


[1mCUMULATIVE PERFORMANCE TEST SUMMARY
[0m
  Resp Med — median HTTP response time for key endpoints (/timeline, /response)
  Resp P95 — P95 HTTP response time for key endpoints (/timeline, /response)
  Q P95 all — P95 queue delay across all async processes
  vs base — ratio to the first (lowest bot-count) row, if multiple counts are run

    || Bots    Succeeded    Requests    Req/s    Resp Med (s)    Resp P95 (s)  Q P95 all (s)
  ---------  -----------  ----------  -------  --------------  --------------  ---------------
         40           84        3210     10.5             0.1           0.249  N/A

Bot output log: /tmp/psynet_bots_zeljtp30.log
Performance results (JSON): /workspace/challenges/visual-priors-serial-reproduction/attempts/2026-06-13-14-06/evidence/performance.json
✓ Performance test completed
✓ Server stopped (log: /tmp/psynet_server_ibe8tbgh.log)
