▶ Starting experiment server...
Server log: /tmp/psynet_server_yke5vl2d.log
⏳ Waiting for server to be ready... Ready!

Bot output log: /tmp/psynet_bots_h6eqjeu6.log
[1m================================================================================[0m
[1m⚡ PERFORMANCE TEST SUITE[0m
Bots per test:        40
Test duration:        5.0 min
Bot start stagger:    ~0.1s
Bot time factor:      1.0

[1m================================================================================[0m
[1mTEST 1/1: Running with 40 concurrent bots[0m

▶ Starting load test with 40 concurrent bots for 5.0 minutes...


🤖 Running: 1 | ✓ Completed: 0 | ✗ Errors: 0 | ⏱ Avg: 0.0s | ⏳ 4:59 left
                                                                       
🤖 Running: 2 | ✓ Completed: 0 | ✗ Errors: 0 | ⏱ Avg: 0.0s | ⏳ 4:58 left
                                                                       
🤖 Running: 3 | ✓ Completed: 0 | ✗ Errors: 0 | ⏱ Avg: 0.0s | ⏳ 4:58 left
                                                                       
🤖 Running: 4 | ✓ Completed: 0 | ✗ Errors: 0 | ⏱ Avg: 0.0s | ⏳ 4:58 left
                                                                       
🤖 Running: 5 | ✓ Completed: 0 | ✗ Errors: 0 | ⏱ Avg: 0.0s | ⏳ 4:58 left
                                                                       
🤖 Running: 6 | ✓ Completed: 0 | ✗ Errors: 0 | ⏱ Avg: 0.0s | ⏳ 4:58 left
                                                                       
🤖 Running: 7 | ✓ Completed: 0 | ✗ Errors: 0 | ⏱ Avg: 0.0s | ⏳ 4:57 left
                                                                       
🤖 Running: 8 | ✓ Completed: 0 | ✗ Errors: 0 | ⏱ Avg: 0.0s | ⏳ 4:57 left
                                                                       
🤖 Running: 9 | ✓ Completed: 0 | ✗ Errors: 0 | ⏱ Avg: 0.0s | ⏳ 4:57 left
                                                                       
🤖 Running: 10 | ✓ Completed: 0 | ✗ Errors: 0 | ⏱ Avg: 0.0s | ⏳ 4:57 left
                                                                        
🤖 Running: 11 | ✓ Completed: 0 | ✗ Errors: 0 | ⏱ Avg: 0.0s | ⏳ 4:56 left
                                                                        
🤖 Running: 12 | ✓ Completed: 0 | ✗ Errors: 0 | ⏱ Avg: 0.0s | ⏳ 4:56 left
                                                                        
🤖 Running: 13 | ✓ Completed: 0 | ✗ Errors: 0 | ⏱ Avg: 0.0s | ⏳ 4:56 left
                                                                        
🤖 Running: 14 | ✓ Completed: 0 | ✗ Errors: 0 | ⏱ Avg: 0.0s | ⏳ 4:55 left
                                                                        
🤖 Running: 15 | ✓ Completed: 0 | ✗ Errors: 0 | ⏱ Avg: 0.0s | ⏳ 4:55 left
                                                                        
🤖 Running: 16 | ✓ Completed: 0 | ✗ Errors: 0 | ⏱ Avg: 0.0s | ⏳ 4:55 left
                                                                        
🤖 Running: 17 | ✓ Completed: 0 | ✗ Errors: 0 | ⏱ Avg: 0.0s | ⏳ 4:54 left
                                                                        
🤖 Running: 18 | ✓ Completed: 0 | ✗ Errors: 0 | ⏱ Avg: 0.0s | ⏳ 4:54 left
                                                                        
🤖 Running: 19 | ✓ Completed: 0 | ✗ Errors: 0 | ⏱ Avg: 0.0s | ⏳ 4:54 left
                                                                        
🤖 Running: 20 | ✓ Completed: 0 | ✗ Errors: 0 | ⏱ Avg: 0.0s | ⏳ 4:53 left
                                                                        
🤖 Running: 21 | ✓ Completed: 0 | ✗ Errors: 0 | ⏱ Avg: 0.0s | ⏳ 4:53 left
                                                                        
🤖 Running: 22 | ✓ Completed: 0 | ✗ Errors: 0 | ⏱ Avg: 0.0s | ⏳ 4:52 left
                                                                        
🤖 Running: 23 | ✓ Completed: 0 | ✗ Errors: 0 | ⏱ Avg: 0.0s | ⏳ 4:52 left
                                                                        
🤖 Running: 24 | ✓ Completed: 0 | ✗ Errors: 0 | ⏱ Avg: 0.0s | ⏳ 4:52 left
                                                                        
🤖 Running: 25 | ✓ Completed: 0 | ✗ Errors: 0 | ⏱ Avg: 0.0s | ⏳ 4:51 left
                                                                        
🤖 Running: 26 | ✓ Completed: 0 | ✗ Errors: 0 | ⏱ Avg: 0.0s | ⏳ 4:51 left
                                                                        
🤖 Running: 27 | ✓ Completed: 0 | ✗ Errors: 0 | ⏱ Avg: 0.0s | ⏳ 4:50 left
                                                                        
🤖 Running: 28 | ✓ Completed: 0 | ✗ Errors: 0 | ⏱ Avg: 0.0s | ⏳ 4:50 left
                                                                        
🤖 Running: 29 | ✓ Completed: 0 | ✗ Errors: 0 | ⏱ Avg: 0.0s | ⏳ 4:49 left
                                                                        
🤖 Running: 30 | ✓ Completed: 0 | ✗ Errors: 0 | ⏱ Avg: 0.0s | ⏳ 4:49 left
                                                                        
🤖 Running: 31 | ✓ Completed: 0 | ✗ Errors: 0 | ⏱ Avg: 0.0s | ⏳ 4:49 left
                                                                        
🤖 Running: 32 | ✓ Completed: 0 | ✗ Errors: 0 | ⏱ Avg: 0.0s | ⏳ 4:48 left
                                                                        
🤖 Running: 33 | ✓ Completed: 0 | ✗ Errors: 0 | ⏱ Avg: 0.0s | ⏳ 4:48 left
                                                                        
🤖 Running: 34 | ✓ Completed: 0 | ✗ Errors: 0 | ⏱ Avg: 0.0s | ⏳ 4:48 left
                                                                        
🤖 Running: 35 | ✓ Completed: 0 | ✗ Errors: 0 | ⏱ Avg: 0.0s | ⏳ 4:47 left
                                                                        
🤖 Running: 36 | ✓ Completed: 0 | ✗ Errors: 0 | ⏱ Avg: 0.0s | ⏳ 4:47 left
                                                                        
🤖 Running: 37 | ✓ Completed: 0 | ✗ Errors: 0 | ⏱ Avg: 0.0s | ⏳ 4:47 left
                                                                        
🤖 Running: 38 | ✓ Completed: 0 | ✗ Errors: 0 | ⏱ Avg: 0.0s | ⏳ 4:46 left
                                                                        
🤖 Running: 39 | ✓ Completed: 0 | ✗ Errors: 0 | ⏱ Avg: 0.0s | ⏳ 4:46 left
                                                                        
🤖 Running: 40 | ✓ Completed: 0 | ✗ Errors: 0 | ⏱ Avg: 0.0s | ⏳ 4:46 left
                                                                        
🤖 Running: 40 | ✓ Completed: 0 | ✗ Errors: 0 | ⏱ Avg: 0.0s | ⏳ 4:44 left
                                                                        
🤖 Running: 40 | ✓ Completed: 0 | ✗ Errors: 0 | ⏱ Avg: 0.0s | ⏳ 4:42 left
                                                                        
🤖 Running: 40 | ✓ Completed: 0 | ✗ Errors: 0 | ⏱ Avg: 0.0s | ⏳ 4:40 left
                                                                        
🤖 Running: 40 | ✓ Completed: 0 | ✗ Errors: 0 | ⏱ Avg: 0.0s | ⏳ 4:38 left
                                                                        
🤖 Running: 40 | ✓ Completed: 0 | ✗ Errors: 0 | ⏱ Avg: 0.0s | ⏳ 4:36 left
                                                                        
🤖 Running: 40 | ✓ Completed: 0 | ✗ Errors: 0 | ⏱ Avg: 0.0s | ⏳ 4:34 left
                                                                        
🤖 Running: 40 | ✓ Completed: 0 | ✗ Errors: 0 | ⏱ Avg: 0.0s | ⏳ 4:31 left
                                                                        
🤖 Running: 40 | ✓ Completed: 0 | ✗ Errors: 0 | ⏱ Avg: 0.0s | ⏳ 4:29 left
                                                                        
🤖 Running: 40 | ✓ Completed: 0 | ✗ Errors: 0 | ⏱ Avg: 0.0s | ⏳ 4:27 left
                                                                        
🤖 Running: 40 | ✓ Completed: 0 | ✗ Errors: 0 | ⏱ Avg: 0.0s | ⏳ 4:25 left
                                                                        
🤖 Running: 40 | ✓ Completed: 0 | ✗ Errors: 0 | ⏱ Avg: 0.0s | ⏳ 4:23 left
                                                                        
🤖 Running: 40 | ✓ Completed: 0 | ✗ Errors: 0 | ⏱ Avg: 0.0s | ⏳ 4:21 left
                                                                        
🤖 Running: 40 | ✓ Completed: 0 | ✗ Errors: 0 | ⏱ Avg: 0.0s | ⏳ 4:19 left
                                                                        
🤖 Running: 40 | ✓ Completed: 0 | ✗ Errors: 0 | ⏱ Avg: 0.0s | ⏳ 4:17 left
                                                                        
🤖 Running: 40 | ✓ Completed: 0 | ✗ Errors: 0 | ⏱ Avg: 0.0s | ⏳ 4:15 left
                                                                        
🤖 Running: 40 | ✓ Completed: 1 | ✗ Errors: 0 | ⏱ Avg: 30.4s | ⏳ 4:15 left
                                                                         
🤖 Running: 40 | ✓ Completed: 2 | ✗ Errors: 0 | ⏱ Avg: 29.8s | ⏳ 4:14 left
                                                                         
🤖 Running: 40 | ✓ Completed: 2 | ✗ Errors: 0 | ⏱ Avg: 29.8s | ⏳ 4:12 left
                                                                         
🤖 Running: 40 | ✓ Completed: 2 | ✗ Errors: 0 | ⏱ Avg: 29.8s | ⏳ 4:10 left
                                                                         
🤖 Running: 40 | ✓ Completed: 2 | ✗ Errors: 0 | ⏱ Avg: 29.8s | ⏳ 4:08 left
                                                                         
🤖 Running: 40 | ✓ Completed: 3 | ✗ Errors: 0 | ⏱ Avg: 32.6s | ⏳ 4:07 left
                                                                         
🤖 Running: 39 | ✓ Completed: 4 | ✗ Errors: 0 | ⏱ Avg: 34.5s | ⏳ 4:05 left
                                                                         
🤖 Running: 40 | ✓ Completed: 4 | ✗ Errors: 0 | ⏱ Avg: 34.5s | ⏳ 4:05 left
                                                                         
🤖 Running: 40 | ✓ Completed: 4 | ✗ Errors: 0 | ⏱ Avg: 34.5s | ⏳ 4:03 left
                                                                         
🤖 Running: 40 | ✓ Completed: 4 | ✗ Errors: 0 | ⏱ Avg: 34.5s | ⏳ 4:01 left
                                                                         
🤖 Running: 40 | ✓ Completed: 4 | ✗ Errors: 0 | ⏱ Avg: 34.5s | ⏳ 3:59 left
                                                                         
🤖 Running: 40 | ✓ Completed: 5 | ✗ Errors: 0 | ⏱ Avg: 36.5s | ⏳ 3:58 left
                                                                         
🤖 Running: 40 | ✓ Completed: 5 | ✗ Errors: 0 | ⏱ Avg: 36.5s | ⏳ 3:56 left
                                                                         
🤖 Running: 39 | ✓ Completed: 6 | ✗ Errors: 0 | ⏱ Avg: 40.6s | ⏳ 3:54 left
                                                                         
🤖 Running: 40 | ✓ Completed: 6 | ✗ Errors: 0 | ⏱ Avg: 40.6s | ⏳ 3:54 left
                                                                         
🤖 Running: 40 | ✓ Completed: 6 | ✗ Errors: 0 | ⏱ Avg: 40.6s | ⏳ 3:52 left
                                                                         
🤖 Running: 40 | ✓ Completed: 7 | ✗ Errors: 0 | ⏱ Avg: 45.6s | ⏳ 3:52 left
                                                                         
🤖 Running: 40 | ✓ Completed: 8 | ✗ Errors: 0 | ⏱ Avg: 48.9s | ⏳ 3:51 left
                                                                         
🤖 Running: 40 | ✓ Completed: 8 | ✗ Errors: 0 | ⏱ Avg: 48.9s | ⏳ 3:48 left
                                                                         
🤖 Running: 40 | ✓ Completed: 9 | ✗ Errors: 0 | ⏱ Avg: 52.0s | ⏳ 3:47 left
                                                                         
🤖 Running: 40 | ✓ Completed: 10 | ✗ Errors: 0 | ⏱ Avg: 54.7s | ⏳ 3:45 left
                                                                          
🤖 Running: 40 | ✓ Completed: 10 | ✗ Errors: 0 | ⏱ Avg: 54.7s | ⏳ 3:43 left
                                                                          
🤖 Running: 40 | ✓ Completed: 11 | ✗ Errors: 0 | ⏱ Avg: 57.1s | ⏳ 3:42 left
                                                                          
🤖 Running: 40 | ✓ Completed: 11 | ✗ Errors: 0 | ⏱ Avg: 57.1s | ⏳ 3:40 left
                                                                          
🤖 Running: 40 | ✓ Completed: 11 | ✗ Errors: 0 | ⏱ Avg: 57.1s | ⏳ 3:38 left
                                                                          
🤖 Running: 40 | ✓ Completed: 11 | ✗ Errors: 0 | ⏱ Avg: 57.1s | ⏳ 3:36 left
                                                                          
🤖 Running: 40 | ✓ Completed: 12 | ✗ Errors: 0 | ⏱ Avg: 60.2s | ⏳ 3:36 left
                                                                          
🤖 Running: 40 | ✓ Completed: 12 | ✗ Errors: 0 | ⏱ Avg: 60.2s | ⏳ 3:34 left
                                                                          
🤖 Running: 40 | ✓ Completed: 12 | ✗ Errors: 0 | ⏱ Avg: 60.2s | ⏳ 3:32 left
                                                                          
🤖 Running: 40 | ✓ Completed: 13 | ✗ Errors: 0 | ⏱ Avg: 63.8s | ⏳ 3:31 left
                                                                          
🤖 Running: 40 | ✓ Completed: 14 | ✗ Errors: 0 | ⏱ Avg: 67.1s | ⏳ 3:30 left
                                                                          
🤖 Running: 40 | ✓ Completed: 15 | ✗ Errors: 0 | ⏱ Avg: 64.2s | ⏳ 3:29 left
                                                                          
🤖 Running: 40 | ✓ Completed: 16 | ✗ Errors: 0 | ⏱ Avg: 66.8s | ⏳ 3:29 left
                                                                          
🤖 Running: 40 | ✓ Completed: 17 | ✗ Errors: 0 | ⏱ Avg: 68.4s | ⏳ 3:27 left
                                                                          
🤖 Running: 40 | ✓ Completed: 17 | ✗ Errors: 0 | ⏱ Avg: 68.4s | ⏳ 3:25 left
                                                                          
🤖 Running: 40 | ✓ Completed: 18 | ✗ Errors: 0 | ⏱ Avg: 69.2s | ⏳ 3:25 left
                                                                          
🤖 Running: 40 | ✓ Completed: 18 | ✗ Errors: 0 | ⏱ Avg: 69.2s | ⏳ 3:23 left
                                                                          
🤖 Running: 40 | ✓ Completed: 19 | ✗ Errors: 0 | ⏱ Avg: 71.1s | ⏳ 3:22 left
                                                                          
🤖 Running: 40 | ✓ Completed: 20 | ✗ Errors: 0 | ⏱ Avg: 78.4s | ⏳ 3:22 left
                                                                          
🤖 Running: 40 | ✓ Completed: 20 | ✗ Errors: 0 | ⏱ Avg: 78.4s | ⏳ 3:20 left
                                                                          
🤖 Running: 40 | ✓ Completed: 20 | ✗ Errors: 0 | ⏱ Avg: 78.4s | ⏳ 3:18 left
                                                                          
🤖 Running: 40 | ✓ Completed: 21 | ✗ Errors: 0 | ⏱ Avg: 80.9s | ⏳ 3:17 left
                                                                          
🤖 Running: 40 | ✓ Completed: 21 | ✗ Errors: 0 | ⏱ Avg: 80.9s | ⏳ 3:15 left
                                                                          
🤖 Running: 40 | ✓ Completed: 22 | ✗ Errors: 0 | ⏱ Avg: 83.8s | ⏳ 3:13 left
                                                                          
🤖 Running: 40 | ✓ Completed: 23 | ✗ Errors: 0 | ⏱ Avg: 87.2s | ⏳ 3:12 left
                                                                          
🤖 Running: 40 | ✓ Completed: 24 | ✗ Errors: 0 | ⏱ Avg: 89.5s | ⏳ 3:12 left
                                                                          
🤖 Running: 40 | ✓ Completed: 24 | ✗ Errors: 0 | ⏱ Avg: 89.5s | ⏳ 3:10 left
                                                                          
🤖 Running: 40 | ✓ Completed: 24 | ✗ Errors: 0 | ⏱ Avg: 89.5s | ⏳ 3:08 left
                                                                          
🤖 Running: 40 | ✓ Completed: 25 | ✗ Errors: 0 | ⏱ Avg: 93.0s | ⏳ 3:07 left
                                                                          
🤖 Running: 40 | ✓ Completed: 25 | ✗ Errors: 0 | ⏱ Avg: 93.0s | ⏳ 3:05 left
                                                                          
🤖 Running: 40 | ✓ Completed: 25 | ✗ Errors: 0 | ⏱ Avg: 93.0s | ⏳ 3:03 left
                                                                          
🤖 Running: 40 | ✓ Completed: 25 | ✗ Errors: 0 | ⏱ Avg: 93.0s | ⏳ 3:01 left
                                                                          
🤖 Running: 40 | ✓ Completed: 26 | ✗ Errors: 0 | ⏱ Avg: 84.1s | ⏳ 2:59 left
                                                                          
🤖 Running: 40 | ✓ Completed: 26 | ✗ Errors: 0 | ⏱ Avg: 84.1s | ⏳ 2:57 left
                                                                          
🤖 Running: 40 | ✓ Completed: 26 | ✗ Errors: 0 | ⏱ Avg: 84.1s | ⏳ 2:55 left
                                                                          
🤖 Running: 40 | ✓ Completed: 26 | ✗ Errors: 0 | ⏱ Avg: 84.1s | ⏳ 2:53 left
                                                                          
🤖 Running: 40 | ✓ Completed: 26 | ✗ Errors: 0 | ⏱ Avg: 84.1s | ⏳ 2:51 left
                                                                          
🤖 Running: 40 | ✓ Completed: 27 | ✗ Errors: 0 | ⏱ Avg: 88.4s | ⏳ 2:51 left
                                                                          
🤖 Running: 40 | ✓ Completed: 28 | ✗ Errors: 0 | ⏱ Avg: 77.2s | ⏳ 2:50 left
                                                                          
🤖 Running: 40 | ✓ Completed: 29 | ✗ Errors: 0 | ⏱ Avg: 81.9s | ⏳ 2:48 left
                                                                          
🤖 Running: 40 | ✓ Completed: 29 | ✗ Errors: 0 | ⏱ Avg: 81.9s | ⏳ 2:46 left
                                                                          
🤖 Running: 40 | ✓ Completed: 31 | ✗ Errors: 0 | ⏱ Avg: 100.5s | ⏳ 2:45 left
                                                                           
🤖 Running: 40 | ✓ Completed: 31 | ✗ Errors: 0 | ⏱ Avg: 100.5s | ⏳ 2:43 left
                                                                           
🤖 Running: 40 | ✓ Completed: 31 | ✗ Errors: 0 | ⏱ Avg: 100.5s | ⏳ 2:41 left
                                                                           
🤖 Running: 40 | ✓ Completed: 32 | ✗ Errors: 0 | ⏱ Avg: 102.6s | ⏳ 2:40 left
                                                                           
🤖 Running: 40 | ✓ Completed: 32 | ✗ Errors: 0 | ⏱ Avg: 102.6s | ⏳ 2:38 left
                                                                           
🤖 Running: 40 | ✓ Completed: 33 | ✗ Errors: 0 | ⏱ Avg: 105.5s | ⏳ 2:36 left
                                                                           
🤖 Running: 40 | ✓ Completed: 34 | ✗ Errors: 0 | ⏱ Avg: 97.6s | ⏳ 2:36 left
                                                                          
🤖 Running: 40 | ✓ Completed: 35 | ✗ Errors: 0 | ⏱ Avg: 89.2s | ⏳ 2:35 left
                                                                          
🤖 Running: 40 | ✓ Completed: 36 | ✗ Errors: 0 | ⏱ Avg: 79.1s | ⏳ 2:34 left
                                                                          
🤖 Running: 40 | ✓ Completed: 36 | ✗ Errors: 0 | ⏱ Avg: 79.1s | ⏳ 2:32 left
                                                                          
🤖 Running: 40 | ✓ Completed: 37 | ✗ Errors: 0 | ⏱ Avg: 80.8s | ⏳ 2:32 left
                                                                          
🤖 Running: 40 | ✓ Completed: 38 | ✗ Errors: 0 | ⏱ Avg: 83.1s | ⏳ 2:31 left
                                                                          
🤖 Running: 40 | ✓ Completed: 38 | ✗ Errors: 0 | ⏱ Avg: 83.1s | ⏳ 2:29 left
                                                                          
🤖 Running: 40 | ✓ Completed: 38 | ✗ Errors: 0 | ⏱ Avg: 83.1s | ⏳ 2:27 left
                                                                          
🤖 Running: 40 | ✓ Completed: 39 | ✗ Errors: 0 | ⏱ Avg: 95.3s | ⏳ 2:27 left
                                                                          
🤖 Running: 40 | ✓ Completed: 40 | ✗ Errors: 0 | ⏱ Avg: 107.5s | ⏳ 2:25 left
                                                                           
🤖 Running: 40 | ✓ Completed: 41 | ✗ Errors: 0 | ⏱ Avg: 104.3s | ⏳ 2:25 left
                                                                           
🤖 Running: 40 | ✓ Completed: 41 | ✗ Errors: 0 | ⏱ Avg: 104.3s | ⏳ 2:23 left
                                                                           
🤖 Running: 40 | ✓ Completed: 41 | ✗ Errors: 0 | ⏱ Avg: 104.3s | ⏳ 2:21 left
                                                                           
🤖 Running: 40 | ✓ Completed: 41 | ✗ Errors: 0 | ⏱ Avg: 104.3s | ⏳ 2:19 left
                                                                           
🤖 Running: 40 | ✓ Completed: 41 | ✗ Errors: 0 | ⏱ Avg: 104.3s | ⏳ 2:17 left
                                                                           
🤖 Running: 40 | ✓ Completed: 41 | ✗ Errors: 0 | ⏱ Avg: 104.3s | ⏳ 2:15 left
                                                                           
🤖 Running: 40 | ✓ Completed: 42 | ✗ Errors: 0 | ⏱ Avg: 88.0s | ⏳ 2:13 left
                                                                          
🤖 Running: 40 | ✓ Completed: 43 | ✗ Errors: 0 | ⏱ Avg: 99.6s | ⏳ 2:13 left
                                                                          
🤖 Running: 40 | ✓ Completed: 43 | ✗ Errors: 0 | ⏱ Avg: 99.6s | ⏳ 2:11 left
                                                                          
🤖 Running: 40 | ✓ Completed: 44 | ✗ Errors: 0 | ⏱ Avg: 86.9s | ⏳ 2:09 left
                                                                          
🤖 Running: 40 | ✓ Completed: 45 | ✗ Errors: 0 | ⏱ Avg: 93.4s | ⏳ 2:09 left
                                                                          
🤖 Running: 40 | ✓ Completed: 46 | ✗ Errors: 0 | ⏱ Avg: 114.9s | ⏳ 2:08 left
                                                                           
🤖 Running: 40 | ✓ Completed: 47 | ✗ Errors: 0 | ⏱ Avg: 126.4s | ⏳ 2:07 left
                                                                           
🤖 Running: 40 | ✓ Completed: 47 | ✗ Errors: 0 | ⏱ Avg: 126.4s | ⏳ 2:05 left
                                                                           
🤖 Running: 40 | ✓ Completed: 47 | ✗ Errors: 0 | ⏱ Avg: 126.4s | ⏳ 2:03 left
                                                                           
🤖 Running: 40 | ✓ Completed: 48 | ✗ Errors: 0 | ⏱ Avg: 134.6s | ⏳ 2:02 left
                                                                           
🤖 Running: 40 | ✓ Completed: 49 | ✗ Errors: 0 | ⏱ Avg: 141.3s | ⏳ 2:01 left
                                                                           
🤖 Running: 40 | ✓ Completed: 50 | ✗ Errors: 0 | ⏱ Avg: 140.5s | ⏳ 2:00 left
                                                                           
🤖 Running: 39 | ✓ Completed: 51 | ✗ Errors: 0 | ⏱ Avg: 115.3s | ⏳ 1:58 left
                                                                           
🤖 Running: 40 | ✓ Completed: 51 | ✗ Errors: 0 | ⏱ Avg: 115.3s | ⏳ 1:58 left
                                                                           
🤖 Running: 40 | ✓ Completed: 51 | ✗ Errors: 0 | ⏱ Avg: 115.3s | ⏳ 1:56 left
                                                                           
🤖 Running: 40 | ✓ Completed: 52 | ✗ Errors: 0 | ⏱ Avg: 127.3s | ⏳ 1:55 left
                                                                           
🤖 Running: 40 | ✓ Completed: 52 | ✗ Errors: 0 | ⏱ Avg: 127.3s | ⏳ 1:53 left
                                                                           
🤖 Running: 40 | ✓ Completed: 52 | ✗ Errors: 0 | ⏱ Avg: 127.3s | ⏳ 1:51 left
                                                                           
🤖 Running: 40 | ✓ Completed: 52 | ✗ Errors: 0 | ⏱ Avg: 127.3s | ⏳ 1:49 left
                                                                           
🤖 Running: 40 | ✓ Completed: 53 | ✗ Errors: 0 | ⏱ Avg: 108.8s | ⏳ 1:49 left
                                                                           
🤖 Running: 40 | ✓ Completed: 53 | ✗ Errors: 0 | ⏱ Avg: 108.8s | ⏳ 1:47 left
                                                                           
🤖 Running: 40 | ✓ Completed: 54 | ✗ Errors: 0 | ⏱ Avg: 104.1s | ⏳ 1:47 left
                                                                           
🤖 Running: 39 | ✓ Completed: 55 | ✗ Errors: 0 | ⏱ Avg: 107.2s | ⏳ 1:45 left
                                                                           
🤖 Running: 40 | ✓ Completed: 55 | ✗ Errors: 0 | ⏱ Avg: 107.2s | ⏳ 1:44 left
                                                                           
🤖 Running: 40 | ✓ Completed: 56 | ✗ Errors: 0 | ⏱ Avg: 125.3s | ⏳ 1:43 left
                                                                           
🤖 Running: 40 | ✓ Completed: 57 | ✗ Errors: 0 | ⏱ Avg: 109.2s | ⏳ 1:41 left
                                                                           
🤖 Running: 40 | ✓ Completed: 58 | ✗ Errors: 0 | ⏱ Avg: 131.9s | ⏳ 1:40 left
                                                                           
🤖 Running: 40 | ✓ Completed: 59 | ✗ Errors: 0 | ⏱ Avg: 136.6s | ⏳ 1:39 left
                                                                           
🤖 Running: 40 | ✓ Completed: 60 | ✗ Errors: 0 | ⏱ Avg: 112.6s | ⏳ 1:38 left
                                                                           
🤖 Running: 40 | ✓ Completed: 60 | ✗ Errors: 0 | ⏱ Avg: 112.6s | ⏳ 1:35 left
                                                                           
🤖 Running: 40 | ✓ Completed: 60 | ✗ Errors: 0 | ⏱ Avg: 112.6s | ⏳ 1:33 left
                                                                           
🤖 Running: 40 | ✓ Completed: 60 | ✗ Errors: 0 | ⏱ Avg: 112.6s | ⏳ 1:31 left
                                                                           
🤖 Running: 40 | ✓ Completed: 61 | ✗ Errors: 0 | ⏱ Avg: 118.7s | ⏳ 1:31 left
                                                                           
🤖 Running: 40 | ✓ Completed: 61 | ✗ Errors: 0 | ⏱ Avg: 118.7s | ⏳ 1:29 left
                                                                           
🤖 Running: 40 | ✓ Completed: 61 | ✗ Errors: 0 | ⏱ Avg: 118.7s | ⏳ 1:27 left
                                                                           
🤖 Running: 40 | ✓ Completed: 61 | ✗ Errors: 0 | ⏱ Avg: 118.7s | ⏳ 1:25 left
                                                                           
🤖 Running: 40 | ✓ Completed: 61 | ✗ Errors: 0 | ⏱ Avg: 118.7s | ⏳ 1:23 left
                                                                           
🤖 Running: 40 | ✓ Completed: 61 | ✗ Errors: 0 | ⏱ Avg: 118.7s | ⏳ 1:21 left
                                                                           
🤖 Running: 40 | ✓ Completed: 61 | ✗ Errors: 0 | ⏱ Avg: 118.7s | ⏳ 1:19 left
                                                                           
🤖 Running: 40 | ✓ Completed: 62 | ✗ Errors: 0 | ⏱ Avg: 116.0s | ⏳ 1:19 left
                                                                           
🤖 Running: 40 | ✓ Completed: 62 | ✗ Errors: 0 | ⏱ Avg: 116.0s | ⏳ 1:17 left
                                                                           
🤖 Running: 40 | ✓ Completed: 63 | ✗ Errors: 0 | ⏱ Avg: 95.4s | ⏳ 1:15 left
                                                                          
🤖 Running: 40 | ✓ Completed: 64 | ✗ Errors: 0 | ⏱ Avg: 84.1s | ⏳ 1:15 left
                                                                          
🤖 Running: 40 | ✓ Completed: 64 | ✗ Errors: 0 | ⏱ Avg: 84.1s | ⏳ 1:12 left
                                                                          
🤖 Running: 40 | ✓ Completed: 64 | ✗ Errors: 0 | ⏱ Avg: 84.1s | ⏳ 1:10 left
                                                                          
🤖 Running: 40 | ✓ Completed: 65 | ✗ Errors: 0 | ⏱ Avg: 86.8s | ⏳ 1:10 left
                                                                          
🤖 Running: 40 | ✓ Completed: 65 | ✗ Errors: 0 | ⏱ Avg: 86.8s | ⏳ 1:08 left
                                                                          
🤖 Running: 40 | ✓ Completed: 65 | ✗ Errors: 0 | ⏱ Avg: 86.8s | ⏳ 1:06 left
                                                                          
🤖 Running: 40 | ✓ Completed: 66 | ✗ Errors: 0 | ⏱ Avg: 68.7s | ⏳ 1:05 left
                                                                          
🤖 Running: 40 | ✓ Completed: 67 | ✗ Errors: 0 | ⏱ Avg: 62.1s | ⏳ 1:04 left
                                                                          
🤖 Running: 40 | ✓ Completed: 67 | ✗ Errors: 0 | ⏱ Avg: 62.1s | ⏳ 1:02 left
                                                                          
🤖 Running: 40 | ✓ Completed: 67 | ✗ Errors: 0 | ⏱ Avg: 62.1s | ⏳ 1:00 left
                                                                          
🤖 Running: 40 | ✓ Completed: 68 | ✗ Errors: 0 | ⏱ Avg: 63.0s | ⏳ 0:59 left
                                                                          
🤖 Running: 40 | ✓ Completed: 68 | ✗ Errors: 0 | ⏱ Avg: 63.0s | ⏳ 0:57 left
                                                                          
🤖 Running: 40 | ✓ Completed: 69 | ✗ Errors: 0 | ⏱ Avg: 67.8s | ⏳ 0:57 left
                                                                          
🤖 Running: 40 | ✓ Completed: 70 | ✗ Errors: 0 | ⏱ Avg: 75.7s | ⏳ 0:56 left
                                                                          
🤖 Running: 40 | ✓ Completed: 71 | ✗ Errors: 0 | ⏱ Avg: 72.2s | ⏳ 0:54 left
                                                                          
🤖 Running: 40 | ✓ Completed: 72 | ✗ Errors: 0 | ⏱ Avg: 86.3s | ⏳ 0:53 left
                                                                          
🤖 Running: 40 | ✓ Completed: 72 | ✗ Errors: 0 | ⏱ Avg: 86.3s | ⏳ 0:51 left
                                                                          
🤖 Running: 40 | ✓ Completed: 72 | ✗ Errors: 0 | ⏱ Avg: 86.3s | ⏳ 0:49 left
                                                                          
🤖 Running: 40 | ✓ Completed: 73 | ✗ Errors: 0 | ⏱ Avg: 100.0s | ⏳ 0:49 left
                                                                           
🤖 Running: 40 | ✓ Completed: 73 | ✗ Errors: 0 | ⏱ Avg: 100.0s | ⏳ 0:46 left
                                                                           
🤖 Running: 39 | ✓ Completed: 74 | ✗ Errors: 0 | ⏱ Avg: 96.0s | ⏳ 0:44 left
                                                                          
🤖 Running: 40 | ✓ Completed: 74 | ✗ Errors: 0 | ⏱ Avg: 96.0s | ⏳ 0:44 left
                                                                          
🤖 Running: 40 | ✓ Completed: 75 | ✗ Errors: 0 | ⏱ Avg: 87.1s | ⏳ 0:44 left
                                                                          
🤖 Running: 40 | ✓ Completed: 76 | ✗ Errors: 0 | ⏱ Avg: 110.6s | ⏳ 0:44 left
                                                                           
🤖 Running: 40 | ✓ Completed: 77 | ✗ Errors: 0 | ⏱ Avg: 135.6s | ⏳ 0:43 left
                                                                           
🤖 Running: 40 | ✓ Completed: 78 | ✗ Errors: 0 | ⏱ Avg: 146.0s | ⏳ 0:41 left
                                                                           
🤖 Running: 40 | ✓ Completed: 78 | ✗ Errors: 0 | ⏱ Avg: 146.0s | ⏳ 0:39 left
                                                                           
🤖 Running: 40 | ✓ Completed: 78 | ✗ Errors: 0 | ⏱ Avg: 146.0s | ⏳ 0:37 left
                                                                           
🤖 Running: 40 | ✓ Completed: 79 | ✗ Errors: 0 | ⏱ Avg: 168.1s | ⏳ 0:36 left
                                                                           
🤖 Running: 39 | ✓ Completed: 80 | ✗ Errors: 0 | ⏱ Avg: 170.8s | ⏳ 0:34 left
                                                                           
🤖 Running: 40 | ✓ Completed: 80 | ✗ Errors: 0 | ⏱ Avg: 170.8s | ⏳ 0:34 left
                                                                           
🤖 Running: 39 | ✓ Completed: 81 | ✗ Errors: 0 | ⏱ Avg: 174.0s | ⏳ 0:31 left
                                                                           
🤖 Running: 40 | ✓ Completed: 81 | ✗ Errors: 0 | ⏱ Avg: 174.0s | ⏳ 0:31 left
                                                                           
🤖 Running: 40 | ✓ Completed: 81 | ✗ Errors: 0 | ⏱ Avg: 174.0s | ⏳ 0:29 left
                                                                           
🤖 Running: 40 | ✓ Completed: 82 | ✗ Errors: 0 | ⏱ Avg: 144.3s | ⏳ 0:28 left
                                                                           
🤖 Running: 40 | ✓ Completed: 83 | ✗ Errors: 0 | ⏱ Avg: 118.1s | ⏳ 0:28 left
                                                                           
🤖 Running: 40 | ✓ Completed: 84 | ✗ Errors: 0 | ⏱ Avg: 93.2s | ⏳ 0:27 left
                                                                          
🤖 Running: 40 | ✓ Completed: 84 | ✗ Errors: 0 | ⏱ Avg: 93.2s | ⏳ 0:25 left
                                                                          
🤖 Running: 40 | ✓ Completed: 84 | ✗ Errors: 0 | ⏱ Avg: 93.2s | ⏳ 0:23 left
                                                                          
🤖 Running: 40 | ✓ Completed: 84 | ✗ Errors: 0 | ⏱ Avg: 93.2s | ⏳ 0:21 left
                                                                          
🤖 Running: 40 | ✓ Completed: 85 | ✗ Errors: 0 | ⏱ Avg: 96.5s | ⏳ 0:21 left
                                                                          
🤖 Running: 40 | ✓ Completed: 85 | ✗ Errors: 0 | ⏱ Avg: 96.5s | ⏳ 0:19 left
                                                                          
🤖 Running: 40 | ✓ Completed: 86 | ✗ Errors: 0 | ⏱ Avg: 69.8s | ⏳ 0:18 left
                                                                          
🤖 Running: 40 | ✓ Completed: 86 | ✗ Errors: 0 | ⏱ Avg: 69.8s | ⏳ 0:16 left
                                                                          
🤖 Running: 40 | ✓ Completed: 87 | ✗ Errors: 0 | ⏱ Avg: 67.9s | ⏳ 0:15 left
                                                                          
🤖 Running: 40 | ✓ Completed: 88 | ✗ Errors: 0 | ⏱ Avg: 75.8s | ⏳ 0:14 left
                                                                          
🤖 Running: 40 | ✓ Completed: 88 | ✗ Errors: 0 | ⏱ Avg: 75.8s | ⏳ 0:12 left
                                                                          
🤖 Running: 40 | ✓ Completed: 89 | ✗ Errors: 0 | ⏱ Avg: 78.3s | ⏳ 0:11 left
                                                                          
🤖 Running: 40 | ✓ Completed: 90 | ✗ Errors: 0 | ⏱ Avg: 65.6s | ⏳ 0:10 left
                                                                          
🤖 Running: 40 | ✓ Completed: 91 | ✗ Errors: 0 | ⏱ Avg: 88.4s | ⏳ 0:10 left
                                                                          
🤖 Running: 40 | ✓ Completed: 91 | ✗ Errors: 0 | ⏱ Avg: 88.4s | ⏳ 0:08 left
                                                                          
🤖 Running: 39 | ✓ Completed: 92 | ✗ Errors: 0 | ⏱ Avg: 109.1s | ⏳ 0:06 left
                                                                           
🤖 Running: 40 | ✓ Completed: 92 | ✗ Errors: 0 | ⏱ Avg: 109.1s | ⏳ 0:06 left
                                                                           
🤖 Running: 40 | ✓ Completed: 92 | ✗ Errors: 0 | ⏱ Avg: 109.1s | ⏳ 0:04 left
                                                                           
🤖 Running: 40 | ✓ Completed: 92 | ✗ Errors: 0 | ⏱ Avg: 109.1s | ⏳ 0:02 left
                                                                           
🤖 Running: 40 | ✓ Completed: 92 | ✗ Errors: 0 | ⏱ Avg: 109.1s | ⏳ 0:00 left
                                                                                                                                                      
[92m✓ Test completed[0m
[1mTEST RESULTS (n=40 bots)[0m

[1m  BOT OUTCOMES[0m
  ------------------------------------
  Bots started               132
  Completed successfully      92
  Completed with error         0
  Timed out (still running)   40
  Completion rate            [93m70%[0m

[1m  BOT RUNTIMES[0m
  ------------------------------------
  Test duration            304.8s
  Avg runtime               85.6s
  Avg runtime (succeeded)   93.2s
  Avg runtime (timed out)   68.2s

[1m  BOT INIT TIMES (n=132):[0m
  ------------------------------------
  Median            1.211s
  95th percentile  11.467s
  Max              12.380s

[1m  REQUEST METRICS[0m
  ------------------------------------
  Total requests        2968
  Request errors           0
  Throughput      9.74 req/s

[1m  RESPONSE TIMES (n=2968)[0m
  ------------------------------------
  Median           0.103s
  95th percentile  0.276s
  99th percentile  0.553s
  Max              7.883s
  Mean             0.118s
  Std dev          0.329s

[1m  WAIT PAGE TIMES (n=92 pages)[0m
  ------------------------------------
  Median           0.0s
  95th percentile  0.0s
  Max              0.0s

[1m  TRIALS PER BOT (n=92 bots succeeded)[0m
  ------------------------------------
  Min     5
  Median  5
  Max     5

[1m  ASYNC PROCESS TIMES, 1 workers[0m
  ------------------------------------
  No completed async processes.


[1mCUMULATIVE PERFORMANCE TEST SUMMARY
[0m
  Resp P95 — P95 HTTP response time for key endpoints (/timeline, /response)
  Q P95 all — P95 queue delay across all async processes
  vs base — ratio to the first (lowest bot-count) row, if multiple counts are run

    || Bots    Succeeded    Requests    Req/s    Resp P95 (s)  Q P95 all (s)
  ---------  -----------  ----------  -------  --------------  ---------------
         40           92        2968      9.7           0.276  N/A

Bot output log: /tmp/psynet_bots_h6eqjeu6.log
Performance results (JSON): ../../evidence/performance.json
✓ Performance test completed
✓ Server stopped (log: /tmp/psynet_server_yke5vl2d.log)
