opening: http://127.0.0.1:5000/ad?generate_tokens=true&recruiter=hotair
saw: Thanks for your interest
clicked: Begin Experiment
switched to window: http://127.0.0.1:5000/consent?recruiter=hotair&hitId=UDG3MM&assignmentId=NXLE21&workerId=FXSGPM
after begin url: http://127.0.0.1:5000/consent?recruiter=hotair&hitId=UDG3MM&assignmentId=NXLE21&workerId=FXSGPM
after begin body: To proceed, click the button below. | Next
clicked: Next
saw: Repeated Prisoner's Dilemma
clicked: Next
saw: Quick check
selected: Copy my previous choice
choice submitted
saw: Round 1 of 6
selected: Cooperate
choice submitted
saw: Round 1 feedback
clicked: Next
saw: Round 2 of 6
selected: Defect
choice submitted
saw: Round 2 feedback
clicked: Next
saw: Round 3 of 6
selected: Cooperate
choice submitted
saw: Round 3 feedback
clicked: Next
saw: Round 4 of 6
selected: Cooperate
choice submitted
saw: Round 4 feedback
clicked: Next
saw: Round 5 of 6
selected: Defect
choice submitted
saw: Round 5 feedback
clicked: Next
saw: Round 6 of 6
selected: Cooperate
choice submitted
saw: Round 6 feedback
clicked: Next
saw: Game complete
saw: Final score: you 16, Alex 16.
clicked: Next
after final submit url: http://127.0.0.1:5000/timeline?unique_id=FXSGPM:NXLE21
after final submit body: 100% | That's the end of the experiment! You will receive a reward of $0.55 for the time you spent on the experiment. You have also been awarded a performance reward of $0.00! Thank you for taking part. | Please click "Finish" to finalize the session. | Finish | Reward: $0.55
clicked: Finish
after finish url: http://127.0.0.1:5000/recruiter-exit?participant_id=1
after finish body: HotAirRecruiter | You're finished! | Below is information you may need to receive compensation for your participation. | Assignment ID NXLE21 | Base Pay 0.8 | Bonus None | HIT ID UDG3MM
participant flow completed
